[0.018s] Invoking command in '/home/vf/Documents/ws_yolov5/build/usb_cam': CMAKE_PREFIX_PATH=${CMAKE_PREFIX_PATH}:/home/vf/Documents/ws_yolov5/install/yolov5_ros:/opt/ros/foxy /usr/bin/cmake /home/vf/Documents/ws_yolov5/src/usb_cam -DAMENT_CMAKE_SYMLINK_INSTALL=1 -DCMAKE_INSTALL_PREFIX=/home/vf/Documents/ws_yolov5/install/usb_cam
[0.063s] -- The C compiler identification is GNU 9.4.0
[0.102s] -- The CXX compiler identification is GNU 9.4.0
[0.105s] -- Check for working C compiler: /usr/bin/cc
[0.155s] -- Check for working C compiler: /usr/bin/cc -- works
[0.156s] -- Detecting C compiler ABI info
[0.208s] -- Detecting C compiler ABI info - done
[0.222s] -- Detecting C compile features
[0.222s] -- Detecting C compile features - done
[0.225s] -- Check for working CXX compiler: /usr/bin/c++
[0.289s] -- Check for working CXX compiler: /usr/bin/c++ -- works
[0.289s] -- Detecting CXX compiler ABI info
[0.351s] -- Detecting CXX compiler ABI info - done
[0.364s] -- Detecting CXX compile features
[0.365s] -- Detecting CXX compile features - done
[0.366s] -- Found ament_cmake_auto: 0.9.12 (/opt/ros/foxy/share/ament_cmake_auto/cmake)
[0.383s] -- Found PythonInterp: /usr/bin/python3 (found suitable version "3.8.10", minimum required is "3") 
[0.383s] -- Using PYTHON_EXECUTABLE: /usr/bin/python3
[0.535s] -- Override CMake install command with custom implementation using symlinks instead of copying resources
[0.627s] -- Using all available rosidl_typesupport_c: rosidl_typesupport_fastrtps_c;rosidl_typesupport_introspection_c
[0.631s] -- Found rosidl_adapter: 1.3.1 (/opt/ros/foxy/share/rosidl_adapter/cmake)
[0.689s] -- Found OpenSSL: /usr/lib/x86_64-linux-gnu/libcrypto.so (found version "1.1.1f")  
[0.713s] -- Found FastRTPS: /opt/ros/foxy/include  
[0.788s] -- Using all available rosidl_typesupport_cpp: rosidl_typesupport_fastrtps_cpp;rosidl_typesupport_introspection_cpp
[0.828s] -- Found rmw_implementation_cmake: 1.0.4 (/opt/ros/foxy/share/rmw_implementation_cmake/cmake)
[0.830s] -- Using RMW implementation 'rmw_fastrtps_cpp' as default
[0.830s] -- Looking for pthread.h
[0.885s] -- Looking for pthread.h - found
[0.885s] -- Performing Test CMAKE_HAVE_LIBC_PTHREAD
[0.939s] -- Performing Test CMAKE_HAVE_LIBC_PTHREAD - Failed
[0.939s] -- Looking for pthread_create in pthreads
[0.986s] -- Looking for pthread_create in pthreads - not found
[0.986s] -- Looking for pthread_create in pthread
[1.041s] -- Looking for pthread_create in pthread - found
[1.042s] -- Found Threads: TRUE  
[1.355s] -- Setting yaml-cpp_DIR to: '/opt/ros/foxy/share/yaml_cpp_vendor/cmake/../../../opt/yaml_cpp_vendor/lib/cmake/yaml-cpp'
[1.461s] -- Found OpenCV: /usr (found version "4.2.0") 
[1.465s] -- Found PkgConfig: /usr/bin/pkg-config (found version "0.29.1") 
[1.467s] -- Checking for module 'libavcodec'
[1.480s] --   Found libavcodec, version 58.54.100
[1.512s] -- Checking for module 'libavutil'
[1.530s] --   Found libavutil, version 56.31.100
[1.572s] -- Checking for module 'libswscale'
[1.587s] --   Found libswscale, version 5.5.100
[1.723s] -- Found ament_lint_auto: 0.9.8 (/opt/ros/foxy/share/ament_lint_auto/cmake)
[1.745s] -- Found gtest sources under '/opt/ros/foxy/src/gtest_vendor': C++ tests using 'Google Test' will be built
[1.749s] -- Check if compiler accepts -pthread
[1.832s] -- Check if compiler accepts -pthread - yes
[1.849s] -- Added test 'copyright' to check source files copyright and LICENSE
[1.855s] -- Added test 'cppcheck' to perform static code analysis on C / C++ code
[1.855s] -- Configured cppcheck include dirs: /home/vf/Documents/ws_yolov5/src/usb_cam/include
[1.855s] -- Configured cppcheck exclude dirs and/or files: 
[1.860s] -- Added test 'cpplint' to check C / C++ code against the Google style
[1.860s] -- Configured cpplint exclude dirs and/or files: 
[1.861s] -- Added test 'flake8' to check Python code syntax and style conventions
[1.863s] -- Added test 'lint_cmake' to check CMake code style
[1.864s] -- Added test 'pep257' to check Python code against some of the style conventions in PEP 257
[1.870s] -- Added test 'uncrustify' to check C / C++ code style
[1.870s] -- Configured uncrustify additional arguments: 
[1.871s] -- Added test 'xmllint' to check XML markup files
[1.879s] -- Configuring done
[1.942s] -- Generating done
[1.975s] -- Build files have been written to: /home/vf/Documents/ws_yolov5/build/usb_cam
[1.996s] Invoked command in '/home/vf/Documents/ws_yolov5/build/usb_cam' returned '0': CMAKE_PREFIX_PATH=${CMAKE_PREFIX_PATH}:/home/vf/Documents/ws_yolov5/install/yolov5_ros:/opt/ros/foxy /usr/bin/cmake /home/vf/Documents/ws_yolov5/src/usb_cam -DAMENT_CMAKE_SYMLINK_INSTALL=1 -DCMAKE_INSTALL_PREFIX=/home/vf/Documents/ws_yolov5/install/usb_cam
[1.999s] Invoking command in '/home/vf/Documents/ws_yolov5/build/usb_cam': CMAKE_PREFIX_PATH=${CMAKE_PREFIX_PATH}:/home/vf/Documents/ws_yolov5/install/yolov5_ros:/opt/ros/foxy /usr/bin/cmake --build /home/vf/Documents/ws_yolov5/build/usb_cam -- -j12 -l12
[2.077s] [35m[1mScanning dependencies of target usb_cam_node_exe[0m
[2.082s] [35m[1mScanning dependencies of target usb_cam[0m
[2.102s] [35m[1mScanning dependencies of target gtest_main[0m
[2.108s] [35m[1mScanning dependencies of target gtest[0m
[2.134s] [  7%] [32mBuilding CXX object CMakeFiles/usb_cam.dir/src/usb_cam.cpp.o[0m
[2.142s] [ 14%] [32mBuilding CXX object gtest/CMakeFiles/gtest_main.dir/src/gtest_main.cc.o[0m
[2.147s] [ 21%] [32mBuilding CXX object gtest/CMakeFiles/gtest.dir/src/gtest-all.cc.o[0m
[2.150s] [ 28%] [32mBuilding CXX object CMakeFiles/usb_cam_node_exe.dir/rclcpp_components/node_main_usb_cam_node_exe.cpp.o[0m
[3.386s] [ 35%] [32m[1mLinking CXX static library libgtest_main.a[0m
[3.417s] [ 35%] Built target gtest_main
[4.227s] [ 42%] [32m[1mLinking CXX shared library libusb_cam.so[0m
[4.430s] [ 42%] Built target usb_cam
[4.443s] [35m[1mScanning dependencies of target usb_cam_node[0m
[4.501s] [ 50%] [32mBuilding CXX object CMakeFiles/usb_cam_node.dir/src/usb_cam_node.cpp.o[0m
[5.126s] [ 57%] [32m[1mLinking CXX executable usb_cam_node_exe[0m
[5.457s] [ 57%] Built target usb_cam_node_exe
[6.157s] [ 64%] [32m[1mLinking CXX static library libgtest.a[0m
[6.202s] [ 64%] Built target gtest
[6.212s] [35m[1mScanning dependencies of target test_pixel_formats[0m
[6.212s] [35m[1mScanning dependencies of target test_usb_cam_utils[0m
[6.224s] [ 71%] [32mBuilding CXX object CMakeFiles/test_usb_cam_utils.dir/test/test_usb_cam_utils.cpp.o[0m
[6.235s] [ 78%] [32mBuilding CXX object CMakeFiles/test_pixel_formats.dir/test/test_pixel_formats.cpp.o[0m
[7.497s] [ 85%] [32m[1mLinking CXX executable test_usb_cam_utils[0m
[7.732s] [ 85%] Built target test_usb_cam_utils
[7.831s] [ 92%] [32m[1mLinking CXX executable test_pixel_formats[0m
[8.068s] [ 92%] Built target test_pixel_formats
[9.879s] [100%] [32m[1mLinking CXX shared library libusb_cam_node.so[0m
[10.177s] [100%] Built target usb_cam_node
[10.189s] Invoked command in '/home/vf/Documents/ws_yolov5/build/usb_cam' returned '0': CMAKE_PREFIX_PATH=${CMAKE_PREFIX_PATH}:/home/vf/Documents/ws_yolov5/install/yolov5_ros:/opt/ros/foxy /usr/bin/cmake --build /home/vf/Documents/ws_yolov5/build/usb_cam -- -j12 -l12
[10.191s] Invoking command in '/home/vf/Documents/ws_yolov5/build/usb_cam': CMAKE_PREFIX_PATH=${CMAKE_PREFIX_PATH}:/home/vf/Documents/ws_yolov5/install/yolov5_ros:/opt/ros/foxy /usr/bin/cmake --install /home/vf/Documents/ws_yolov5/build/usb_cam
[10.200s] -- Install configuration: ""
[10.200s] -- Execute custom install script
[10.201s] -- Symlinking: /home/vf/Documents/ws_yolov5/install/usb_cam/share/usb_cam/environment/library_path.sh
[10.210s] -- Symlinking: /home/vf/Documents/ws_yolov5/install/usb_cam/share/usb_cam/environment/library_path.dsv
[10.220s] -- Symlinking: /home/vf/Documents/ws_yolov5/install/usb_cam/lib/usb_cam/usb_cam_node_exe
[10.231s] -- Symlinking: /home/vf/Documents/ws_yolov5/install/usb_cam/lib/usb_cam/show_image.py
[10.242s] -- Symlinking: /home/vf/Documents/ws_yolov5/install/usb_cam/lib/libusb_cam.so
[10.250s] -- Symlinking: /home/vf/Documents/ws_yolov5/install/usb_cam/lib/libusb_cam_node.so
[10.258s] -- Symlinking: /home/vf/Documents/ws_yolov5/install/usb_cam/include/usb_cam/constants.hpp
[10.266s] -- Symlinking: /home/vf/Documents/ws_yolov5/install/usb_cam/include/usb_cam/conversions.hpp
[10.274s] -- Symlinking: /home/vf/Documents/ws_yolov5/install/usb_cam/include/usb_cam/formats/av_pixel_format_helper.hpp
[10.282s] -- Symlinking: /home/vf/Documents/ws_yolov5/install/usb_cam/include/usb_cam/formats/m420.hpp
[10.290s] -- Symlinking: /home/vf/Documents/ws_yolov5/install/usb_cam/include/usb_cam/formats/mjpeg.hpp
[10.297s] -- Symlinking: /home/vf/Documents/ws_yolov5/install/usb_cam/include/usb_cam/formats/mono.hpp
[10.303s] -- Symlinking: /home/vf/Documents/ws_yolov5/install/usb_cam/include/usb_cam/formats/pixel_format_base.hpp
[10.310s] -- Symlinking: /home/vf/Documents/ws_yolov5/install/usb_cam/include/usb_cam/formats/rgb.hpp
[10.317s] -- Symlinking: /home/vf/Documents/ws_yolov5/install/usb_cam/include/usb_cam/formats/utils.hpp
[10.323s] -- Symlinking: /home/vf/Documents/ws_yolov5/install/usb_cam/include/usb_cam/formats/uyvy.hpp
[10.329s] -- Symlinking: /home/vf/Documents/ws_yolov5/install/usb_cam/include/usb_cam/formats/yuyv.hpp
[10.335s] -- Symlinking: /home/vf/Documents/ws_yolov5/install/usb_cam/include/usb_cam/usb_cam.hpp
[10.342s] -- Symlinking: /home/vf/Documents/ws_yolov5/install/usb_cam/include/usb_cam/usb_cam_node.hpp
[10.349s] -- Symlinking: /home/vf/Documents/ws_yolov5/install/usb_cam/include/usb_cam/utils.hpp
[10.358s] -- Up-to-date symlink: /home/vf/Documents/ws_yolov5/install/usb_cam/lib/libusb_cam_node.so
[10.359s] -- Symlinking: /home/vf/Documents/ws_yolov5/install/usb_cam/share/usb_cam/launch/__init__.py
[10.367s] -- Symlinking: /home/vf/Documents/ws_yolov5/install/usb_cam/share/usb_cam/launch/camera.launch.py
[10.375s] -- Symlinking: /home/vf/Documents/ws_yolov5/install/usb_cam/share/usb_cam/launch/camera_config.py
[10.382s] -- Symlinking: /home/vf/Documents/ws_yolov5/install/usb_cam/share/usb_cam/config/camera_info.yaml
[10.389s] -- Symlinking: /home/vf/Documents/ws_yolov5/install/usb_cam/share/usb_cam/config/params_1.yaml
[10.395s] -- Symlinking: /home/vf/Documents/ws_yolov5/install/usb_cam/share/usb_cam/config/params_2.yaml
[10.402s] -- Symlinking: /home/vf/Documents/ws_yolov5/install/usb_cam/share/ament_index/resource_index/package_run_dependencies/usb_cam
[10.409s] -- Symlinking: /home/vf/Documents/ws_yolov5/install/usb_cam/share/ament_index/resource_index/parent_prefix_path/usb_cam
[10.416s] -- Symlinking: /home/vf/Documents/ws_yolov5/install/usb_cam/share/usb_cam/environment/ament_prefix_path.sh
[10.423s] -- Symlinking: /home/vf/Documents/ws_yolov5/install/usb_cam/share/usb_cam/environment/ament_prefix_path.dsv
[10.430s] -- Symlinking: /home/vf/Documents/ws_yolov5/install/usb_cam/share/usb_cam/environment/path.sh
[10.437s] -- Symlinking: /home/vf/Documents/ws_yolov5/install/usb_cam/share/usb_cam/environment/path.dsv
[10.444s] -- Symlinking: /home/vf/Documents/ws_yolov5/install/usb_cam/share/usb_cam/local_setup.bash
[10.451s] -- Symlinking: /home/vf/Documents/ws_yolov5/install/usb_cam/share/usb_cam/local_setup.sh
[10.458s] -- Symlinking: /home/vf/Documents/ws_yolov5/install/usb_cam/share/usb_cam/local_setup.zsh
[10.465s] -- Symlinking: /home/vf/Documents/ws_yolov5/install/usb_cam/share/usb_cam/local_setup.dsv
[10.472s] -- Symlinking: /home/vf/Documents/ws_yolov5/install/usb_cam/share/usb_cam/package.dsv
[10.479s] -- Symlinking: /home/vf/Documents/ws_yolov5/install/usb_cam/share/ament_index/resource_index/packages/usb_cam
[10.486s] -- Symlinking: /home/vf/Documents/ws_yolov5/install/usb_cam/share/ament_index/resource_index/rclcpp_components/usb_cam
[10.493s] -- Symlinking: /home/vf/Documents/ws_yolov5/install/usb_cam/share/usb_cam/cmake/ament_cmake_export_libraries-extras.cmake
[10.500s] -- Symlinking: /home/vf/Documents/ws_yolov5/install/usb_cam/share/usb_cam/cmake/ament_cmake_export_dependencies-extras.cmake
[10.507s] -- Symlinking: /home/vf/Documents/ws_yolov5/install/usb_cam/share/usb_cam/cmake/ament_cmake_export_include_directories-extras.cmake
[10.514s] -- Symlinking: /home/vf/Documents/ws_yolov5/install/usb_cam/share/usb_cam/cmake/usb_camConfig.cmake
[10.521s] -- Symlinking: /home/vf/Documents/ws_yolov5/install/usb_cam/share/usb_cam/cmake/usb_camConfig-version.cmake
[10.527s] -- Symlinking: /home/vf/Documents/ws_yolov5/install/usb_cam/share/usb_cam/package.xml
[10.537s] Invoked command in '/home/vf/Documents/ws_yolov5/build/usb_cam' returned '0': CMAKE_PREFIX_PATH=${CMAKE_PREFIX_PATH}:/home/vf/Documents/ws_yolov5/install/yolov5_ros:/opt/ros/foxy /usr/bin/cmake --install /home/vf/Documents/ws_yolov5/build/usb_cam
