[0.048s] Invoking command in '/home/vf/Documents/ws_yolov5/build/v4l2_camera': CMAKE_PREFIX_PATH=/opt/ros/foxy /usr/bin/cmake --build /home/vf/Documents/ws_yolov5/build/v4l2_camera -- -j12 -l12
[0.240s] [ 42%] Built target v4l2_camera
[0.295s] [ 71%] Built target v4l2_camera_node
[0.299s] [100%] Built target v4l2_camera_compose_test
[0.302s] Invoked command in '/home/vf/Documents/ws_yolov5/build/v4l2_camera' returned '0': CMAKE_PREFIX_PATH=/opt/ros/foxy /usr/bin/cmake --build /home/vf/Documents/ws_yolov5/build/v4l2_camera -- -j12 -l12
[0.312s] Invoking command in '/home/vf/Documents/ws_yolov5/build/v4l2_camera': CMAKE_PREFIX_PATH=/opt/ros/foxy /usr/bin/cmake --install /home/vf/Documents/ws_yolov5/build/v4l2_camera
[0.321s] -- Install configuration: ""
[0.328s] -- Execute custom install script
[0.335s] -- Up-to-date symlink: /home/vf/Documents/ws_yolov5/install/v4l2_camera/include/v4l2_camera/control.hpp
[0.338s] -- Up-to-date symlink: /home/vf/Documents/ws_yolov5/install/v4l2_camera/include/v4l2_camera/fourcc.hpp
[0.342s] -- Up-to-date symlink: /home/vf/Documents/ws_yolov5/install/v4l2_camera/include/v4l2_camera/image_format.hpp
[0.347s] -- Up-to-date symlink: /home/vf/Documents/ws_yolov5/install/v4l2_camera/include/v4l2_camera/pixel_format.hpp
[0.351s] -- Up-to-date symlink: /home/vf/Documents/ws_yolov5/install/v4l2_camera/include/v4l2_camera/v4l2_camera.hpp
[0.354s] -- Up-to-date symlink: /home/vf/Documents/ws_yolov5/install/v4l2_camera/include/v4l2_camera/v4l2_camera_device.hpp
[0.358s] -- Up-to-date symlink: /home/vf/Documents/ws_yolov5/install/v4l2_camera/include/v4l2_camera/visibility_control.h
[0.374s] -- Up-to-date symlink: /home/vf/Documents/ws_yolov5/install/v4l2_camera/share/v4l2_camera/environment/library_path.sh
[0.377s] -- Up-to-date symlink: /home/vf/Documents/ws_yolov5/install/v4l2_camera/share/v4l2_camera/environment/library_path.dsv
[0.389s] -- Up-to-date symlink: /home/vf/Documents/ws_yolov5/install/v4l2_camera/share/ament_index/resource_index/package_run_dependencies/v4l2_camera
[0.396s] -- Up-to-date symlink: /home/vf/Documents/ws_yolov5/install/v4l2_camera/share/ament_index/resource_index/parent_prefix_path/v4l2_camera
[0.399s] -- Up-to-date symlink: /home/vf/Documents/ws_yolov5/install/v4l2_camera/share/v4l2_camera/environment/ament_prefix_path.sh
[0.403s] -- Up-to-date symlink: /home/vf/Documents/ws_yolov5/install/v4l2_camera/share/v4l2_camera/environment/ament_prefix_path.dsv
[0.407s] -- Up-to-date symlink: /home/vf/Documents/ws_yolov5/install/v4l2_camera/share/v4l2_camera/environment/path.sh
[0.410s] -- Up-to-date symlink: /home/vf/Documents/ws_yolov5/install/v4l2_camera/share/v4l2_camera/environment/path.dsv
[0.414s] -- Up-to-date symlink: /home/vf/Documents/ws_yolov5/install/v4l2_camera/share/v4l2_camera/local_setup.bash
[0.417s] -- Up-to-date symlink: /home/vf/Documents/ws_yolov5/install/v4l2_camera/share/v4l2_camera/local_setup.sh
[0.421s] -- Up-to-date symlink: /home/vf/Documents/ws_yolov5/install/v4l2_camera/share/v4l2_camera/local_setup.zsh
[0.425s] -- Up-to-date symlink: /home/vf/Documents/ws_yolov5/install/v4l2_camera/share/v4l2_camera/local_setup.dsv
[0.425s] -- Symlinking: /home/vf/Documents/ws_yolov5/install/v4l2_camera/share/v4l2_camera/package.dsv
[0.436s] -- Up-to-date symlink: /home/vf/Documents/ws_yolov5/install/v4l2_camera/share/ament_index/resource_index/packages/v4l2_camera
[0.455s] -- Up-to-date symlink: /home/vf/Documents/ws_yolov5/install/v4l2_camera/share/ament_index/resource_index/rclcpp_components/v4l2_camera
[0.462s] -- Up-to-date symlink: /home/vf/Documents/ws_yolov5/install/v4l2_camera/share/v4l2_camera/cmake/ament_cmake_export_include_directories-extras.cmake
[0.465s] -- Up-to-date symlink: /home/vf/Documents/ws_yolov5/install/v4l2_camera/share/v4l2_camera/cmake/ament_cmake_export_targets-extras.cmake
[0.469s] -- Up-to-date symlink: /home/vf/Documents/ws_yolov5/install/v4l2_camera/share/v4l2_camera/cmake/ament_cmake_export_libraries-extras.cmake
[0.473s] -- Up-to-date symlink: /home/vf/Documents/ws_yolov5/install/v4l2_camera/share/v4l2_camera/cmake/ament_cmake_export_dependencies-extras.cmake
[0.476s] -- Up-to-date symlink: /home/vf/Documents/ws_yolov5/install/v4l2_camera/share/v4l2_camera/cmake/v4l2_cameraConfig.cmake
[0.480s] -- Up-to-date symlink: /home/vf/Documents/ws_yolov5/install/v4l2_camera/share/v4l2_camera/cmake/v4l2_cameraConfig-version.cmake
[0.483s] -- Up-to-date symlink: /home/vf/Documents/ws_yolov5/install/v4l2_camera/share/v4l2_camera/package.xml
[0.490s] -- Up-to-date: /home/vf/Documents/ws_yolov5/install/v4l2_camera/lib/libv4l2_camera.so
[0.491s] -- Up-to-date: /home/vf/Documents/ws_yolov5/install/v4l2_camera/lib/v4l2_camera/v4l2_camera_node
[0.501s] -- Up-to-date: /home/vf/Documents/ws_yolov5/install/v4l2_camera/lib/v4l2_camera/v4l2_camera_compose_test
[0.513s] -- Up-to-date: /home/vf/Documents/ws_yolov5/install/v4l2_camera/share/v4l2_camera/cmake/export_v4l2_cameraExport.cmake
[0.513s] -- Up-to-date: /home/vf/Documents/ws_yolov5/install/v4l2_camera/share/v4l2_camera/cmake/export_v4l2_cameraExport-noconfig.cmake
[0.518s] Invoked command in '/home/vf/Documents/ws_yolov5/build/v4l2_camera' returned '0': CMAKE_PREFIX_PATH=/opt/ros/foxy /usr/bin/cmake --install /home/vf/Documents/ws_yolov5/build/v4l2_camera
