[0.172s] DEBUG:colcon:Command line arguments: ['/usr/bin/colcon', 'build', '--symlink-install']
[0.172s] DEBUG:colcon:Parsed command line arguments: Namespace(allow_overriding=[], ament_cmake_args=None, base_paths=['.'], build_base='build', catkin_cmake_args=None, catkin_skip_building_tests=False, cmake_args=None, cmake_clean_cache=False, cmake_clean_first=False, cmake_force_configure=False, cmake_target=None, cmake_target_skip_unavailable=False, continue_on_error=False, event_handlers=None, executor='parallel', ignore_user_meta=False, install_base='install', log_base=None, log_level=None, main=<bound method BuildVerb.main of <colcon_core.verb.build.BuildVerb object at 0x7f4661c39220>>, merge_install=False, metas=['./colcon.meta'], mixin=None, mixin_files=None, mixin_verb=('build',), packages_above=None, packages_above_and_dependencies=None, packages_above_depth=None, packages_end=None, packages_ignore=None, packages_ignore_regex=None, packages_select=None, packages_select_build_failed=False, packages_select_by_dep=None, packages_select_regex=None, packages_select_test_failures=False, packages_skip=None, packages_skip_build_finished=False, packages_skip_by_dep=None, packages_skip_regex=None, packages_skip_test_passed=False, packages_skip_up_to=None, packages_start=None, packages_up_to=None, packages_up_to_regex=None, parallel_workers=12, paths=None, symlink_install=True, test_result_base=None, verb_extension=<colcon_core.verb.build.BuildVerb object at 0x7f4661c39220>, verb_name='build', verb_parser=<colcon_mixin.mixin.mixin_argument.MixinArgumentDecorator object at 0x7f4661a6e190>)
[0.202s] Level 1:colcon.colcon_core.package_discovery:discover_packages(colcon_meta) check parameters
[0.202s] Level 1:colcon.colcon_core.package_discovery:discover_packages(recursive) check parameters
[0.202s] Level 1:colcon.colcon_core.package_discovery:discover_packages(ignore) check parameters
[0.202s] Level 1:colcon.colcon_core.package_discovery:discover_packages(path) check parameters
[0.202s] Level 1:colcon.colcon_core.package_discovery:discover_packages(colcon_meta) discover
[0.202s] Level 1:colcon.colcon_core.package_discovery:discover_packages(recursive) discover
[0.202s] INFO:colcon.colcon_core.package_discovery:Crawling recursively for packages in '/home/vf/Documents/ws_yolov5'
[0.202s] Level 1:colcon.colcon_core.package_identification:_identify(.) by extensions ['ignore', 'ignore_ament_install']
[0.202s] Level 1:colcon.colcon_core.package_identification:_identify(.) by extension 'ignore'
[0.202s] Level 1:colcon.colcon_core.package_identification:_identify(.) by extension 'ignore_ament_install'
[0.202s] Level 1:colcon.colcon_core.package_identification:_identify(.) by extensions ['colcon_pkg']
[0.202s] Level 1:colcon.colcon_core.package_identification:_identify(.) by extension 'colcon_pkg'
[0.202s] Level 1:colcon.colcon_core.package_identification:_identify(.) by extensions ['colcon_meta']
[0.202s] Level 1:colcon.colcon_core.package_identification:_identify(.) by extension 'colcon_meta'
[0.202s] Level 1:colcon.colcon_core.package_identification:_identify(.) by extensions ['ros']
[0.202s] Level 1:colcon.colcon_core.package_identification:_identify(.) by extension 'ros'
[0.212s] Level 1:colcon.colcon_core.package_identification:_identify(.) by extensions ['cmake', 'python']
[0.212s] Level 1:colcon.colcon_core.package_identification:_identify(.) by extension 'cmake'
[0.212s] Level 1:colcon.colcon_core.package_identification:_identify(.) by extension 'python'
[0.212s] Level 1:colcon.colcon_core.package_identification:_identify(.) by extensions ['python_setup_py']
[0.212s] Level 1:colcon.colcon_core.package_identification:_identify(.) by extension 'python_setup_py'
[0.212s] Level 1:colcon.colcon_core.package_identification:_identify(build) by extensions ['ignore', 'ignore_ament_install']
[0.212s] Level 1:colcon.colcon_core.package_identification:_identify(build) by extension 'ignore'
[0.212s] Level 1:colcon.colcon_core.package_identification:_identify(build) ignored
[0.212s] Level 1:colcon.colcon_core.package_identification:_identify(install) by extensions ['ignore', 'ignore_ament_install']
[0.212s] Level 1:colcon.colcon_core.package_identification:_identify(install) by extension 'ignore'
[0.212s] Level 1:colcon.colcon_core.package_identification:_identify(install) ignored
[0.212s] Level 1:colcon.colcon_core.package_identification:_identify(log) by extensions ['ignore', 'ignore_ament_install']
[0.212s] Level 1:colcon.colcon_core.package_identification:_identify(log) by extension 'ignore'
[0.212s] Level 1:colcon.colcon_core.package_identification:_identify(log) ignored
[0.212s] Level 1:colcon.colcon_core.package_identification:_identify(src) by extensions ['ignore', 'ignore_ament_install']
[0.212s] Level 1:colcon.colcon_core.package_identification:_identify(src) by extension 'ignore'
[0.212s] Level 1:colcon.colcon_core.package_identification:_identify(src) by extension 'ignore_ament_install'
[0.212s] Level 1:colcon.colcon_core.package_identification:_identify(src) by extensions ['colcon_pkg']
[0.212s] Level 1:colcon.colcon_core.package_identification:_identify(src) by extension 'colcon_pkg'
[0.212s] Level 1:colcon.colcon_core.package_identification:_identify(src) by extensions ['colcon_meta']
[0.212s] Level 1:colcon.colcon_core.package_identification:_identify(src) by extension 'colcon_meta'
[0.212s] Level 1:colcon.colcon_core.package_identification:_identify(src) by extensions ['ros']
[0.212s] Level 1:colcon.colcon_core.package_identification:_identify(src) by extension 'ros'
[0.213s] Level 1:colcon.colcon_core.package_identification:_identify(src) by extensions ['cmake', 'python']
[0.213s] Level 1:colcon.colcon_core.package_identification:_identify(src) by extension 'cmake'
[0.213s] Level 1:colcon.colcon_core.package_identification:_identify(src) by extension 'python'
[0.213s] Level 1:colcon.colcon_core.package_identification:_identify(src) by extensions ['python_setup_py']
[0.213s] Level 1:colcon.colcon_core.package_identification:_identify(src) by extension 'python_setup_py'
[0.213s] Level 1:colcon.colcon_core.package_identification:_identify(src/YOLOv5-ROS) by extensions ['ignore', 'ignore_ament_install']
[0.213s] Level 1:colcon.colcon_core.package_identification:_identify(src/YOLOv5-ROS) by extension 'ignore'
[0.213s] Level 1:colcon.colcon_core.package_identification:_identify(src/YOLOv5-ROS) by extension 'ignore_ament_install'
[0.213s] Level 1:colcon.colcon_core.package_identification:_identify(src/YOLOv5-ROS) by extensions ['colcon_pkg']
[0.213s] Level 1:colcon.colcon_core.package_identification:_identify(src/YOLOv5-ROS) by extension 'colcon_pkg'
[0.213s] Level 1:colcon.colcon_core.package_identification:_identify(src/YOLOv5-ROS) by extensions ['colcon_meta']
[0.213s] Level 1:colcon.colcon_core.package_identification:_identify(src/YOLOv5-ROS) by extension 'colcon_meta'
[0.213s] Level 1:colcon.colcon_core.package_identification:_identify(src/YOLOv5-ROS) by extensions ['ros']
[0.213s] Level 1:colcon.colcon_core.package_identification:_identify(src/YOLOv5-ROS) by extension 'ros'
[0.213s] Level 1:colcon.colcon_core.package_identification:_identify(src/YOLOv5-ROS) by extensions ['cmake', 'python']
[0.213s] Level 1:colcon.colcon_core.package_identification:_identify(src/YOLOv5-ROS) by extension 'cmake'
[0.213s] Level 1:colcon.colcon_core.package_identification:_identify(src/YOLOv5-ROS) by extension 'python'
[0.213s] Level 1:colcon.colcon_core.package_identification:_identify(src/YOLOv5-ROS) by extensions ['python_setup_py']
[0.213s] Level 1:colcon.colcon_core.package_identification:_identify(src/YOLOv5-ROS) by extension 'python_setup_py'
[0.213s] Level 1:colcon.colcon_core.package_identification:_identify(src/YOLOv5-ROS/yolov5_ros) by extensions ['ignore', 'ignore_ament_install']
[0.213s] Level 1:colcon.colcon_core.package_identification:_identify(src/YOLOv5-ROS/yolov5_ros) by extension 'ignore'
[0.213s] Level 1:colcon.colcon_core.package_identification:_identify(src/YOLOv5-ROS/yolov5_ros) by extension 'ignore_ament_install'
[0.213s] Level 1:colcon.colcon_core.package_identification:_identify(src/YOLOv5-ROS/yolov5_ros) by extensions ['colcon_pkg']
[0.213s] Level 1:colcon.colcon_core.package_identification:_identify(src/YOLOv5-ROS/yolov5_ros) by extension 'colcon_pkg'
[0.213s] Level 1:colcon.colcon_core.package_identification:_identify(src/YOLOv5-ROS/yolov5_ros) by extensions ['colcon_meta']
[0.213s] Level 1:colcon.colcon_core.package_identification:_identify(src/YOLOv5-ROS/yolov5_ros) by extension 'colcon_meta'
[0.213s] Level 1:colcon.colcon_core.package_identification:_identify(src/YOLOv5-ROS/yolov5_ros) by extensions ['ros']
[0.213s] Level 1:colcon.colcon_core.package_identification:_identify(src/YOLOv5-ROS/yolov5_ros) by extension 'ros'
[0.215s] DEBUG:colcon.colcon_core.package_identification:Package 'src/YOLOv5-ROS/yolov5_ros' with type 'ros.ament_python' and name 'yolov5_ros'
[0.215s] Level 1:colcon.colcon_core.package_identification:_identify(src/bbox_ex_msgs) by extensions ['ignore', 'ignore_ament_install']
[0.215s] Level 1:colcon.colcon_core.package_identification:_identify(src/bbox_ex_msgs) by extension 'ignore'
[0.215s] Level 1:colcon.colcon_core.package_identification:_identify(src/bbox_ex_msgs) by extension 'ignore_ament_install'
[0.215s] Level 1:colcon.colcon_core.package_identification:_identify(src/bbox_ex_msgs) by extensions ['colcon_pkg']
[0.215s] Level 1:colcon.colcon_core.package_identification:_identify(src/bbox_ex_msgs) by extension 'colcon_pkg'
[0.215s] Level 1:colcon.colcon_core.package_identification:_identify(src/bbox_ex_msgs) by extensions ['colcon_meta']
[0.215s] Level 1:colcon.colcon_core.package_identification:_identify(src/bbox_ex_msgs) by extension 'colcon_meta'
[0.215s] Level 1:colcon.colcon_core.package_identification:_identify(src/bbox_ex_msgs) by extensions ['ros']
[0.215s] Level 1:colcon.colcon_core.package_identification:_identify(src/bbox_ex_msgs) by extension 'ros'
[0.216s] DEBUG:colcon.colcon_core.package_identification:Package 'src/bbox_ex_msgs' with type 'ros.ament_cmake' and name 'bboxes_ex_msgs'
[0.216s] Level 1:colcon.colcon_core.package_identification:_identify(src/build) by extensions ['ignore', 'ignore_ament_install']
[0.216s] Level 1:colcon.colcon_core.package_identification:_identify(src/build) by extension 'ignore'
[0.216s] Level 1:colcon.colcon_core.package_identification:_identify(src/build) ignored
[0.216s] Level 1:colcon.colcon_core.package_identification:_identify(src/install) by extensions ['ignore', 'ignore_ament_install']
[0.216s] Level 1:colcon.colcon_core.package_identification:_identify(src/install) by extension 'ignore'
[0.216s] Level 1:colcon.colcon_core.package_identification:_identify(src/install) ignored
[0.216s] Level 1:colcon.colcon_core.package_identification:_identify(src/log) by extensions ['ignore', 'ignore_ament_install']
[0.216s] Level 1:colcon.colcon_core.package_identification:_identify(src/log) by extension 'ignore'
[0.216s] Level 1:colcon.colcon_core.package_identification:_identify(src/log) ignored
[0.216s] Level 1:colcon.colcon_core.package_identification:_identify(src/ros2_v4l2_camera) by extensions ['ignore', 'ignore_ament_install']
[0.216s] Level 1:colcon.colcon_core.package_identification:_identify(src/ros2_v4l2_camera) by extension 'ignore'
[0.216s] Level 1:colcon.colcon_core.package_identification:_identify(src/ros2_v4l2_camera) by extension 'ignore_ament_install'
[0.216s] Level 1:colcon.colcon_core.package_identification:_identify(src/ros2_v4l2_camera) by extensions ['colcon_pkg']
[0.216s] Level 1:colcon.colcon_core.package_identification:_identify(src/ros2_v4l2_camera) by extension 'colcon_pkg'
[0.216s] Level 1:colcon.colcon_core.package_identification:_identify(src/ros2_v4l2_camera) by extensions ['colcon_meta']
[0.216s] Level 1:colcon.colcon_core.package_identification:_identify(src/ros2_v4l2_camera) by extension 'colcon_meta'
[0.216s] Level 1:colcon.colcon_core.package_identification:_identify(src/ros2_v4l2_camera) by extensions ['ros']
[0.216s] Level 1:colcon.colcon_core.package_identification:_identify(src/ros2_v4l2_camera) by extension 'ros'
[0.217s] DEBUG:colcon.colcon_core.package_identification:Package 'src/ros2_v4l2_camera' with type 'ros.ament_cmake' and name 'v4l2_camera'
[0.217s] Level 1:colcon.colcon_core.package_identification:_identify(src/usb_cam) by extensions ['ignore', 'ignore_ament_install']
[0.217s] Level 1:colcon.colcon_core.package_identification:_identify(src/usb_cam) by extension 'ignore'
[0.217s] Level 1:colcon.colcon_core.package_identification:_identify(src/usb_cam) by extension 'ignore_ament_install'
[0.217s] Level 1:colcon.colcon_core.package_identification:_identify(src/usb_cam) by extensions ['colcon_pkg']
[0.217s] Level 1:colcon.colcon_core.package_identification:_identify(src/usb_cam) by extension 'colcon_pkg'
[0.217s] Level 1:colcon.colcon_core.package_identification:_identify(src/usb_cam) by extensions ['colcon_meta']
[0.217s] Level 1:colcon.colcon_core.package_identification:_identify(src/usb_cam) by extension 'colcon_meta'
[0.217s] Level 1:colcon.colcon_core.package_identification:_identify(src/usb_cam) by extensions ['ros']
[0.217s] Level 1:colcon.colcon_core.package_identification:_identify(src/usb_cam) by extension 'ros'
[0.218s] DEBUG:colcon.colcon_core.package_identification:Package 'src/usb_cam' with type 'ros.ament_cmake' and name 'usb_cam'
[0.218s] Level 1:colcon.colcon_core.package_discovery:discover_packages(recursive) using defaults
[0.218s] Level 1:colcon.colcon_core.package_discovery:discover_packages(ignore) discover
[0.218s] Level 1:colcon.colcon_core.package_discovery:discover_packages(ignore) using defaults
[0.218s] Level 1:colcon.colcon_core.package_discovery:discover_packages(path) discover
[0.218s] Level 1:colcon.colcon_core.package_discovery:discover_packages(path) using defaults
[0.231s] Level 1:colcon.colcon_core.package_discovery:discover_packages(prefix_path) check parameters
[0.231s] Level 1:colcon.colcon_core.package_discovery:discover_packages(prefix_path) discover
[0.231s] WARNING:colcon.colcon_ros.prefix_path.ament:The path '/home/vf/Documents/ws_yolov5/install/yolov5_ros' in the environment variable AMENT_PREFIX_PATH doesn't exist
[0.231s] WARNING:colcon.colcon_ros.prefix_path.ament:The path '/home/vf/Documents/ws_yolov5/install/v4l2_camera' in the environment variable AMENT_PREFIX_PATH doesn't exist
[0.231s] WARNING:colcon.colcon_ros.prefix_path.ament:The path '/home/vf/Documents/ws_yolov5/install/usb_cam' in the environment variable AMENT_PREFIX_PATH doesn't exist
[0.231s] WARNING:colcon.colcon_ros.prefix_path.ament:The path '/home/vf/Documents/ws_yolov5/install/bboxes_ex_msgs' in the environment variable AMENT_PREFIX_PATH doesn't exist
[0.231s] WARNING:colcon.colcon_ros.prefix_path.catkin:The path '/home/vf/Documents/ws_yolov5/install/v4l2_camera' in the environment variable CMAKE_PREFIX_PATH doesn't exist
[0.231s] WARNING:colcon.colcon_ros.prefix_path.catkin:The path '/home/vf/Documents/ws_yolov5/install/usb_cam' in the environment variable CMAKE_PREFIX_PATH doesn't exist
[0.231s] WARNING:colcon.colcon_ros.prefix_path.catkin:The path '/home/vf/Documents/ws_yolov5/install/bboxes_ex_msgs' in the environment variable CMAKE_PREFIX_PATH doesn't exist
[0.232s] DEBUG:colcon.colcon_installed_package_information.package_discovery:Found 0 installed packages in /home/vf/Documents/ws_yolov5/install
[0.232s] DEBUG:colcon.colcon_installed_package_information.package_discovery:Found 0 installed packages in /home/vf/colcon_ws/install
[0.233s] DEBUG:colcon.colcon_installed_package_information.package_discovery:Found 308 installed packages in /opt/ros/foxy
[0.234s] Level 1:colcon.colcon_core.package_discovery:discover_packages(prefix_path) using defaults
[0.276s] Level 5:colcon.colcon_core.verb:set package 'bboxes_ex_msgs' build argument 'cmake_args' from command line to 'None'
[0.276s] Level 5:colcon.colcon_core.verb:set package 'bboxes_ex_msgs' build argument 'cmake_target' from command line to 'None'
[0.276s] Level 5:colcon.colcon_core.verb:set package 'bboxes_ex_msgs' build argument 'cmake_target_skip_unavailable' from command line to 'False'
[0.276s] Level 5:colcon.colcon_core.verb:set package 'bboxes_ex_msgs' build argument 'cmake_clean_cache' from command line to 'False'
[0.276s] Level 5:colcon.colcon_core.verb:set package 'bboxes_ex_msgs' build argument 'cmake_clean_first' from command line to 'False'
[0.276s] Level 5:colcon.colcon_core.verb:set package 'bboxes_ex_msgs' build argument 'cmake_force_configure' from command line to 'False'
[0.276s] Level 5:colcon.colcon_core.verb:set package 'bboxes_ex_msgs' build argument 'ament_cmake_args' from command line to 'None'
[0.276s] Level 5:colcon.colcon_core.verb:set package 'bboxes_ex_msgs' build argument 'catkin_cmake_args' from command line to 'None'
[0.276s] Level 5:colcon.colcon_core.verb:set package 'bboxes_ex_msgs' build argument 'catkin_skip_building_tests' from command line to 'False'
[0.276s] DEBUG:colcon.colcon_core.verb:Building package 'bboxes_ex_msgs' with the following arguments: {'ament_cmake_args': None, 'build_base': '/home/vf/Documents/ws_yolov5/build/bboxes_ex_msgs', 'catkin_cmake_args': None, 'catkin_skip_building_tests': False, 'cmake_args': None, 'cmake_clean_cache': False, 'cmake_clean_first': False, 'cmake_force_configure': False, 'cmake_target': None, 'cmake_target_skip_unavailable': False, 'install_base': '/home/vf/Documents/ws_yolov5/install/bboxes_ex_msgs', 'merge_install': False, 'path': '/home/vf/Documents/ws_yolov5/src/bbox_ex_msgs', 'symlink_install': True, 'test_result_base': None}
[0.277s] Level 5:colcon.colcon_core.verb:set package 'usb_cam' build argument 'cmake_args' from command line to 'None'
[0.277s] Level 5:colcon.colcon_core.verb:set package 'usb_cam' build argument 'cmake_target' from command line to 'None'
[0.277s] Level 5:colcon.colcon_core.verb:set package 'usb_cam' build argument 'cmake_target_skip_unavailable' from command line to 'False'
[0.277s] Level 5:colcon.colcon_core.verb:set package 'usb_cam' build argument 'cmake_clean_cache' from command line to 'False'
[0.277s] Level 5:colcon.colcon_core.verb:set package 'usb_cam' build argument 'cmake_clean_first' from command line to 'False'
[0.277s] Level 5:colcon.colcon_core.verb:set package 'usb_cam' build argument 'cmake_force_configure' from command line to 'False'
[0.277s] Level 5:colcon.colcon_core.verb:set package 'usb_cam' build argument 'ament_cmake_args' from command line to 'None'
[0.277s] Level 5:colcon.colcon_core.verb:set package 'usb_cam' build argument 'catkin_cmake_args' from command line to 'None'
[0.277s] Level 5:colcon.colcon_core.verb:set package 'usb_cam' build argument 'catkin_skip_building_tests' from command line to 'False'
[0.277s] DEBUG:colcon.colcon_core.verb:Building package 'usb_cam' with the following arguments: {'ament_cmake_args': None, 'build_base': '/home/vf/Documents/ws_yolov5/build/usb_cam', 'catkin_cmake_args': None, 'catkin_skip_building_tests': False, 'cmake_args': None, 'cmake_clean_cache': False, 'cmake_clean_first': False, 'cmake_force_configure': False, 'cmake_target': None, 'cmake_target_skip_unavailable': False, 'install_base': '/home/vf/Documents/ws_yolov5/install/usb_cam', 'merge_install': False, 'path': '/home/vf/Documents/ws_yolov5/src/usb_cam', 'symlink_install': True, 'test_result_base': None}
[0.277s] Level 5:colcon.colcon_core.verb:set package 'v4l2_camera' build argument 'cmake_args' from command line to 'None'
[0.277s] Level 5:colcon.colcon_core.verb:set package 'v4l2_camera' build argument 'cmake_target' from command line to 'None'
[0.277s] Level 5:colcon.colcon_core.verb:set package 'v4l2_camera' build argument 'cmake_target_skip_unavailable' from command line to 'False'
[0.277s] Level 5:colcon.colcon_core.verb:set package 'v4l2_camera' build argument 'cmake_clean_cache' from command line to 'False'
[0.277s] Level 5:colcon.colcon_core.verb:set package 'v4l2_camera' build argument 'cmake_clean_first' from command line to 'False'
[0.277s] Level 5:colcon.colcon_core.verb:set package 'v4l2_camera' build argument 'cmake_force_configure' from command line to 'False'
[0.277s] Level 5:colcon.colcon_core.verb:set package 'v4l2_camera' build argument 'ament_cmake_args' from command line to 'None'
[0.277s] Level 5:colcon.colcon_core.verb:set package 'v4l2_camera' build argument 'catkin_cmake_args' from command line to 'None'
[0.277s] Level 5:colcon.colcon_core.verb:set package 'v4l2_camera' build argument 'catkin_skip_building_tests' from command line to 'False'
[0.278s] DEBUG:colcon.colcon_core.verb:Building package 'v4l2_camera' with the following arguments: {'ament_cmake_args': None, 'build_base': '/home/vf/Documents/ws_yolov5/build/v4l2_camera', 'catkin_cmake_args': None, 'catkin_skip_building_tests': False, 'cmake_args': None, 'cmake_clean_cache': False, 'cmake_clean_first': False, 'cmake_force_configure': False, 'cmake_target': None, 'cmake_target_skip_unavailable': False, 'install_base': '/home/vf/Documents/ws_yolov5/install/v4l2_camera', 'merge_install': False, 'path': '/home/vf/Documents/ws_yolov5/src/ros2_v4l2_camera', 'symlink_install': True, 'test_result_base': None}
[0.278s] Level 5:colcon.colcon_core.verb:set package 'yolov5_ros' build argument 'cmake_args' from command line to 'None'
[0.278s] Level 5:colcon.colcon_core.verb:set package 'yolov5_ros' build argument 'cmake_target' from command line to 'None'
[0.278s] Level 5:colcon.colcon_core.verb:set package 'yolov5_ros' build argument 'cmake_target_skip_unavailable' from command line to 'False'
[0.278s] Level 5:colcon.colcon_core.verb:set package 'yolov5_ros' build argument 'cmake_clean_cache' from command line to 'False'
[0.278s] Level 5:colcon.colcon_core.verb:set package 'yolov5_ros' build argument 'cmake_clean_first' from command line to 'False'
[0.278s] Level 5:colcon.colcon_core.verb:set package 'yolov5_ros' build argument 'cmake_force_configure' from command line to 'False'
[0.278s] Level 5:colcon.colcon_core.verb:set package 'yolov5_ros' build argument 'ament_cmake_args' from command line to 'None'
[0.278s] Level 5:colcon.colcon_core.verb:set package 'yolov5_ros' build argument 'catkin_cmake_args' from command line to 'None'
[0.278s] Level 5:colcon.colcon_core.verb:set package 'yolov5_ros' build argument 'catkin_skip_building_tests' from command line to 'False'
[0.278s] DEBUG:colcon.colcon_core.verb:Building package 'yolov5_ros' with the following arguments: {'ament_cmake_args': None, 'build_base': '/home/vf/Documents/ws_yolov5/build/yolov5_ros', 'catkin_cmake_args': None, 'catkin_skip_building_tests': False, 'cmake_args': None, 'cmake_clean_cache': False, 'cmake_clean_first': False, 'cmake_force_configure': False, 'cmake_target': None, 'cmake_target_skip_unavailable': False, 'install_base': '/home/vf/Documents/ws_yolov5/install/yolov5_ros', 'merge_install': False, 'path': '/home/vf/Documents/ws_yolov5/src/YOLOv5-ROS/yolov5_ros', 'symlink_install': True, 'test_result_base': None}
[0.278s] INFO:colcon.colcon_core.executor:Executing jobs using 'parallel' executor
[0.279s] DEBUG:colcon.colcon_parallel_executor.executor.parallel:run_until_complete
[0.280s] INFO:colcon.colcon_ros.task.ament_cmake.build:Building ROS package in '/home/vf/Documents/ws_yolov5/src/bbox_ex_msgs' with build type 'ament_cmake'
[0.280s] INFO:colcon.colcon_cmake.task.cmake.build:Building CMake package in '/home/vf/Documents/ws_yolov5/src/bbox_ex_msgs'
[0.282s] INFO:colcon.colcon_core.plugin_system:Skipping extension 'colcon_core.shell.bat': Not used on non-Windows systems
[0.282s] INFO:colcon.colcon_core.shell:Skip shell extension 'powershell' for command environment: Not usable outside of PowerShell
[0.282s] DEBUG:colcon.colcon_core.shell:Skip shell extension 'dsv' for command environment
[0.287s] INFO:colcon.colcon_ros.task.ament_cmake.build:Building ROS package in '/home/vf/Documents/ws_yolov5/src/usb_cam' with build type 'ament_cmake'
[0.288s] INFO:colcon.colcon_cmake.task.cmake.build:Building CMake package in '/home/vf/Documents/ws_yolov5/src/usb_cam'
[0.288s] INFO:colcon.colcon_core.shell:Skip shell extension 'powershell' for command environment: Not usable outside of PowerShell
[0.288s] DEBUG:colcon.colcon_core.shell:Skip shell extension 'dsv' for command environment
[0.293s] INFO:colcon.colcon_ros.task.ament_cmake.build:Building ROS package in '/home/vf/Documents/ws_yolov5/src/ros2_v4l2_camera' with build type 'ament_cmake'
[0.294s] INFO:colcon.colcon_cmake.task.cmake.build:Building CMake package in '/home/vf/Documents/ws_yolov5/src/ros2_v4l2_camera'
[0.294s] INFO:colcon.colcon_core.shell:Skip shell extension 'powershell' for command environment: Not usable outside of PowerShell
[0.294s] DEBUG:colcon.colcon_core.shell:Skip shell extension 'dsv' for command environment
[0.303s] DEBUG:colcon.colcon_core.event_handler.log_command:Invoking command in '/home/vf/Documents/ws_yolov5/build/bboxes_ex_msgs': CMAKE_PREFIX_PATH=${CMAKE_PREFIX_PATH}:/home/vf/Documents/ws_yolov5/install/yolov5_ros:/opt/ros/foxy /usr/bin/cmake /home/vf/Documents/ws_yolov5/src/bbox_ex_msgs -DAMENT_CMAKE_SYMLINK_INSTALL=1 -DCMAKE_INSTALL_PREFIX=/home/vf/Documents/ws_yolov5/install/bboxes_ex_msgs
[0.306s] DEBUG:colcon.colcon_core.event_handler.log_command:Invoking command in '/home/vf/Documents/ws_yolov5/build/usb_cam': CMAKE_PREFIX_PATH=${CMAKE_PREFIX_PATH}:/home/vf/Documents/ws_yolov5/install/yolov5_ros:/opt/ros/foxy /usr/bin/cmake /home/vf/Documents/ws_yolov5/src/usb_cam -DAMENT_CMAKE_SYMLINK_INSTALL=1 -DCMAKE_INSTALL_PREFIX=/home/vf/Documents/ws_yolov5/install/usb_cam
[0.313s] DEBUG:colcon.colcon_core.event_handler.log_command:Invoking command in '/home/vf/Documents/ws_yolov5/build/v4l2_camera': CMAKE_PREFIX_PATH=${CMAKE_PREFIX_PATH}:/home/vf/Documents/ws_yolov5/install/yolov5_ros:/opt/ros/foxy /usr/bin/cmake /home/vf/Documents/ws_yolov5/src/ros2_v4l2_camera -DAMENT_CMAKE_SYMLINK_INSTALL=1 -DCMAKE_INSTALL_PREFIX=/home/vf/Documents/ws_yolov5/install/v4l2_camera
[1.573s] DEBUG:colcon.colcon_core.event_handler.log_command:Invoked command in '/home/vf/Documents/ws_yolov5/build/bboxes_ex_msgs' returned '0': CMAKE_PREFIX_PATH=${CMAKE_PREFIX_PATH}:/home/vf/Documents/ws_yolov5/install/yolov5_ros:/opt/ros/foxy /usr/bin/cmake /home/vf/Documents/ws_yolov5/src/bbox_ex_msgs -DAMENT_CMAKE_SYMLINK_INSTALL=1 -DCMAKE_INSTALL_PREFIX=/home/vf/Documents/ws_yolov5/install/bboxes_ex_msgs
[1.574s] DEBUG:colcon.colcon_core.event_handler.log_command:Invoking command in '/home/vf/Documents/ws_yolov5/build/bboxes_ex_msgs': CMAKE_PREFIX_PATH=${CMAKE_PREFIX_PATH}:/home/vf/Documents/ws_yolov5/install/yolov5_ros:/opt/ros/foxy /usr/bin/cmake --build /home/vf/Documents/ws_yolov5/build/bboxes_ex_msgs -- -j12 -l12
[1.754s] DEBUG:colcon.colcon_core.event_handler.log_command:Invoked command in '/home/vf/Documents/ws_yolov5/build/v4l2_camera' returned '0': CMAKE_PREFIX_PATH=${CMAKE_PREFIX_PATH}:/home/vf/Documents/ws_yolov5/install/yolov5_ros:/opt/ros/foxy /usr/bin/cmake /home/vf/Documents/ws_yolov5/src/ros2_v4l2_camera -DAMENT_CMAKE_SYMLINK_INSTALL=1 -DCMAKE_INSTALL_PREFIX=/home/vf/Documents/ws_yolov5/install/v4l2_camera
[1.757s] DEBUG:colcon.colcon_core.event_handler.log_command:Invoking command in '/home/vf/Documents/ws_yolov5/build/v4l2_camera': CMAKE_PREFIX_PATH=${CMAKE_PREFIX_PATH}:/home/vf/Documents/ws_yolov5/install/yolov5_ros:/opt/ros/foxy /usr/bin/cmake --build /home/vf/Documents/ws_yolov5/build/v4l2_camera -- -j12 -l12
[2.284s] DEBUG:colcon.colcon_core.event_handler.log_command:Invoked command in '/home/vf/Documents/ws_yolov5/build/usb_cam' returned '0': CMAKE_PREFIX_PATH=${CMAKE_PREFIX_PATH}:/home/vf/Documents/ws_yolov5/install/yolov5_ros:/opt/ros/foxy /usr/bin/cmake /home/vf/Documents/ws_yolov5/src/usb_cam -DAMENT_CMAKE_SYMLINK_INSTALL=1 -DCMAKE_INSTALL_PREFIX=/home/vf/Documents/ws_yolov5/install/usb_cam
[2.288s] DEBUG:colcon.colcon_core.event_handler.log_command:Invoking command in '/home/vf/Documents/ws_yolov5/build/usb_cam': CMAKE_PREFIX_PATH=${CMAKE_PREFIX_PATH}:/home/vf/Documents/ws_yolov5/install/yolov5_ros:/opt/ros/foxy /usr/bin/cmake --build /home/vf/Documents/ws_yolov5/build/usb_cam -- -j12 -l12
[4.826s] DEBUG:colcon.colcon_core.event_handler.log_command:Invoked command in '/home/vf/Documents/ws_yolov5/build/bboxes_ex_msgs' returned '0': CMAKE_PREFIX_PATH=${CMAKE_PREFIX_PATH}:/home/vf/Documents/ws_yolov5/install/yolov5_ros:/opt/ros/foxy /usr/bin/cmake --build /home/vf/Documents/ws_yolov5/build/bboxes_ex_msgs -- -j12 -l12
[4.839s] DEBUG:colcon.colcon_core.event_handler.log_command:Invoking command in '/home/vf/Documents/ws_yolov5/build/bboxes_ex_msgs': CMAKE_PREFIX_PATH=${CMAKE_PREFIX_PATH}:/home/vf/Documents/ws_yolov5/install/yolov5_ros:/opt/ros/foxy /usr/bin/cmake --install /home/vf/Documents/ws_yolov5/build/bboxes_ex_msgs
[5.572s] Level 1:colcon.colcon_core.environment:create_environment_scripts_only(bboxes_ex_msgs)
[5.573s] DEBUG:colcon.colcon_core.event_handler.log_command:Invoked command in '/home/vf/Documents/ws_yolov5/build/bboxes_ex_msgs' returned '0': CMAKE_PREFIX_PATH=${CMAKE_PREFIX_PATH}:/home/vf/Documents/ws_yolov5/install/yolov5_ros:/opt/ros/foxy /usr/bin/cmake --install /home/vf/Documents/ws_yolov5/build/bboxes_ex_msgs
[5.576s] Level 1:colcon.colcon_core.environment:checking '/home/vf/Documents/ws_yolov5/install/bboxes_ex_msgs' for CMake module files
[5.577s] Level 1:colcon.colcon_core.environment:checking '/home/vf/Documents/ws_yolov5/install/bboxes_ex_msgs' for CMake config files
[5.577s] Level 1:colcon.colcon_core.shell:create_environment_hook('bboxes_ex_msgs', 'cmake_prefix_path')
[5.578s] INFO:colcon.colcon_core.shell:Creating environment hook '/home/vf/Documents/ws_yolov5/install/bboxes_ex_msgs/share/bboxes_ex_msgs/hook/cmake_prefix_path.ps1'
[5.578s] INFO:colcon.colcon_core.shell:Creating environment descriptor '/home/vf/Documents/ws_yolov5/install/bboxes_ex_msgs/share/bboxes_ex_msgs/hook/cmake_prefix_path.dsv'
[5.579s] INFO:colcon.colcon_core.shell:Creating environment hook '/home/vf/Documents/ws_yolov5/install/bboxes_ex_msgs/share/bboxes_ex_msgs/hook/cmake_prefix_path.sh'
[5.580s] Level 1:colcon.colcon_core.environment:checking '/home/vf/Documents/ws_yolov5/install/bboxes_ex_msgs/lib'
[5.580s] Level 1:colcon.colcon_core.shell:create_environment_hook('bboxes_ex_msgs', 'ld_library_path_lib')
[5.580s] INFO:colcon.colcon_core.shell:Creating environment hook '/home/vf/Documents/ws_yolov5/install/bboxes_ex_msgs/share/bboxes_ex_msgs/hook/ld_library_path_lib.ps1'
[5.581s] INFO:colcon.colcon_core.shell:Creating environment descriptor '/home/vf/Documents/ws_yolov5/install/bboxes_ex_msgs/share/bboxes_ex_msgs/hook/ld_library_path_lib.dsv'
[5.581s] INFO:colcon.colcon_core.shell:Creating environment hook '/home/vf/Documents/ws_yolov5/install/bboxes_ex_msgs/share/bboxes_ex_msgs/hook/ld_library_path_lib.sh'
[5.582s] Level 1:colcon.colcon_core.environment:checking '/home/vf/Documents/ws_yolov5/install/bboxes_ex_msgs/bin'
[5.582s] Level 1:colcon.colcon_core.environment:checking '/home/vf/Documents/ws_yolov5/install/bboxes_ex_msgs/lib/pkgconfig/bboxes_ex_msgs.pc'
[5.582s] Level 1:colcon.colcon_core.environment:checking '/home/vf/Documents/ws_yolov5/install/bboxes_ex_msgs/lib/python3.8/site-packages'
[5.582s] Level 1:colcon.colcon_core.shell:create_environment_hook('bboxes_ex_msgs', 'pythonpath')
[5.582s] INFO:colcon.colcon_core.shell:Creating environment hook '/home/vf/Documents/ws_yolov5/install/bboxes_ex_msgs/share/bboxes_ex_msgs/hook/pythonpath.ps1'
[5.583s] INFO:colcon.colcon_core.shell:Creating environment descriptor '/home/vf/Documents/ws_yolov5/install/bboxes_ex_msgs/share/bboxes_ex_msgs/hook/pythonpath.dsv'
[5.583s] INFO:colcon.colcon_core.shell:Creating environment hook '/home/vf/Documents/ws_yolov5/install/bboxes_ex_msgs/share/bboxes_ex_msgs/hook/pythonpath.sh'
[5.584s] Level 1:colcon.colcon_core.environment:checking '/home/vf/Documents/ws_yolov5/install/bboxes_ex_msgs/bin'
[5.584s] INFO:colcon.colcon_core.shell:Creating package script '/home/vf/Documents/ws_yolov5/install/bboxes_ex_msgs/share/bboxes_ex_msgs/package.ps1'
[5.585s] INFO:colcon.colcon_core.shell:Creating package descriptor '/home/vf/Documents/ws_yolov5/install/bboxes_ex_msgs/share/bboxes_ex_msgs/package.dsv'
[5.585s] INFO:colcon.colcon_core.shell:Creating package script '/home/vf/Documents/ws_yolov5/install/bboxes_ex_msgs/share/bboxes_ex_msgs/package.sh'
[5.586s] INFO:colcon.colcon_core.shell:Creating package script '/home/vf/Documents/ws_yolov5/install/bboxes_ex_msgs/share/bboxes_ex_msgs/package.bash'
[5.587s] INFO:colcon.colcon_core.shell:Creating package script '/home/vf/Documents/ws_yolov5/install/bboxes_ex_msgs/share/bboxes_ex_msgs/package.zsh'
[5.587s] Level 1:colcon.colcon_core.environment:create_file_with_runtime_dependencies(/home/vf/Documents/ws_yolov5/install/bboxes_ex_msgs/share/colcon-core/packages/bboxes_ex_msgs)
[5.588s] Level 1:colcon.colcon_core.environment:create_environment_scripts_only(bboxes_ex_msgs)
[5.589s] Level 1:colcon.colcon_core.environment:checking '/home/vf/Documents/ws_yolov5/install/bboxes_ex_msgs' for CMake module files
[5.590s] Level 1:colcon.colcon_core.environment:checking '/home/vf/Documents/ws_yolov5/install/bboxes_ex_msgs' for CMake config files
[5.591s] Level 1:colcon.colcon_core.shell:create_environment_hook('bboxes_ex_msgs', 'cmake_prefix_path')
[5.591s] INFO:colcon.colcon_core.shell:Creating environment hook '/home/vf/Documents/ws_yolov5/install/bboxes_ex_msgs/share/bboxes_ex_msgs/hook/cmake_prefix_path.ps1'
[5.592s] INFO:colcon.colcon_core.shell:Creating environment descriptor '/home/vf/Documents/ws_yolov5/install/bboxes_ex_msgs/share/bboxes_ex_msgs/hook/cmake_prefix_path.dsv'
[5.592s] INFO:colcon.colcon_core.shell:Creating environment hook '/home/vf/Documents/ws_yolov5/install/bboxes_ex_msgs/share/bboxes_ex_msgs/hook/cmake_prefix_path.sh'
[5.593s] Level 1:colcon.colcon_core.environment:checking '/home/vf/Documents/ws_yolov5/install/bboxes_ex_msgs/lib'
[5.593s] Level 1:colcon.colcon_core.shell:create_environment_hook('bboxes_ex_msgs', 'ld_library_path_lib')
[5.593s] INFO:colcon.colcon_core.shell:Creating environment hook '/home/vf/Documents/ws_yolov5/install/bboxes_ex_msgs/share/bboxes_ex_msgs/hook/ld_library_path_lib.ps1'
[5.594s] INFO:colcon.colcon_core.shell:Creating environment descriptor '/home/vf/Documents/ws_yolov5/install/bboxes_ex_msgs/share/bboxes_ex_msgs/hook/ld_library_path_lib.dsv'
[5.594s] INFO:colcon.colcon_core.shell:Creating environment hook '/home/vf/Documents/ws_yolov5/install/bboxes_ex_msgs/share/bboxes_ex_msgs/hook/ld_library_path_lib.sh'
[5.595s] Level 1:colcon.colcon_core.environment:checking '/home/vf/Documents/ws_yolov5/install/bboxes_ex_msgs/bin'
[5.595s] Level 1:colcon.colcon_core.environment:checking '/home/vf/Documents/ws_yolov5/install/bboxes_ex_msgs/lib/pkgconfig/bboxes_ex_msgs.pc'
[5.595s] Level 1:colcon.colcon_core.environment:checking '/home/vf/Documents/ws_yolov5/install/bboxes_ex_msgs/lib/python3.8/site-packages'
[5.595s] Level 1:colcon.colcon_core.shell:create_environment_hook('bboxes_ex_msgs', 'pythonpath')
[5.595s] INFO:colcon.colcon_core.shell:Creating environment hook '/home/vf/Documents/ws_yolov5/install/bboxes_ex_msgs/share/bboxes_ex_msgs/hook/pythonpath.ps1'
[5.596s] INFO:colcon.colcon_core.shell:Creating environment descriptor '/home/vf/Documents/ws_yolov5/install/bboxes_ex_msgs/share/bboxes_ex_msgs/hook/pythonpath.dsv'
[5.596s] INFO:colcon.colcon_core.shell:Creating environment hook '/home/vf/Documents/ws_yolov5/install/bboxes_ex_msgs/share/bboxes_ex_msgs/hook/pythonpath.sh'
[5.597s] Level 1:colcon.colcon_core.environment:checking '/home/vf/Documents/ws_yolov5/install/bboxes_ex_msgs/bin'
[5.597s] INFO:colcon.colcon_core.shell:Creating package script '/home/vf/Documents/ws_yolov5/install/bboxes_ex_msgs/share/bboxes_ex_msgs/package.ps1'
[5.598s] INFO:colcon.colcon_core.shell:Creating package descriptor '/home/vf/Documents/ws_yolov5/install/bboxes_ex_msgs/share/bboxes_ex_msgs/package.dsv'
[5.598s] INFO:colcon.colcon_core.shell:Creating package script '/home/vf/Documents/ws_yolov5/install/bboxes_ex_msgs/share/bboxes_ex_msgs/package.sh'
[5.599s] INFO:colcon.colcon_core.shell:Creating package script '/home/vf/Documents/ws_yolov5/install/bboxes_ex_msgs/share/bboxes_ex_msgs/package.bash'
[5.599s] INFO:colcon.colcon_core.shell:Creating package script '/home/vf/Documents/ws_yolov5/install/bboxes_ex_msgs/share/bboxes_ex_msgs/package.zsh'
[5.600s] Level 1:colcon.colcon_core.environment:create_file_with_runtime_dependencies(/home/vf/Documents/ws_yolov5/install/bboxes_ex_msgs/share/colcon-core/packages/bboxes_ex_msgs)
[5.601s] INFO:colcon.colcon_ros.task.ament_python.build:Building ROS package in '/home/vf/Documents/ws_yolov5/src/YOLOv5-ROS/yolov5_ros' with build type 'ament_python'
[5.601s] Level 1:colcon.colcon_core.shell:create_environment_hook('yolov5_ros', 'ament_prefix_path')
[5.602s] INFO:colcon.colcon_core.shell:Creating environment hook '/home/vf/Documents/ws_yolov5/install/yolov5_ros/share/yolov5_ros/hook/ament_prefix_path.ps1'
[5.603s] INFO:colcon.colcon_core.shell:Creating environment descriptor '/home/vf/Documents/ws_yolov5/install/yolov5_ros/share/yolov5_ros/hook/ament_prefix_path.dsv'
[5.603s] INFO:colcon.colcon_core.shell:Creating environment hook '/home/vf/Documents/ws_yolov5/install/yolov5_ros/share/yolov5_ros/hook/ament_prefix_path.sh'
[5.604s] INFO:colcon.colcon_core.shell:Skip shell extension 'powershell' for command environment: Not usable outside of PowerShell
[5.604s] DEBUG:colcon.colcon_core.shell:Skip shell extension 'dsv' for command environment
[5.858s] INFO:colcon.colcon_core.task.python.build:Building Python package in '/home/vf/Documents/ws_yolov5/src/YOLOv5-ROS/yolov5_ros'
[5.859s] INFO:colcon.colcon_core.shell:Skip shell extension 'powershell' for command environment: Not usable outside of PowerShell
[5.859s] DEBUG:colcon.colcon_core.shell:Skip shell extension 'dsv' for command environment
[6.430s] DEBUG:colcon.colcon_core.event_handler.log_command:Invoking command in '/home/vf/Documents/ws_yolov5/build/yolov5_ros': CMAKE_PREFIX_PATH=/home/vf/Documents/ws_yolov5/install/bboxes_ex_msgs:/home/vf/Documents/ws_yolov5/install/v4l2_camera:/home/vf/Documents/ws_yolov5/install/usb_cam LD_LIBRARY_PATH=/home/vf/Documents/ws_yolov5/install/bboxes_ex_msgs/lib:/home/vf/Documents/ws_yolov5/install/v4l2_camera/lib:/home/vf/Documents/ws_yolov5/install/usb_cam/lib:/usr/lib/x86_64-linux-gnu/gazebo-11/plugins:/opt/ros/foxy/opt/yaml_cpp_vendor/lib:/opt/ros/foxy/opt/rviz_ogre_vendor/lib:/opt/ros/foxy/lib/x86_64-linux-gnu:/opt/ros/foxy/lib:/usr/share/gazebo/../../lib/x86_64-linux-gnu/gazebo-11/plugins PYTHONPATH=/home/vf/Documents/ws_yolov5/build/yolov5_ros/prefix_override:/usr/lib/python3/dist-packages/colcon_core/task/python/colcon_distutils_commands:/home/vf/Documents/ws_yolov5/install/yolov5_ros/lib/python3.8/site-packages:/home/vf/Documents/ws_yolov5/install/bboxes_ex_msgs/lib/python3.8/site-packages:/home/vf/Documents/ws_yolov5/build/yolov5_ros:/home/vf/Documents/ws_yolov5/install/yolov5_ros/lib/python3.8/site-packages:/opt/ros/foxy/lib/python3.8/site-packages /usr/bin/python3 -W ignore:setup.py install is deprecated -W ignore:easy_install command is deprecated setup.py develop --editable --build-directory /home/vf/Documents/ws_yolov5/build/yolov5_ros/build --no-deps symlink_data
[7.236s] Level 1:colcon.colcon_core.shell:create_environment_hook('yolov5_ros', 'pythonpath_develop')
[7.236s] INFO:colcon.colcon_core.shell:Creating environment hook '/home/vf/Documents/ws_yolov5/build/yolov5_ros/share/yolov5_ros/hook/pythonpath_develop.ps1'
[7.237s] DEBUG:colcon.colcon_core.event_handler.log_command:Invoked command in '/home/vf/Documents/ws_yolov5/build/yolov5_ros' returned '0': CMAKE_PREFIX_PATH=/home/vf/Documents/ws_yolov5/install/bboxes_ex_msgs:/home/vf/Documents/ws_yolov5/install/v4l2_camera:/home/vf/Documents/ws_yolov5/install/usb_cam LD_LIBRARY_PATH=/home/vf/Documents/ws_yolov5/install/bboxes_ex_msgs/lib:/home/vf/Documents/ws_yolov5/install/v4l2_camera/lib:/home/vf/Documents/ws_yolov5/install/usb_cam/lib:/usr/lib/x86_64-linux-gnu/gazebo-11/plugins:/opt/ros/foxy/opt/yaml_cpp_vendor/lib:/opt/ros/foxy/opt/rviz_ogre_vendor/lib:/opt/ros/foxy/lib/x86_64-linux-gnu:/opt/ros/foxy/lib:/usr/share/gazebo/../../lib/x86_64-linux-gnu/gazebo-11/plugins PYTHONPATH=/home/vf/Documents/ws_yolov5/build/yolov5_ros/prefix_override:/usr/lib/python3/dist-packages/colcon_core/task/python/colcon_distutils_commands:/home/vf/Documents/ws_yolov5/install/yolov5_ros/lib/python3.8/site-packages:/home/vf/Documents/ws_yolov5/install/bboxes_ex_msgs/lib/python3.8/site-packages:/home/vf/Documents/ws_yolov5/build/yolov5_ros:/home/vf/Documents/ws_yolov5/install/yolov5_ros/lib/python3.8/site-packages:/opt/ros/foxy/lib/python3.8/site-packages /usr/bin/python3 -W ignore:setup.py install is deprecated -W ignore:easy_install command is deprecated setup.py develop --editable --build-directory /home/vf/Documents/ws_yolov5/build/yolov5_ros/build --no-deps symlink_data
[7.238s] INFO:colcon.colcon_core.shell:Creating environment descriptor '/home/vf/Documents/ws_yolov5/build/yolov5_ros/share/yolov5_ros/hook/pythonpath_develop.dsv'
[7.238s] INFO:colcon.colcon_core.shell:Creating environment hook '/home/vf/Documents/ws_yolov5/build/yolov5_ros/share/yolov5_ros/hook/pythonpath_develop.sh'
[7.239s] Level 1:colcon.colcon_core.environment:checking '/home/vf/Documents/ws_yolov5/install/yolov5_ros' for CMake module files
[7.240s] Level 1:colcon.colcon_core.environment:checking '/home/vf/Documents/ws_yolov5/install/yolov5_ros' for CMake config files
[7.240s] Level 1:colcon.colcon_core.environment:checking '/home/vf/Documents/ws_yolov5/install/yolov5_ros/lib'
[7.240s] Level 1:colcon.colcon_core.environment:checking '/home/vf/Documents/ws_yolov5/install/yolov5_ros/bin'
[7.240s] Level 1:colcon.colcon_core.environment:checking '/home/vf/Documents/ws_yolov5/install/yolov5_ros/lib/pkgconfig/yolov5_ros.pc'
[7.241s] Level 1:colcon.colcon_core.environment:checking '/home/vf/Documents/ws_yolov5/install/yolov5_ros/lib/python3.8/site-packages'
[7.241s] Level 1:colcon.colcon_core.shell:create_environment_hook('yolov5_ros', 'pythonpath')
[7.241s] INFO:colcon.colcon_core.shell:Creating environment hook '/home/vf/Documents/ws_yolov5/install/yolov5_ros/share/yolov5_ros/hook/pythonpath.ps1'
[7.242s] INFO:colcon.colcon_core.shell:Creating environment descriptor '/home/vf/Documents/ws_yolov5/install/yolov5_ros/share/yolov5_ros/hook/pythonpath.dsv'
[7.242s] INFO:colcon.colcon_core.shell:Creating environment hook '/home/vf/Documents/ws_yolov5/install/yolov5_ros/share/yolov5_ros/hook/pythonpath.sh'
[7.243s] Level 1:colcon.colcon_core.environment:checking '/home/vf/Documents/ws_yolov5/install/yolov5_ros/bin'
[7.243s] Level 1:colcon.colcon_core.environment:create_environment_scripts_only(yolov5_ros)
[7.243s] INFO:colcon.colcon_core.shell:Creating package script '/home/vf/Documents/ws_yolov5/install/yolov5_ros/share/yolov5_ros/package.ps1'
[7.244s] INFO:colcon.colcon_core.shell:Creating package descriptor '/home/vf/Documents/ws_yolov5/install/yolov5_ros/share/yolov5_ros/package.dsv'
[7.245s] INFO:colcon.colcon_core.shell:Creating package script '/home/vf/Documents/ws_yolov5/install/yolov5_ros/share/yolov5_ros/package.sh'
[7.245s] INFO:colcon.colcon_core.shell:Creating package script '/home/vf/Documents/ws_yolov5/install/yolov5_ros/share/yolov5_ros/package.bash'
[7.246s] INFO:colcon.colcon_core.shell:Creating package script '/home/vf/Documents/ws_yolov5/install/yolov5_ros/share/yolov5_ros/package.zsh'
[7.246s] Level 1:colcon.colcon_core.environment:create_file_with_runtime_dependencies(/home/vf/Documents/ws_yolov5/install/yolov5_ros/share/colcon-core/packages/yolov5_ros)
[10.477s] DEBUG:colcon.colcon_core.event_handler.log_command:Invoked command in '/home/vf/Documents/ws_yolov5/build/usb_cam' returned '0': CMAKE_PREFIX_PATH=${CMAKE_PREFIX_PATH}:/home/vf/Documents/ws_yolov5/install/yolov5_ros:/opt/ros/foxy /usr/bin/cmake --build /home/vf/Documents/ws_yolov5/build/usb_cam -- -j12 -l12
[10.480s] DEBUG:colcon.colcon_core.event_handler.log_command:Invoking command in '/home/vf/Documents/ws_yolov5/build/usb_cam': CMAKE_PREFIX_PATH=${CMAKE_PREFIX_PATH}:/home/vf/Documents/ws_yolov5/install/yolov5_ros:/opt/ros/foxy /usr/bin/cmake --install /home/vf/Documents/ws_yolov5/build/usb_cam
[10.825s] Level 1:colcon.colcon_core.environment:create_environment_scripts_only(usb_cam)
[10.825s] Level 1:colcon.colcon_core.environment:checking '/home/vf/Documents/ws_yolov5/install/usb_cam' for CMake module files
[10.826s] DEBUG:colcon.colcon_core.event_handler.log_command:Invoked command in '/home/vf/Documents/ws_yolov5/build/usb_cam' returned '0': CMAKE_PREFIX_PATH=${CMAKE_PREFIX_PATH}:/home/vf/Documents/ws_yolov5/install/yolov5_ros:/opt/ros/foxy /usr/bin/cmake --install /home/vf/Documents/ws_yolov5/build/usb_cam
[10.826s] Level 1:colcon.colcon_core.environment:checking '/home/vf/Documents/ws_yolov5/install/usb_cam' for CMake config files
[10.826s] Level 1:colcon.colcon_core.shell:create_environment_hook('usb_cam', 'cmake_prefix_path')
[10.826s] INFO:colcon.colcon_core.shell:Creating environment hook '/home/vf/Documents/ws_yolov5/install/usb_cam/share/usb_cam/hook/cmake_prefix_path.ps1'
[10.827s] INFO:colcon.colcon_core.shell:Creating environment descriptor '/home/vf/Documents/ws_yolov5/install/usb_cam/share/usb_cam/hook/cmake_prefix_path.dsv'
[10.827s] INFO:colcon.colcon_core.shell:Creating environment hook '/home/vf/Documents/ws_yolov5/install/usb_cam/share/usb_cam/hook/cmake_prefix_path.sh'
[10.827s] Level 1:colcon.colcon_core.environment:checking '/home/vf/Documents/ws_yolov5/install/usb_cam/lib'
[10.827s] Level 1:colcon.colcon_core.shell:create_environment_hook('usb_cam', 'ld_library_path_lib')
[10.827s] INFO:colcon.colcon_core.shell:Creating environment hook '/home/vf/Documents/ws_yolov5/install/usb_cam/share/usb_cam/hook/ld_library_path_lib.ps1'
[10.828s] INFO:colcon.colcon_core.shell:Creating environment descriptor '/home/vf/Documents/ws_yolov5/install/usb_cam/share/usb_cam/hook/ld_library_path_lib.dsv'
[10.828s] INFO:colcon.colcon_core.shell:Creating environment hook '/home/vf/Documents/ws_yolov5/install/usb_cam/share/usb_cam/hook/ld_library_path_lib.sh'
[10.828s] Level 1:colcon.colcon_core.environment:checking '/home/vf/Documents/ws_yolov5/install/usb_cam/bin'
[10.828s] Level 1:colcon.colcon_core.environment:checking '/home/vf/Documents/ws_yolov5/install/usb_cam/lib/pkgconfig/usb_cam.pc'
[10.828s] Level 1:colcon.colcon_core.environment:checking '/home/vf/Documents/ws_yolov5/install/usb_cam/lib/python3.8/site-packages'
[10.828s] Level 1:colcon.colcon_core.environment:checking '/home/vf/Documents/ws_yolov5/install/usb_cam/bin'
[10.829s] INFO:colcon.colcon_core.shell:Creating package script '/home/vf/Documents/ws_yolov5/install/usb_cam/share/usb_cam/package.ps1'
[10.829s] INFO:colcon.colcon_core.shell:Creating package descriptor '/home/vf/Documents/ws_yolov5/install/usb_cam/share/usb_cam/package.dsv'
[10.829s] INFO:colcon.colcon_core.shell:Creating package script '/home/vf/Documents/ws_yolov5/install/usb_cam/share/usb_cam/package.sh'
[10.829s] INFO:colcon.colcon_core.shell:Creating package script '/home/vf/Documents/ws_yolov5/install/usb_cam/share/usb_cam/package.bash'
[10.830s] INFO:colcon.colcon_core.shell:Creating package script '/home/vf/Documents/ws_yolov5/install/usb_cam/share/usb_cam/package.zsh'
[10.830s] Level 1:colcon.colcon_core.environment:create_file_with_runtime_dependencies(/home/vf/Documents/ws_yolov5/install/usb_cam/share/colcon-core/packages/usb_cam)
[10.830s] Level 1:colcon.colcon_core.environment:create_environment_scripts_only(usb_cam)
[10.830s] Level 1:colcon.colcon_core.environment:checking '/home/vf/Documents/ws_yolov5/install/usb_cam' for CMake module files
[10.831s] Level 1:colcon.colcon_core.environment:checking '/home/vf/Documents/ws_yolov5/install/usb_cam' for CMake config files
[10.831s] Level 1:colcon.colcon_core.shell:create_environment_hook('usb_cam', 'cmake_prefix_path')
[10.831s] INFO:colcon.colcon_core.shell:Creating environment hook '/home/vf/Documents/ws_yolov5/install/usb_cam/share/usb_cam/hook/cmake_prefix_path.ps1'
[10.831s] INFO:colcon.colcon_core.shell:Creating environment descriptor '/home/vf/Documents/ws_yolov5/install/usb_cam/share/usb_cam/hook/cmake_prefix_path.dsv'
[10.831s] INFO:colcon.colcon_core.shell:Creating environment hook '/home/vf/Documents/ws_yolov5/install/usb_cam/share/usb_cam/hook/cmake_prefix_path.sh'
[10.832s] Level 1:colcon.colcon_core.environment:checking '/home/vf/Documents/ws_yolov5/install/usb_cam/lib'
[10.832s] Level 1:colcon.colcon_core.shell:create_environment_hook('usb_cam', 'ld_library_path_lib')
[10.832s] INFO:colcon.colcon_core.shell:Creating environment hook '/home/vf/Documents/ws_yolov5/install/usb_cam/share/usb_cam/hook/ld_library_path_lib.ps1'
[10.832s] INFO:colcon.colcon_core.shell:Creating environment descriptor '/home/vf/Documents/ws_yolov5/install/usb_cam/share/usb_cam/hook/ld_library_path_lib.dsv'
[10.832s] INFO:colcon.colcon_core.shell:Creating environment hook '/home/vf/Documents/ws_yolov5/install/usb_cam/share/usb_cam/hook/ld_library_path_lib.sh'
[10.833s] Level 1:colcon.colcon_core.environment:checking '/home/vf/Documents/ws_yolov5/install/usb_cam/bin'
[10.833s] Level 1:colcon.colcon_core.environment:checking '/home/vf/Documents/ws_yolov5/install/usb_cam/lib/pkgconfig/usb_cam.pc'
[10.833s] Level 1:colcon.colcon_core.environment:checking '/home/vf/Documents/ws_yolov5/install/usb_cam/lib/python3.8/site-packages'
[10.833s] Level 1:colcon.colcon_core.environment:checking '/home/vf/Documents/ws_yolov5/install/usb_cam/bin'
[10.833s] INFO:colcon.colcon_core.shell:Creating package script '/home/vf/Documents/ws_yolov5/install/usb_cam/share/usb_cam/package.ps1'
[10.834s] INFO:colcon.colcon_core.shell:Creating package descriptor '/home/vf/Documents/ws_yolov5/install/usb_cam/share/usb_cam/package.dsv'
[10.834s] INFO:colcon.colcon_core.shell:Creating package script '/home/vf/Documents/ws_yolov5/install/usb_cam/share/usb_cam/package.sh'
[10.834s] INFO:colcon.colcon_core.shell:Creating package script '/home/vf/Documents/ws_yolov5/install/usb_cam/share/usb_cam/package.bash'
[10.835s] INFO:colcon.colcon_core.shell:Creating package script '/home/vf/Documents/ws_yolov5/install/usb_cam/share/usb_cam/package.zsh'
[10.835s] Level 1:colcon.colcon_core.environment:create_file_with_runtime_dependencies(/home/vf/Documents/ws_yolov5/install/usb_cam/share/colcon-core/packages/usb_cam)
[10.938s] DEBUG:colcon.colcon_core.event_handler.log_command:Invoked command in '/home/vf/Documents/ws_yolov5/build/v4l2_camera' returned '0': CMAKE_PREFIX_PATH=${CMAKE_PREFIX_PATH}:/home/vf/Documents/ws_yolov5/install/yolov5_ros:/opt/ros/foxy /usr/bin/cmake --build /home/vf/Documents/ws_yolov5/build/v4l2_camera -- -j12 -l12
[10.940s] DEBUG:colcon.colcon_core.event_handler.log_command:Invoking command in '/home/vf/Documents/ws_yolov5/build/v4l2_camera': CMAKE_PREFIX_PATH=${CMAKE_PREFIX_PATH}:/home/vf/Documents/ws_yolov5/install/yolov5_ros:/opt/ros/foxy /usr/bin/cmake --install /home/vf/Documents/ws_yolov5/build/v4l2_camera
[11.138s] Level 1:colcon.colcon_core.environment:create_environment_scripts_only(v4l2_camera)
[11.138s] Level 1:colcon.colcon_core.environment:checking '/home/vf/Documents/ws_yolov5/install/v4l2_camera' for CMake module files
[11.138s] DEBUG:colcon.colcon_core.event_handler.log_command:Invoked command in '/home/vf/Documents/ws_yolov5/build/v4l2_camera' returned '0': CMAKE_PREFIX_PATH=${CMAKE_PREFIX_PATH}:/home/vf/Documents/ws_yolov5/install/yolov5_ros:/opt/ros/foxy /usr/bin/cmake --install /home/vf/Documents/ws_yolov5/build/v4l2_camera
[11.138s] Level 1:colcon.colcon_core.environment:checking '/home/vf/Documents/ws_yolov5/install/v4l2_camera' for CMake config files
[11.139s] Level 1:colcon.colcon_core.shell:create_environment_hook('v4l2_camera', 'cmake_prefix_path')
[11.139s] INFO:colcon.colcon_core.shell:Creating environment hook '/home/vf/Documents/ws_yolov5/install/v4l2_camera/share/v4l2_camera/hook/cmake_prefix_path.ps1'
[11.139s] INFO:colcon.colcon_core.shell:Creating environment descriptor '/home/vf/Documents/ws_yolov5/install/v4l2_camera/share/v4l2_camera/hook/cmake_prefix_path.dsv'
[11.140s] INFO:colcon.colcon_core.shell:Creating environment hook '/home/vf/Documents/ws_yolov5/install/v4l2_camera/share/v4l2_camera/hook/cmake_prefix_path.sh'
[11.140s] Level 1:colcon.colcon_core.environment:checking '/home/vf/Documents/ws_yolov5/install/v4l2_camera/lib'
[11.140s] Level 1:colcon.colcon_core.shell:create_environment_hook('v4l2_camera', 'ld_library_path_lib')
[11.140s] INFO:colcon.colcon_core.shell:Creating environment hook '/home/vf/Documents/ws_yolov5/install/v4l2_camera/share/v4l2_camera/hook/ld_library_path_lib.ps1'
[11.140s] INFO:colcon.colcon_core.shell:Creating environment descriptor '/home/vf/Documents/ws_yolov5/install/v4l2_camera/share/v4l2_camera/hook/ld_library_path_lib.dsv'
[11.140s] INFO:colcon.colcon_core.shell:Creating environment hook '/home/vf/Documents/ws_yolov5/install/v4l2_camera/share/v4l2_camera/hook/ld_library_path_lib.sh'
[11.141s] Level 1:colcon.colcon_core.environment:checking '/home/vf/Documents/ws_yolov5/install/v4l2_camera/bin'
[11.141s] Level 1:colcon.colcon_core.environment:checking '/home/vf/Documents/ws_yolov5/install/v4l2_camera/lib/pkgconfig/v4l2_camera.pc'
[11.141s] Level 1:colcon.colcon_core.environment:checking '/home/vf/Documents/ws_yolov5/install/v4l2_camera/lib/python3.8/site-packages'
[11.141s] Level 1:colcon.colcon_core.environment:checking '/home/vf/Documents/ws_yolov5/install/v4l2_camera/bin'
[11.141s] INFO:colcon.colcon_core.shell:Creating package script '/home/vf/Documents/ws_yolov5/install/v4l2_camera/share/v4l2_camera/package.ps1'
[11.142s] INFO:colcon.colcon_core.shell:Creating package descriptor '/home/vf/Documents/ws_yolov5/install/v4l2_camera/share/v4l2_camera/package.dsv'
[11.142s] INFO:colcon.colcon_core.shell:Creating package script '/home/vf/Documents/ws_yolov5/install/v4l2_camera/share/v4l2_camera/package.sh'
[11.142s] INFO:colcon.colcon_core.shell:Creating package script '/home/vf/Documents/ws_yolov5/install/v4l2_camera/share/v4l2_camera/package.bash'
[11.142s] INFO:colcon.colcon_core.shell:Creating package script '/home/vf/Documents/ws_yolov5/install/v4l2_camera/share/v4l2_camera/package.zsh'
[11.143s] Level 1:colcon.colcon_core.environment:create_file_with_runtime_dependencies(/home/vf/Documents/ws_yolov5/install/v4l2_camera/share/colcon-core/packages/v4l2_camera)
[11.143s] Level 1:colcon.colcon_core.environment:create_environment_scripts_only(v4l2_camera)
[11.143s] Level 1:colcon.colcon_core.environment:checking '/home/vf/Documents/ws_yolov5/install/v4l2_camera' for CMake module files
[11.143s] Level 1:colcon.colcon_core.environment:checking '/home/vf/Documents/ws_yolov5/install/v4l2_camera' for CMake config files
[11.144s] Level 1:colcon.colcon_core.shell:create_environment_hook('v4l2_camera', 'cmake_prefix_path')
[11.144s] INFO:colcon.colcon_core.shell:Creating environment hook '/home/vf/Documents/ws_yolov5/install/v4l2_camera/share/v4l2_camera/hook/cmake_prefix_path.ps1'
[11.144s] INFO:colcon.colcon_core.shell:Creating environment descriptor '/home/vf/Documents/ws_yolov5/install/v4l2_camera/share/v4l2_camera/hook/cmake_prefix_path.dsv'
[11.144s] INFO:colcon.colcon_core.shell:Creating environment hook '/home/vf/Documents/ws_yolov5/install/v4l2_camera/share/v4l2_camera/hook/cmake_prefix_path.sh'
[11.145s] Level 1:colcon.colcon_core.environment:checking '/home/vf/Documents/ws_yolov5/install/v4l2_camera/lib'
[11.145s] Level 1:colcon.colcon_core.shell:create_environment_hook('v4l2_camera', 'ld_library_path_lib')
[11.145s] INFO:colcon.colcon_core.shell:Creating environment hook '/home/vf/Documents/ws_yolov5/install/v4l2_camera/share/v4l2_camera/hook/ld_library_path_lib.ps1'
[11.145s] INFO:colcon.colcon_core.shell:Creating environment descriptor '/home/vf/Documents/ws_yolov5/install/v4l2_camera/share/v4l2_camera/hook/ld_library_path_lib.dsv'
[11.145s] INFO:colcon.colcon_core.shell:Creating environment hook '/home/vf/Documents/ws_yolov5/install/v4l2_camera/share/v4l2_camera/hook/ld_library_path_lib.sh'
[11.146s] Level 1:colcon.colcon_core.environment:checking '/home/vf/Documents/ws_yolov5/install/v4l2_camera/bin'
[11.146s] Level 1:colcon.colcon_core.environment:checking '/home/vf/Documents/ws_yolov5/install/v4l2_camera/lib/pkgconfig/v4l2_camera.pc'
[11.146s] Level 1:colcon.colcon_core.environment:checking '/home/vf/Documents/ws_yolov5/install/v4l2_camera/lib/python3.8/site-packages'
[11.146s] Level 1:colcon.colcon_core.environment:checking '/home/vf/Documents/ws_yolov5/install/v4l2_camera/bin'
[11.146s] INFO:colcon.colcon_core.shell:Creating package script '/home/vf/Documents/ws_yolov5/install/v4l2_camera/share/v4l2_camera/package.ps1'
[11.146s] INFO:colcon.colcon_core.shell:Creating package descriptor '/home/vf/Documents/ws_yolov5/install/v4l2_camera/share/v4l2_camera/package.dsv'
[11.147s] INFO:colcon.colcon_core.shell:Creating package script '/home/vf/Documents/ws_yolov5/install/v4l2_camera/share/v4l2_camera/package.sh'
[11.147s] INFO:colcon.colcon_core.shell:Creating package script '/home/vf/Documents/ws_yolov5/install/v4l2_camera/share/v4l2_camera/package.bash'
[11.147s] INFO:colcon.colcon_core.shell:Creating package script '/home/vf/Documents/ws_yolov5/install/v4l2_camera/share/v4l2_camera/package.zsh'
[11.148s] Level 1:colcon.colcon_core.environment:create_file_with_runtime_dependencies(/home/vf/Documents/ws_yolov5/install/v4l2_camera/share/colcon-core/packages/v4l2_camera)
[11.148s] DEBUG:colcon.colcon_parallel_executor.executor.parallel:closing loop
[11.148s] DEBUG:colcon.colcon_parallel_executor.executor.parallel:loop closed
[11.148s] DEBUG:colcon.colcon_parallel_executor.executor.parallel:run_until_complete finished with '0'
[11.148s] DEBUG:colcon.colcon_core.event_reactor:joining thread
[11.152s] INFO:colcon.colcon_core.plugin_system:Skipping extension 'colcon_notification.desktop_notification.terminal_notifier': Not used on non-Darwin systems
[11.152s] INFO:colcon.colcon_core.plugin_system:Skipping extension 'colcon_notification.desktop_notification.win32': Not used on non-Windows systems
[11.152s] INFO:colcon.colcon_notification.desktop_notification:Sending desktop notification using 'notify2'
[11.161s] DEBUG:colcon.colcon_core.event_reactor:joined thread
[11.161s] INFO:colcon.colcon_core.shell:Creating prefix script '/home/vf/Documents/ws_yolov5/install/local_setup.ps1'
[11.163s] INFO:colcon.colcon_core.shell:Creating prefix util module '/home/vf/Documents/ws_yolov5/install/_local_setup_util_ps1.py'
[11.164s] INFO:colcon.colcon_core.shell:Creating prefix chain script '/home/vf/Documents/ws_yolov5/install/setup.ps1'
[11.165s] INFO:colcon.colcon_core.shell:Creating prefix script '/home/vf/Documents/ws_yolov5/install/local_setup.sh'
[11.165s] INFO:colcon.colcon_core.shell:Creating prefix util module '/home/vf/Documents/ws_yolov5/install/_local_setup_util_sh.py'
[11.165s] INFO:colcon.colcon_core.shell:Creating prefix chain script '/home/vf/Documents/ws_yolov5/install/setup.sh'
[11.166s] INFO:colcon.colcon_core.shell:Creating prefix script '/home/vf/Documents/ws_yolov5/install/local_setup.bash'
[11.166s] INFO:colcon.colcon_core.shell:Creating prefix chain script '/home/vf/Documents/ws_yolov5/install/setup.bash'
[11.167s] INFO:colcon.colcon_core.shell:Creating prefix script '/home/vf/Documents/ws_yolov5/install/local_setup.zsh'
[11.167s] INFO:colcon.colcon_core.shell:Creating prefix chain script '/home/vf/Documents/ws_yolov5/install/setup.zsh'
