[0.619s] Invoking command in '/home/vf/Documents/ws_yolov5/src/YOLOv5-ROS/yolov5_ros': AMENT_PREFIX_PATH=/home/vf/Documents/ws_yolov5/install/bboxes_ex_msgs:${AMENT_PREFIX_PATH} CMAKE_PREFIX_PATH=/home/vf/Documents/ws_yolov5/install/bboxes_ex_msgs LD_LIBRARY_PATH=/home/vf/Documents/ws_yolov5/install/bboxes_ex_msgs/lib:/usr/lib/x86_64-linux-gnu/gazebo-11/plugins:/opt/ros/foxy/opt/yaml_cpp_vendor/lib:/opt/ros/foxy/opt/rviz_ogre_vendor/lib:/opt/ros/foxy/lib/x86_64-linux-gnu:/opt/ros/foxy/lib:/usr/share/gazebo/../../lib/x86_64-linux-gnu/gazebo-11/plugins PYTHONPATH=/home/vf/Documents/ws_yolov5/build/yolov5_ros/prefix_override:/usr/lib/python3/dist-packages/colcon_core/task/python/colcon_distutils_commands:/home/vf/Documents/ws_yolov5/install/yolov5_ros/lib/python3.8/site-packages:/home/vf/Documents/ws_yolov5/install/bboxes_ex_msgs/lib/python3.8/site-packages:${PYTHONPATH} /usr/bin/python3 -W ignore:setup.py install is deprecated -W ignore:easy_install command is deprecated setup.py egg_info --egg-base ../../../build/yolov5_ros build --build-base /home/vf/Documents/ws_yolov5/build/yolov5_ros/build install --record /home/vf/Documents/ws_yolov5/build/yolov5_ros/install.log --single-version-externally-managed install_data
[0.728s] /home/vf/.local/lib/python3.8/site-packages/setuptools/_distutils/dist.py:261: UserWarning: Unknown distribution option: 'tests_require'
[0.728s]   warnings.warn(msg)
[0.835s] running egg_info
[0.852s] writing ../../../build/yolov5_ros/yolov5_ros.egg-info/PKG-INFO
[0.853s] writing dependency_links to ../../../build/yolov5_ros/yolov5_ros.egg-info/dependency_links.txt
[0.853s] writing entry points to ../../../build/yolov5_ros/yolov5_ros.egg-info/entry_points.txt
[0.853s] writing requirements to ../../../build/yolov5_ros/yolov5_ros.egg-info/requires.txt
[0.853s] writing top-level names to ../../../build/yolov5_ros/yolov5_ros.egg-info/top_level.txt
[0.954s] reading manifest file '../../../build/yolov5_ros/yolov5_ros.egg-info/SOURCES.txt'
[0.957s] writing manifest file '../../../build/yolov5_ros/yolov5_ros.egg-info/SOURCES.txt'
[0.957s] running build
[0.957s] running build_py
[0.957s] copying yolov5_ros/main.py -> /home/vf/Documents/ws_yolov5/build/yolov5_ros/build/lib/yolov5_ros
[0.961s] copying yolov5_ros/export.py -> /home/vf/Documents/ws_yolov5/build/yolov5_ros/build/lib/yolov5_ros
[0.961s] copying yolov5_ros/yolov5_node.py -> /home/vf/Documents/ws_yolov5/build/yolov5_ros/build/lib/yolov5_ros
[0.961s] copying yolov5_ros/__init__.py -> /home/vf/Documents/ws_yolov5/build/yolov5_ros/build/lib/yolov5_ros
[0.962s] copying yolov5_ros/models/experimental.py -> /home/vf/Documents/ws_yolov5/build/yolov5_ros/build/lib/yolov5_ros/models
[0.967s] copying yolov5_ros/models/tf.py -> /home/vf/Documents/ws_yolov5/build/yolov5_ros/build/lib/yolov5_ros/models
[0.972s] copying yolov5_ros/models/yolo.py -> /home/vf/Documents/ws_yolov5/build/yolov5_ros/build/lib/yolov5_ros/models
[0.982s] copying yolov5_ros/models/__init__.py -> /home/vf/Documents/ws_yolov5/build/yolov5_ros/build/lib/yolov5_ros/models
[0.982s] copying yolov5_ros/models/common.py -> /home/vf/Documents/ws_yolov5/build/yolov5_ros/build/lib/yolov5_ros/models
[0.998s] copying yolov5_ros/utils/autobatch.py -> /home/vf/Documents/ws_yolov5/build/yolov5_ros/build/lib/yolov5_ros/utils
[1.004s] copying yolov5_ros/utils/metrics.py -> /home/vf/Documents/ws_yolov5/build/yolov5_ros/build/lib/yolov5_ros/utils
[1.010s] copying yolov5_ros/utils/autoanchor.py -> /home/vf/Documents/ws_yolov5/build/yolov5_ros/build/lib/yolov5_ros/utils
[1.015s] copying yolov5_ros/utils/benchmarks.py -> /home/vf/Documents/ws_yolov5/build/yolov5_ros/build/lib/yolov5_ros/utils
[1.021s] copying yolov5_ros/utils/plots.py -> /home/vf/Documents/ws_yolov5/build/yolov5_ros/build/lib/yolov5_ros/utils
[1.028s] copying yolov5_ros/utils/augmentations.py -> /home/vf/Documents/ws_yolov5/build/yolov5_ros/build/lib/yolov5_ros/utils
[1.038s] copying yolov5_ros/utils/datasets.py -> /home/vf/Documents/ws_yolov5/build/yolov5_ros/build/lib/yolov5_ros/utils
[1.054s] copying yolov5_ros/utils/callbacks.py -> /home/vf/Documents/ws_yolov5/build/yolov5_ros/build/lib/yolov5_ros/utils
[1.064s] copying yolov5_ros/utils/loss.py -> /home/vf/Documents/ws_yolov5/build/yolov5_ros/build/lib/yolov5_ros/utils
[1.067s] copying yolov5_ros/utils/torch_utils.py -> /home/vf/Documents/ws_yolov5/build/yolov5_ros/build/lib/yolov5_ros/utils
[1.071s] copying yolov5_ros/utils/general.py -> /home/vf/Documents/ws_yolov5/build/yolov5_ros/build/lib/yolov5_ros/utils
[1.082s] copying yolov5_ros/utils/downloads.py -> /home/vf/Documents/ws_yolov5/build/yolov5_ros/build/lib/yolov5_ros/utils
[1.089s] copying yolov5_ros/utils/activations.py -> /home/vf/Documents/ws_yolov5/build/yolov5_ros/build/lib/yolov5_ros/utils
[1.093s] copying yolov5_ros/utils/__init__.py -> /home/vf/Documents/ws_yolov5/build/yolov5_ros/build/lib/yolov5_ros/utils
[1.097s] copying yolov5_ros/utils/aws/resume.py -> /home/vf/Documents/ws_yolov5/build/yolov5_ros/build/lib/yolov5_ros/utils/aws
[1.100s] copying yolov5_ros/utils/aws/__init__.py -> /home/vf/Documents/ws_yolov5/build/yolov5_ros/build/lib/yolov5_ros/utils/aws
[1.101s] copying yolov5_ros/utils/loggers/__init__.py -> /home/vf/Documents/ws_yolov5/build/yolov5_ros/build/lib/yolov5_ros/utils/loggers
[1.104s] copying yolov5_ros/utils/loggers/wandb/wandb_utils.py -> /home/vf/Documents/ws_yolov5/build/yolov5_ros/build/lib/yolov5_ros/utils/loggers/wandb
[1.108s] copying yolov5_ros/utils/loggers/wandb/sweep.py -> /home/vf/Documents/ws_yolov5/build/yolov5_ros/build/lib/yolov5_ros/utils/loggers/wandb
[1.118s] copying yolov5_ros/utils/loggers/wandb/log_dataset.py -> /home/vf/Documents/ws_yolov5/build/yolov5_ros/build/lib/yolov5_ros/utils/loggers/wandb
[1.124s] copying yolov5_ros/utils/loggers/wandb/__init__.py -> /home/vf/Documents/ws_yolov5/build/yolov5_ros/build/lib/yolov5_ros/utils/loggers/wandb
[1.125s] running install
[1.128s] running install_lib
[1.146s] copying /home/vf/Documents/ws_yolov5/build/yolov5_ros/build/lib/yolov5_ros/yolov5_node.py -> /home/vf/Documents/ws_yolov5/install/yolov5_ros/lib/python3.8/site-packages/yolov5_ros
[1.147s] byte-compiling /home/vf/Documents/ws_yolov5/install/yolov5_ros/lib/python3.8/site-packages/yolov5_ros/yolov5_node.py to yolov5_node.cpython-38.pyc
[1.148s] running install_data
[1.148s] copying resource/yolov5_ros -> /home/vf/Documents/ws_yolov5/install/yolov5_ros/share/ament_index/resource_index/packages
[1.148s] copying package.xml -> /home/vf/Documents/ws_yolov5/install/yolov5_ros/share/yolov5_ros
[1.149s] copying launch/yolov5s_simple.launch.py -> /home/vf/Documents/ws_yolov5/install/yolov5_ros/share/yolov5_ros
[1.155s] running install_egg_info
[1.174s] removing '/home/vf/Documents/ws_yolov5/install/yolov5_ros/lib/python3.8/site-packages/yolov5_ros-0.2.0-py3.8.egg-info' (and everything under it)
[1.174s] Copying ../../../build/yolov5_ros/yolov5_ros.egg-info to /home/vf/Documents/ws_yolov5/install/yolov5_ros/lib/python3.8/site-packages/yolov5_ros-0.2.0-py3.8.egg-info
[1.178s] running install_scripts
[1.219s] Installing yolov5_node script to /home/vf/Documents/ws_yolov5/install/yolov5_ros/lib/yolov5_ros
[1.219s] Installing yolov5_ros script to /home/vf/Documents/ws_yolov5/install/yolov5_ros/lib/yolov5_ros
[1.220s] writing list of installed files to '/home/vf/Documents/ws_yolov5/build/yolov5_ros/install.log'
[1.241s] Invoked command in '/home/vf/Documents/ws_yolov5/src/YOLOv5-ROS/yolov5_ros' returned '0': AMENT_PREFIX_PATH=/home/vf/Documents/ws_yolov5/install/bboxes_ex_msgs:${AMENT_PREFIX_PATH} CMAKE_PREFIX_PATH=/home/vf/Documents/ws_yolov5/install/bboxes_ex_msgs LD_LIBRARY_PATH=/home/vf/Documents/ws_yolov5/install/bboxes_ex_msgs/lib:/usr/lib/x86_64-linux-gnu/gazebo-11/plugins:/opt/ros/foxy/opt/yaml_cpp_vendor/lib:/opt/ros/foxy/opt/rviz_ogre_vendor/lib:/opt/ros/foxy/lib/x86_64-linux-gnu:/opt/ros/foxy/lib:/usr/share/gazebo/../../lib/x86_64-linux-gnu/gazebo-11/plugins PYTHONPATH=/home/vf/Documents/ws_yolov5/build/yolov5_ros/prefix_override:/usr/lib/python3/dist-packages/colcon_core/task/python/colcon_distutils_commands:/home/vf/Documents/ws_yolov5/install/yolov5_ros/lib/python3.8/site-packages:/home/vf/Documents/ws_yolov5/install/bboxes_ex_msgs/lib/python3.8/site-packages:${PYTHONPATH} /usr/bin/python3 -W ignore:setup.py install is deprecated -W ignore:easy_install command is deprecated setup.py egg_info --egg-base ../../../build/yolov5_ros build --build-base /home/vf/Documents/ws_yolov5/build/yolov5_ros/build install --record /home/vf/Documents/ws_yolov5/build/yolov5_ros/install.log --single-version-externally-managed install_data
