[0.017s] Invoking command in '/home/vf/Documents/ws_yolov5/build/usb_cam': CMAKE_PREFIX_PATH=/opt/ros/foxy /usr/bin/cmake /home/vf/Documents/ws_yolov5/src/usb_cam -DCMAKE_INSTALL_PREFIX=/home/vf/Documents/ws_yolov5/install/usb_cam
[0.032s] -- Found ament_cmake_auto: 0.9.12 (/opt/ros/foxy/share/ament_cmake_auto/cmake)
[0.048s] -- Using PYTHON_EXECUTABLE: /usr/bin/python3
[0.227s] -- Override CMake install command with custom implementation using symlinks instead of copying resources
[0.298s] -- Using all available rosidl_typesupport_c: rosidl_typesupport_fastrtps_c;rosidl_typesupport_introspection_c
[0.300s] -- Found rosidl_adapter: 1.3.1 (/opt/ros/foxy/share/rosidl_adapter/cmake)
[0.406s] -- Using all available rosidl_typesupport_cpp: rosidl_typesupport_fastrtps_cpp;rosidl_typesupport_introspection_cpp
[0.444s] -- Found rmw_implementation_cmake: 1.0.4 (/opt/ros/foxy/share/rmw_implementation_cmake/cmake)
[0.445s] -- Using RMW implementation 'rmw_fastrtps_cpp' as default
[0.715s] -- Setting yaml-cpp_DIR to: '/opt/ros/foxy/share/yaml_cpp_vendor/cmake/../../../opt/yaml_cpp_vendor/lib/cmake/yaml-cpp'
[0.864s] -- Found ament_lint_auto: 0.9.8 (/opt/ros/foxy/share/ament_lint_auto/cmake)
[0.869s] -- Found gtest sources under '/opt/ros/foxy/src/gtest_vendor': C++ tests using 'Google Test' will be built
[0.884s] -- Added test 'copyright' to check source files copyright and LICENSE
[0.892s] -- Added test 'cppcheck' to perform static code analysis on C / C++ code
[0.893s] -- Configured cppcheck include dirs: /home/vf/Documents/ws_yolov5/src/usb_cam/include
[0.893s] -- Configured cppcheck exclude dirs and/or files: 
[0.897s] -- Added test 'cpplint' to check C / C++ code against the Google style
[0.898s] -- Configured cpplint exclude dirs and/or files: 
[0.898s] -- Added test 'flake8' to check Python code syntax and style conventions
[0.900s] -- Added test 'lint_cmake' to check CMake code style
[0.901s] -- Added test 'pep257' to check Python code against some of the style conventions in PEP 257
[0.905s] -- Added test 'uncrustify' to check C / C++ code style
[0.905s] -- Configured uncrustify additional arguments: 
[0.906s] -- Added test 'xmllint' to check XML markup files
[0.913s] -- Configuring done
[0.963s] -- Generating done
[0.980s] -- Build files have been written to: /home/vf/Documents/ws_yolov5/build/usb_cam
[0.991s] Invoked command in '/home/vf/Documents/ws_yolov5/build/usb_cam' returned '0': CMAKE_PREFIX_PATH=/opt/ros/foxy /usr/bin/cmake /home/vf/Documents/ws_yolov5/src/usb_cam -DCMAKE_INSTALL_PREFIX=/home/vf/Documents/ws_yolov5/install/usb_cam
[0.994s] Invoking command in '/home/vf/Documents/ws_yolov5/build/usb_cam': CMAKE_PREFIX_PATH=/opt/ros/foxy /usr/bin/cmake --build /home/vf/Documents/ws_yolov5/build/usb_cam -- -j12 -l12
[1.039s] [ 14%] Built target gtest_main
[1.040s] [ 28%] Built target gtest
[1.048s] [ 35%] [32mBuilding CXX object CMakeFiles/usb_cam_node_exe.dir/rclcpp_components/node_main_usb_cam_node_exe.cpp.o[0m
[1.048s] [ 50%] Built target usb_cam
[1.069s] [ 57%] [32mBuilding CXX object CMakeFiles/test_usb_cam_utils.dir/test/test_usb_cam_utils.cpp.o[0m
[1.074s] [ 64%] [32mBuilding CXX object CMakeFiles/test_pixel_formats.dir/test/test_pixel_formats.cpp.o[0m
[1.080s] [ 71%] [32mBuilding CXX object CMakeFiles/usb_cam_node.dir/src/usb_cam_node.cpp.o[0m
[2.753s] [ 78%] [32m[1mLinking CXX executable test_usb_cam_utils[0m
[2.767s] [ 85%] [32m[1mLinking CXX executable test_pixel_formats[0m
[3.150s] [ 85%] Built target test_pixel_formats
[3.188s] [ 85%] Built target test_usb_cam_utils
[3.395s] [ 92%] [32m[1mLinking CXX executable usb_cam_node_exe[0m
[3.592s] [ 92%] Built target usb_cam_node_exe
[6.204s] [100%] [32m[1mLinking CXX shared library libusb_cam_node.so[0m
[6.482s] [100%] Built target usb_cam_node
[6.491s] Invoked command in '/home/vf/Documents/ws_yolov5/build/usb_cam' returned '0': CMAKE_PREFIX_PATH=/opt/ros/foxy /usr/bin/cmake --build /home/vf/Documents/ws_yolov5/build/usb_cam -- -j12 -l12
[6.493s] Invoking command in '/home/vf/Documents/ws_yolov5/build/usb_cam': CMAKE_PREFIX_PATH=/opt/ros/foxy /usr/bin/cmake --install /home/vf/Documents/ws_yolov5/build/usb_cam
[6.499s] -- Install configuration: ""
[6.500s] -- Execute custom install script
[6.500s] -- Up-to-date symlink: /home/vf/Documents/ws_yolov5/install/usb_cam/share/usb_cam/environment/library_path.sh
[6.501s] -- Up-to-date symlink: /home/vf/Documents/ws_yolov5/install/usb_cam/share/usb_cam/environment/library_path.dsv
[6.501s] -- Up-to-date symlink: /home/vf/Documents/ws_yolov5/install/usb_cam/lib/usb_cam/usb_cam_node_exe
[6.501s] -- Up-to-date symlink: /home/vf/Documents/ws_yolov5/install/usb_cam/lib/usb_cam/show_image.py
[6.502s] -- Up-to-date symlink: /home/vf/Documents/ws_yolov5/install/usb_cam/lib/libusb_cam.so
[6.502s] -- Up-to-date symlink: /home/vf/Documents/ws_yolov5/install/usb_cam/lib/libusb_cam_node.so
[6.503s] -- Up-to-date symlink: /home/vf/Documents/ws_yolov5/install/usb_cam/include/usb_cam/constants.hpp
[6.503s] -- Up-to-date symlink: /home/vf/Documents/ws_yolov5/install/usb_cam/include/usb_cam/conversions.hpp
[6.503s] -- Up-to-date symlink: /home/vf/Documents/ws_yolov5/install/usb_cam/include/usb_cam/formats/av_pixel_format_helper.hpp
[6.503s] -- Up-to-date symlink: /home/vf/Documents/ws_yolov5/install/usb_cam/include/usb_cam/formats/m420.hpp
[6.504s] -- Up-to-date symlink: /home/vf/Documents/ws_yolov5/install/usb_cam/include/usb_cam/formats/mjpeg.hpp
[6.504s] -- Up-to-date symlink: /home/vf/Documents/ws_yolov5/install/usb_cam/include/usb_cam/formats/mono.hpp
[6.504s] -- Up-to-date symlink: /home/vf/Documents/ws_yolov5/install/usb_cam/include/usb_cam/formats/pixel_format_base.hpp
[6.504s] -- Up-to-date symlink: /home/vf/Documents/ws_yolov5/install/usb_cam/include/usb_cam/formats/rgb.hpp
[6.504s] -- Up-to-date symlink: /home/vf/Documents/ws_yolov5/install/usb_cam/include/usb_cam/formats/utils.hpp
[6.504s] -- Up-to-date symlink: /home/vf/Documents/ws_yolov5/install/usb_cam/include/usb_cam/formats/uyvy.hpp
[6.504s] -- Up-to-date symlink: /home/vf/Documents/ws_yolov5/install/usb_cam/include/usb_cam/formats/yuyv.hpp
[6.505s] -- Up-to-date symlink: /home/vf/Documents/ws_yolov5/install/usb_cam/include/usb_cam/usb_cam.hpp
[6.505s] -- Up-to-date symlink: /home/vf/Documents/ws_yolov5/install/usb_cam/include/usb_cam/usb_cam_node.hpp
[6.505s] -- Up-to-date symlink: /home/vf/Documents/ws_yolov5/install/usb_cam/include/usb_cam/utils.hpp
[6.505s] -- Up-to-date symlink: /home/vf/Documents/ws_yolov5/install/usb_cam/lib/libusb_cam_node.so
[6.505s] -- Up-to-date symlink: /home/vf/Documents/ws_yolov5/install/usb_cam/share/usb_cam/launch/__init__.py
[6.506s] -- Up-to-date symlink: /home/vf/Documents/ws_yolov5/install/usb_cam/share/usb_cam/launch/camera.launch.py
[6.506s] -- Up-to-date symlink: /home/vf/Documents/ws_yolov5/install/usb_cam/share/usb_cam/launch/camera_config.py
[6.506s] -- Up-to-date symlink: /home/vf/Documents/ws_yolov5/install/usb_cam/share/usb_cam/config/camera_info.yaml
[6.506s] -- Up-to-date symlink: /home/vf/Documents/ws_yolov5/install/usb_cam/share/usb_cam/config/params_1.yaml
[6.506s] -- Up-to-date symlink: /home/vf/Documents/ws_yolov5/install/usb_cam/share/usb_cam/config/params_2.yaml
[6.506s] -- Up-to-date symlink: /home/vf/Documents/ws_yolov5/install/usb_cam/share/ament_index/resource_index/package_run_dependencies/usb_cam
[6.507s] -- Up-to-date symlink: /home/vf/Documents/ws_yolov5/install/usb_cam/share/ament_index/resource_index/parent_prefix_path/usb_cam
[6.507s] -- Up-to-date symlink: /home/vf/Documents/ws_yolov5/install/usb_cam/share/usb_cam/environment/ament_prefix_path.sh
[6.507s] -- Up-to-date symlink: /home/vf/Documents/ws_yolov5/install/usb_cam/share/usb_cam/environment/ament_prefix_path.dsv
[6.507s] -- Up-to-date symlink: /home/vf/Documents/ws_yolov5/install/usb_cam/share/usb_cam/environment/path.sh
[6.507s] -- Up-to-date symlink: /home/vf/Documents/ws_yolov5/install/usb_cam/share/usb_cam/environment/path.dsv
[6.507s] -- Up-to-date symlink: /home/vf/Documents/ws_yolov5/install/usb_cam/share/usb_cam/local_setup.bash
[6.508s] -- Up-to-date symlink: /home/vf/Documents/ws_yolov5/install/usb_cam/share/usb_cam/local_setup.sh
[6.508s] -- Up-to-date symlink: /home/vf/Documents/ws_yolov5/install/usb_cam/share/usb_cam/local_setup.zsh
[6.508s] -- Up-to-date symlink: /home/vf/Documents/ws_yolov5/install/usb_cam/share/usb_cam/local_setup.dsv
[6.508s] -- Symlinking: /home/vf/Documents/ws_yolov5/install/usb_cam/share/usb_cam/package.dsv
[6.515s] -- Up-to-date symlink: /home/vf/Documents/ws_yolov5/install/usb_cam/share/ament_index/resource_index/packages/usb_cam
[6.515s] -- Up-to-date symlink: /home/vf/Documents/ws_yolov5/install/usb_cam/share/ament_index/resource_index/rclcpp_components/usb_cam
[6.516s] -- Up-to-date symlink: /home/vf/Documents/ws_yolov5/install/usb_cam/share/usb_cam/cmake/ament_cmake_export_libraries-extras.cmake
[6.516s] -- Up-to-date symlink: /home/vf/Documents/ws_yolov5/install/usb_cam/share/usb_cam/cmake/ament_cmake_export_dependencies-extras.cmake
[6.516s] -- Up-to-date symlink: /home/vf/Documents/ws_yolov5/install/usb_cam/share/usb_cam/cmake/ament_cmake_export_include_directories-extras.cmake
[6.516s] -- Up-to-date symlink: /home/vf/Documents/ws_yolov5/install/usb_cam/share/usb_cam/cmake/usb_camConfig.cmake
[6.516s] -- Up-to-date symlink: /home/vf/Documents/ws_yolov5/install/usb_cam/share/usb_cam/cmake/usb_camConfig-version.cmake
[6.516s] -- Up-to-date symlink: /home/vf/Documents/ws_yolov5/install/usb_cam/share/usb_cam/package.xml
[6.518s] Invoked command in '/home/vf/Documents/ws_yolov5/build/usb_cam' returned '0': CMAKE_PREFIX_PATH=/opt/ros/foxy /usr/bin/cmake --install /home/vf/Documents/ws_yolov5/build/usb_cam
