/home/vf/Documents/ws_yolov5/install/yolov5_ros/lib/python3.8/site-packages/yolov5_ros/main.py
/home/vf/Documents/ws_yolov5/install/yolov5_ros/lib/python3.8/site-packages/yolov5_ros/export.py
/home/vf/Documents/ws_yolov5/install/yolov5_ros/lib/python3.8/site-packages/yolov5_ros/yolov5_node.py
/home/vf/Documents/ws_yolov5/install/yolov5_ros/lib/python3.8/site-packages/yolov5_ros/__init__.py
/home/vf/Documents/ws_yolov5/install/yolov5_ros/lib/python3.8/site-packages/yolov5_ros/models/experimental.py
/home/vf/Documents/ws_yolov5/install/yolov5_ros/lib/python3.8/site-packages/yolov5_ros/models/tf.py
/home/vf/Documents/ws_yolov5/install/yolov5_ros/lib/python3.8/site-packages/yolov5_ros/models/yolo.py
/home/vf/Documents/ws_yolov5/install/yolov5_ros/lib/python3.8/site-packages/yolov5_ros/models/__init__.py
/home/vf/Documents/ws_yolov5/install/yolov5_ros/lib/python3.8/site-packages/yolov5_ros/models/common.py
/home/vf/Documents/ws_yolov5/install/yolov5_ros/lib/python3.8/site-packages/yolov5_ros/utils/autobatch.py
/home/vf/Documents/ws_yolov5/install/yolov5_ros/lib/python3.8/site-packages/yolov5_ros/utils/metrics.py
/home/vf/Documents/ws_yolov5/install/yolov5_ros/lib/python3.8/site-packages/yolov5_ros/utils/autoanchor.py
/home/vf/Documents/ws_yolov5/install/yolov5_ros/lib/python3.8/site-packages/yolov5_ros/utils/benchmarks.py
/home/vf/Documents/ws_yolov5/install/yolov5_ros/lib/python3.8/site-packages/yolov5_ros/utils/plots.py
/home/vf/Documents/ws_yolov5/install/yolov5_ros/lib/python3.8/site-packages/yolov5_ros/utils/augmentations.py
/home/vf/Documents/ws_yolov5/install/yolov5_ros/lib/python3.8/site-packages/yolov5_ros/utils/datasets.py
/home/vf/Documents/ws_yolov5/install/yolov5_ros/lib/python3.8/site-packages/yolov5_ros/utils/callbacks.py
/home/vf/Documents/ws_yolov5/install/yolov5_ros/lib/python3.8/site-packages/yolov5_ros/utils/loss.py
/home/vf/Documents/ws_yolov5/install/yolov5_ros/lib/python3.8/site-packages/yolov5_ros/utils/torch_utils.py
/home/vf/Documents/ws_yolov5/install/yolov5_ros/lib/python3.8/site-packages/yolov5_ros/utils/general.py
/home/vf/Documents/ws_yolov5/install/yolov5_ros/lib/python3.8/site-packages/yolov5_ros/utils/downloads.py
/home/vf/Documents/ws_yolov5/install/yolov5_ros/lib/python3.8/site-packages/yolov5_ros/utils/activations.py
/home/vf/Documents/ws_yolov5/install/yolov5_ros/lib/python3.8/site-packages/yolov5_ros/utils/__init__.py
/home/vf/Documents/ws_yolov5/install/yolov5_ros/lib/python3.8/site-packages/yolov5_ros/utils/aws/resume.py
/home/vf/Documents/ws_yolov5/install/yolov5_ros/lib/python3.8/site-packages/yolov5_ros/utils/aws/__init__.py
/home/vf/Documents/ws_yolov5/install/yolov5_ros/lib/python3.8/site-packages/yolov5_ros/utils/loggers/__init__.py
/home/vf/Documents/ws_yolov5/install/yolov5_ros/lib/python3.8/site-packages/yolov5_ros/utils/loggers/wandb/wandb_utils.py
/home/vf/Documents/ws_yolov5/install/yolov5_ros/lib/python3.8/site-packages/yolov5_ros/utils/loggers/wandb/sweep.py
/home/vf/Documents/ws_yolov5/install/yolov5_ros/lib/python3.8/site-packages/yolov5_ros/utils/loggers/wandb/log_dataset.py
/home/vf/Documents/ws_yolov5/install/yolov5_ros/lib/python3.8/site-packages/yolov5_ros/utils/loggers/wandb/__init__.py
/home/vf/Documents/ws_yolov5/install/yolov5_ros/lib/python3.8/site-packages/yolov5_ros/__pycache__/main.cpython-38.pyc
/home/vf/Documents/ws_yolov5/install/yolov5_ros/lib/python3.8/site-packages/yolov5_ros/__pycache__/export.cpython-38.pyc
/home/vf/Documents/ws_yolov5/install/yolov5_ros/lib/python3.8/site-packages/yolov5_ros/__pycache__/yolov5_node.cpython-38.pyc
/home/vf/Documents/ws_yolov5/install/yolov5_ros/lib/python3.8/site-packages/yolov5_ros/__pycache__/__init__.cpython-38.pyc
/home/vf/Documents/ws_yolov5/install/yolov5_ros/lib/python3.8/site-packages/yolov5_ros/models/__pycache__/experimental.cpython-38.pyc
/home/vf/Documents/ws_yolov5/install/yolov5_ros/lib/python3.8/site-packages/yolov5_ros/models/__pycache__/tf.cpython-38.pyc
/home/vf/Documents/ws_yolov5/install/yolov5_ros/lib/python3.8/site-packages/yolov5_ros/models/__pycache__/yolo.cpython-38.pyc
/home/vf/Documents/ws_yolov5/install/yolov5_ros/lib/python3.8/site-packages/yolov5_ros/models/__pycache__/__init__.cpython-38.pyc
/home/vf/Documents/ws_yolov5/install/yolov5_ros/lib/python3.8/site-packages/yolov5_ros/models/__pycache__/common.cpython-38.pyc
/home/vf/Documents/ws_yolov5/install/yolov5_ros/lib/python3.8/site-packages/yolov5_ros/utils/__pycache__/autobatch.cpython-38.pyc
/home/vf/Documents/ws_yolov5/install/yolov5_ros/lib/python3.8/site-packages/yolov5_ros/utils/__pycache__/metrics.cpython-38.pyc
/home/vf/Documents/ws_yolov5/install/yolov5_ros/lib/python3.8/site-packages/yolov5_ros/utils/__pycache__/autoanchor.cpython-38.pyc
/home/vf/Documents/ws_yolov5/install/yolov5_ros/lib/python3.8/site-packages/yolov5_ros/utils/__pycache__/benchmarks.cpython-38.pyc
/home/vf/Documents/ws_yolov5/install/yolov5_ros/lib/python3.8/site-packages/yolov5_ros/utils/__pycache__/plots.cpython-38.pyc
/home/vf/Documents/ws_yolov5/install/yolov5_ros/lib/python3.8/site-packages/yolov5_ros/utils/__pycache__/augmentations.cpython-38.pyc
/home/vf/Documents/ws_yolov5/install/yolov5_ros/lib/python3.8/site-packages/yolov5_ros/utils/__pycache__/datasets.cpython-38.pyc
/home/vf/Documents/ws_yolov5/install/yolov5_ros/lib/python3.8/site-packages/yolov5_ros/utils/__pycache__/callbacks.cpython-38.pyc
/home/vf/Documents/ws_yolov5/install/yolov5_ros/lib/python3.8/site-packages/yolov5_ros/utils/__pycache__/loss.cpython-38.pyc
/home/vf/Documents/ws_yolov5/install/yolov5_ros/lib/python3.8/site-packages/yolov5_ros/utils/__pycache__/torch_utils.cpython-38.pyc
/home/vf/Documents/ws_yolov5/install/yolov5_ros/lib/python3.8/site-packages/yolov5_ros/utils/__pycache__/general.cpython-38.pyc
/home/vf/Documents/ws_yolov5/install/yolov5_ros/lib/python3.8/site-packages/yolov5_ros/utils/__pycache__/downloads.cpython-38.pyc
/home/vf/Documents/ws_yolov5/install/yolov5_ros/lib/python3.8/site-packages/yolov5_ros/utils/__pycache__/activations.cpython-38.pyc
/home/vf/Documents/ws_yolov5/install/yolov5_ros/lib/python3.8/site-packages/yolov5_ros/utils/__pycache__/__init__.cpython-38.pyc
/home/vf/Documents/ws_yolov5/install/yolov5_ros/lib/python3.8/site-packages/yolov5_ros/utils/aws/__pycache__/resume.cpython-38.pyc
/home/vf/Documents/ws_yolov5/install/yolov5_ros/lib/python3.8/site-packages/yolov5_ros/utils/aws/__pycache__/__init__.cpython-38.pyc
/home/vf/Documents/ws_yolov5/install/yolov5_ros/lib/python3.8/site-packages/yolov5_ros/utils/loggers/__pycache__/__init__.cpython-38.pyc
/home/vf/Documents/ws_yolov5/install/yolov5_ros/lib/python3.8/site-packages/yolov5_ros/utils/loggers/wandb/__pycache__/wandb_utils.cpython-38.pyc
/home/vf/Documents/ws_yolov5/install/yolov5_ros/lib/python3.8/site-packages/yolov5_ros/utils/loggers/wandb/__pycache__/sweep.cpython-38.pyc
/home/vf/Documents/ws_yolov5/install/yolov5_ros/lib/python3.8/site-packages/yolov5_ros/utils/loggers/wandb/__pycache__/log_dataset.cpython-38.pyc
/home/vf/Documents/ws_yolov5/install/yolov5_ros/lib/python3.8/site-packages/yolov5_ros/utils/loggers/wandb/__pycache__/__init__.cpython-38.pyc
/home/vf/Documents/ws_yolov5/install/yolov5_ros/share/ament_index/resource_index/packages/yolov5_ros
/home/vf/Documents/ws_yolov5/install/yolov5_ros/share/yolov5_ros/package.xml
/home/vf/Documents/ws_yolov5/install/yolov5_ros/share/yolov5_ros/yolov5s_simple.launch.py
/home/vf/Documents/ws_yolov5/install/yolov5_ros/lib/python3.8/site-packages/yolov5_ros-0.2.0-py3.8.egg-info/SOURCES.txt
/home/vf/Documents/ws_yolov5/install/yolov5_ros/lib/python3.8/site-packages/yolov5_ros-0.2.0-py3.8.egg-info/entry_points.txt
/home/vf/Documents/ws_yolov5/install/yolov5_ros/lib/python3.8/site-packages/yolov5_ros-0.2.0-py3.8.egg-info/zip-safe
/home/vf/Documents/ws_yolov5/install/yolov5_ros/lib/python3.8/site-packages/yolov5_ros-0.2.0-py3.8.egg-info/PKG-INFO
/home/vf/Documents/ws_yolov5/install/yolov5_ros/lib/python3.8/site-packages/yolov5_ros-0.2.0-py3.8.egg-info/top_level.txt
/home/vf/Documents/ws_yolov5/install/yolov5_ros/lib/python3.8/site-packages/yolov5_ros-0.2.0-py3.8.egg-info/dependency_links.txt
/home/vf/Documents/ws_yolov5/install/yolov5_ros/lib/python3.8/site-packages/yolov5_ros-0.2.0-py3.8.egg-info/requires.txt
/home/vf/Documents/ws_yolov5/install/yolov5_ros/lib/yolov5_ros/yolov5_node
/home/vf/Documents/ws_yolov5/install/yolov5_ros/lib/yolov5_ros/yolov5_ros
