[0.023s] Invoking command in '/home/vf/Documents/ws_yolov5/build/bboxes_ex_msgs': CMAKE_PREFIX_PATH=${CMAKE_PREFIX_PATH}:/home/vf/Documents/ws_yolov5/install/yolov5_ros:/opt/ros/foxy /usr/bin/cmake /home/vf/Documents/ws_yolov5/src/bbox_ex_msgs -DAMENT_CMAKE_SYMLINK_INSTALL=1 -DCMAKE_INSTALL_PREFIX=/home/vf/Documents/ws_yolov5/install/bboxes_ex_msgs
[0.069s] -- The C compiler identification is GNU 9.4.0
[0.109s] -- The CXX compiler identification is GNU 9.4.0
[0.112s] -- Check for working C compiler: /usr/bin/cc
[0.163s] -- Check for working C compiler: /usr/bin/cc -- works
[0.164s] -- Detecting C compiler ABI info
[0.216s] -- Detecting C compiler ABI info - done
[0.231s] -- Detecting C compile features
[0.231s] -- Detecting C compile features - done
[0.234s] -- Check for working CXX compiler: /usr/bin/c++
[0.297s] -- Check for working CXX compiler: /usr/bin/c++ -- works
[0.298s] -- Detecting CXX compiler ABI info
[0.360s] -- Detecting CXX compiler ABI info - done
[0.367s] -- Detecting CXX compile features
[0.367s] -- Detecting CXX compile features - done
[0.369s] -- Found ament_cmake: 0.9.12 (/opt/ros/foxy/share/ament_cmake/cmake)
[0.386s] -- Found PythonInterp: /usr/bin/python3 (found suitable version "3.8.10", minimum required is "3") 
[0.386s] -- Using PYTHON_EXECUTABLE: /usr/bin/python3
[0.537s] -- Override CMake install command with custom implementation using symlinks instead of copying resources
[0.551s] -- Found builtin_interfaces: 1.0.0 (/opt/ros/foxy/share/builtin_interfaces/cmake)
[0.570s] -- Using all available rosidl_typesupport_c: rosidl_typesupport_fastrtps_c;rosidl_typesupport_introspection_c
[0.574s] -- Found rosidl_adapter: 1.3.1 (/opt/ros/foxy/share/rosidl_adapter/cmake)
[0.632s] -- Found OpenSSL: /usr/lib/x86_64-linux-gnu/libcrypto.so (found version "1.1.1f")  
[0.656s] -- Found FastRTPS: /opt/ros/foxy/include  
[0.714s] -- Using all available rosidl_typesupport_cpp: rosidl_typesupport_fastrtps_cpp;rosidl_typesupport_introspection_cpp
[0.733s] -- Found std_msgs: 2.0.5 (/opt/ros/foxy/share/std_msgs/cmake)
[0.745s] -- Found rosidl_default_generators: 1.0.1 (/opt/ros/foxy/share/rosidl_default_generators/cmake)
[0.769s] -- Found PythonInterp: /usr/bin/python3 (found version "3.8.10") 
[0.885s] -- Found ament_cmake_ros: 0.9.2 (/opt/ros/foxy/share/ament_cmake_ros/cmake)
[1.021s] -- Using all available rosidl_typesupport_c: rosidl_typesupport_fastrtps_c;rosidl_typesupport_introspection_c
[1.064s] -- Using all available rosidl_typesupport_cpp: rosidl_typesupport_fastrtps_cpp;rosidl_typesupport_introspection_cpp
[1.084s] -- Found PythonInterp: /usr/bin/python3 (found suitable version "3.8.10", minimum required is "3.5") 
[1.085s] -- Found python_cmake_module: 0.8.1 (/opt/ros/foxy/share/python_cmake_module/cmake)
[1.105s] -- Found PythonLibs: /usr/lib/x86_64-linux-gnu/libpython3.8.so (found suitable version "3.8.10", minimum required is "3.5") 
[1.105s] -- Using PYTHON_EXECUTABLE: /usr/bin/python3
[1.105s] -- Using PYTHON_INCLUDE_DIRS: /usr/include/python3.8
[1.105s] -- Using PYTHON_LIBRARIES: /usr/lib/x86_64-linux-gnu/libpython3.8.so
[1.121s] -- Found PythonExtra: .so  
[1.245s] -- Configuring done
[1.272s] -- Generating done
[1.283s] -- Build files have been written to: /home/vf/Documents/ws_yolov5/build/bboxes_ex_msgs
[1.292s] Invoked command in '/home/vf/Documents/ws_yolov5/build/bboxes_ex_msgs' returned '0': CMAKE_PREFIX_PATH=${CMAKE_PREFIX_PATH}:/home/vf/Documents/ws_yolov5/install/yolov5_ros:/opt/ros/foxy /usr/bin/cmake /home/vf/Documents/ws_yolov5/src/bbox_ex_msgs -DAMENT_CMAKE_SYMLINK_INSTALL=1 -DCMAKE_INSTALL_PREFIX=/home/vf/Documents/ws_yolov5/install/bboxes_ex_msgs
[1.295s] Invoking command in '/home/vf/Documents/ws_yolov5/build/bboxes_ex_msgs': CMAKE_PREFIX_PATH=${CMAKE_PREFIX_PATH}:/home/vf/Documents/ws_yolov5/install/yolov5_ros:/opt/ros/foxy /usr/bin/cmake --build /home/vf/Documents/ws_yolov5/build/bboxes_ex_msgs -- -j12 -l12
[1.327s] [  2%] [34m[1mGenerating C code for ROS interfaces[0m
[1.327s] [35m[1mScanning dependencies of target bboxes_ex_msgs__cpp[0m
[1.336s] [  5%] [34m[1mGenerating C++ code for ROS interfaces[0m
[1.550s] [35m[1mScanning dependencies of target bboxes_ex_msgs__rosidl_generator_c[0m
[1.551s] [  5%] Built target bboxes_ex_msgs__cpp
[1.561s] [  7%] [34m[1mGenerating C++ type support for eProsima Fast-RTPS[0m
[1.562s] [ 10%] [34m[1mGenerating C++ type support dispatch for ROS interfaces[0m
[1.562s] [ 15%] [32mBuilding C object CMakeFiles/bboxes_ex_msgs__rosidl_generator_c.dir/rosidl_generator_c/bboxes_ex_msgs/msg/detail/bounding_box__functions.c.o[0m
[1.562s] [ 15%] [34m[1mGenerating C++ introspection for ROS interfaces[0m
[1.563s] [ 17%] [32mBuilding C object CMakeFiles/bboxes_ex_msgs__rosidl_generator_c.dir/rosidl_generator_c/bboxes_ex_msgs/msg/detail/bounding_boxes__functions.c.o[0m
[1.617s] [ 20%] [32m[1mLinking C shared library libbboxes_ex_msgs__rosidl_generator_c.so[0m
[1.651s] [ 20%] Built target bboxes_ex_msgs__rosidl_generator_c
[1.660s] [ 23%] [34m[1mGenerating C introspection for ROS interfaces[0m
[1.664s] [ 25%] [34m[1mGenerating C type support dispatch for ROS interfaces[0m
[1.774s] [35m[1mScanning dependencies of target bboxes_ex_msgs__rosidl_typesupport_introspection_cpp[0m
[1.789s] [ 28%] [32mBuilding CXX object CMakeFiles/bboxes_ex_msgs__rosidl_typesupport_introspection_cpp.dir/rosidl_typesupport_introspection_cpp/bboxes_ex_msgs/msg/detail/bounding_box__type_support.cpp.o[0m
[1.789s] [ 30%] [32mBuilding CXX object CMakeFiles/bboxes_ex_msgs__rosidl_typesupport_introspection_cpp.dir/rosidl_typesupport_introspection_cpp/bboxes_ex_msgs/msg/detail/bounding_boxes__type_support.cpp.o[0m
[1.885s] [35m[1mScanning dependencies of target bboxes_ex_msgs__rosidl_typesupport_cpp[0m
[1.902s] [ 33%] [32mBuilding CXX object CMakeFiles/bboxes_ex_msgs__rosidl_typesupport_cpp.dir/rosidl_typesupport_cpp/bboxes_ex_msgs/msg/bounding_box__type_support.cpp.o[0m
[1.902s] [ 35%] [32mBuilding CXX object CMakeFiles/bboxes_ex_msgs__rosidl_typesupport_cpp.dir/rosidl_typesupport_cpp/bboxes_ex_msgs/msg/bounding_boxes__type_support.cpp.o[0m
[1.933s] [35m[1mScanning dependencies of target bboxes_ex_msgs__rosidl_typesupport_fastrtps_cpp[0m
[1.952s] [ 38%] [32mBuilding CXX object CMakeFiles/bboxes_ex_msgs__rosidl_typesupport_fastrtps_cpp.dir/rosidl_typesupport_fastrtps_cpp/bboxes_ex_msgs/msg/detail/dds_fastrtps/bounding_box__type_support.cpp.o[0m
[1.964s] [ 41%] [32mBuilding CXX object CMakeFiles/bboxes_ex_msgs__rosidl_typesupport_fastrtps_cpp.dir/rosidl_typesupport_fastrtps_cpp/bboxes_ex_msgs/msg/detail/dds_fastrtps/bounding_boxes__type_support.cpp.o[0m
[2.009s] [35m[1mScanning dependencies of target bboxes_ex_msgs__rosidl_typesupport_c[0m
[2.031s] [35m[1mScanning dependencies of target bboxes_ex_msgs__rosidl_typesupport_introspection_c[0m
[2.031s] [ 43%] [32mBuilding CXX object CMakeFiles/bboxes_ex_msgs__rosidl_typesupport_c.dir/rosidl_typesupport_c/bboxes_ex_msgs/msg/bounding_box__type_support.cpp.o[0m
[2.047s] [ 46%] [32mBuilding CXX object CMakeFiles/bboxes_ex_msgs__rosidl_typesupport_c.dir/rosidl_typesupport_c/bboxes_ex_msgs/msg/bounding_boxes__type_support.cpp.o[0m
[2.067s] [ 48%] [32mBuilding C object CMakeFiles/bboxes_ex_msgs__rosidl_typesupport_introspection_c.dir/rosidl_typesupport_introspection_c/bboxes_ex_msgs/msg/detail/bounding_box__type_support.c.o[0m
[2.071s] [ 51%] [32mBuilding C object CMakeFiles/bboxes_ex_msgs__rosidl_typesupport_introspection_c.dir/rosidl_typesupport_introspection_c/bboxes_ex_msgs/msg/detail/bounding_boxes__type_support.c.o[0m
[2.114s] [ 53%] [32m[1mLinking CXX shared library libbboxes_ex_msgs__rosidl_typesupport_c.so[0m
[2.169s] [ 56%] [32m[1mLinking CXX shared library libbboxes_ex_msgs__rosidl_typesupport_introspection_cpp.so[0m
[2.193s] [ 58%] [32m[1mLinking C shared library libbboxes_ex_msgs__rosidl_typesupport_introspection_c.so[0m
[2.218s] [ 58%] Built target bboxes_ex_msgs__rosidl_typesupport_c
[2.240s] [ 58%] Built target bboxes_ex_msgs__rosidl_typesupport_introspection_c
[2.265s] [ 61%] [32m[1mLinking CXX shared library libbboxes_ex_msgs__rosidl_typesupport_cpp.so[0m
[2.306s] [ 61%] Built target bboxes_ex_msgs__rosidl_typesupport_introspection_cpp
[2.322s] [ 61%] Built target bboxes_ex_msgs__rosidl_typesupport_cpp
[2.559s] [ 64%] [32m[1mLinking CXX shared library libbboxes_ex_msgs__rosidl_typesupport_fastrtps_cpp.so[0m
[2.639s] [ 64%] Built target bboxes_ex_msgs__rosidl_typesupport_fastrtps_cpp
[2.649s] [ 66%] [34m[1mGenerating C type support for eProsima Fast-RTPS[0m
[3.020s] [35m[1mScanning dependencies of target bboxes_ex_msgs__rosidl_typesupport_fastrtps_c[0m
[3.035s] [ 69%] [32mBuilding CXX object CMakeFiles/bboxes_ex_msgs__rosidl_typesupport_fastrtps_c.dir/rosidl_typesupport_fastrtps_c/bboxes_ex_msgs/msg/detail/bounding_box__type_support_c.cpp.o[0m
[3.037s] [ 71%] [32mBuilding CXX object CMakeFiles/bboxes_ex_msgs__rosidl_typesupport_fastrtps_c.dir/rosidl_typesupport_fastrtps_c/bboxes_ex_msgs/msg/detail/bounding_boxes__type_support_c.cpp.o[0m
[3.487s] [ 74%] [32m[1mLinking CXX shared library libbboxes_ex_msgs__rosidl_typesupport_fastrtps_c.so[0m
[3.571s] [ 74%] Built target bboxes_ex_msgs__rosidl_typesupport_fastrtps_c
[3.580s] [35m[1mScanning dependencies of target bboxes_ex_msgs[0m
[3.591s] [ 74%] Built target bboxes_ex_msgs
[3.601s] [35m[1mScanning dependencies of target bboxes_ex_msgs__py[0m
[3.612s] [ 76%] [34m[1mGenerating Python code for ROS interfaces[0m
[4.120s] [ 76%] Built target bboxes_ex_msgs__py
[4.138s] [35m[1mScanning dependencies of target bboxes_ex_msgs__python[0m
[4.166s] [ 82%] [32mBuilding C object CMakeFiles/bboxes_ex_msgs__python.dir/rosidl_generator_py/bboxes_ex_msgs/msg/_bounding_boxes_s.c.o[0m
[4.166s] [ 82%] [32mBuilding C object CMakeFiles/bboxes_ex_msgs__python.dir/rosidl_generator_py/bboxes_ex_msgs/msg/_bounding_box_s.c.o[0m
[4.306s] [ 84%] [32m[1mLinking C shared library rosidl_generator_py/bboxes_ex_msgs/libbboxes_ex_msgs__python.so[0m
[4.357s] [ 84%] Built target bboxes_ex_msgs__python
[4.371s] [35m[1mScanning dependencies of target bboxes_ex_msgs__rosidl_typesupport_introspection_c__pyext[0m
[4.371s] [35m[1mScanning dependencies of target bboxes_ex_msgs__rosidl_typesupport_fastrtps_c__pyext[0m
[4.371s] [35m[1mScanning dependencies of target bboxes_ex_msgs__rosidl_typesupport_c__pyext[0m
[4.385s] [ 87%] [32mBuilding C object CMakeFiles/bboxes_ex_msgs__rosidl_typesupport_introspection_c__pyext.dir/rosidl_generator_py/bboxes_ex_msgs/_bboxes_ex_msgs_s.ep.rosidl_typesupport_introspection_c.c.o[0m
[4.391s] [ 89%] [32mBuilding C object CMakeFiles/bboxes_ex_msgs__rosidl_typesupport_c__pyext.dir/rosidl_generator_py/bboxes_ex_msgs/_bboxes_ex_msgs_s.ep.rosidl_typesupport_c.c.o[0m
[4.393s] [ 92%] [32mBuilding C object CMakeFiles/bboxes_ex_msgs__rosidl_typesupport_fastrtps_c__pyext.dir/rosidl_generator_py/bboxes_ex_msgs/_bboxes_ex_msgs_s.ep.rosidl_typesupport_fastrtps_c.c.o[0m
[4.461s] [ 97%] [32m[1mLinking C shared library rosidl_generator_py/bboxes_ex_msgs/bboxes_ex_msgs_s__rosidl_typesupport_introspection_c.cpython-38-x86_64-linux-gnu.so[0m
[4.461s] [ 97%] [32m[1mLinking C shared library rosidl_generator_py/bboxes_ex_msgs/bboxes_ex_msgs_s__rosidl_typesupport_c.cpython-38-x86_64-linux-gnu.so[0m
[4.478s] [100%] [32m[1mLinking CXX shared library rosidl_generator_py/bboxes_ex_msgs/bboxes_ex_msgs_s__rosidl_typesupport_fastrtps_c.cpython-38-x86_64-linux-gnu.so[0m
[4.495s] [100%] Built target bboxes_ex_msgs__rosidl_typesupport_introspection_c__pyext
[4.501s] [100%] Built target bboxes_ex_msgs__rosidl_typesupport_c__pyext
[4.535s] [100%] Built target bboxes_ex_msgs__rosidl_typesupport_fastrtps_c__pyext
[4.546s] Invoked command in '/home/vf/Documents/ws_yolov5/build/bboxes_ex_msgs' returned '0': CMAKE_PREFIX_PATH=${CMAKE_PREFIX_PATH}:/home/vf/Documents/ws_yolov5/install/yolov5_ros:/opt/ros/foxy /usr/bin/cmake --build /home/vf/Documents/ws_yolov5/build/bboxes_ex_msgs -- -j12 -l12
[4.559s] Invoking command in '/home/vf/Documents/ws_yolov5/build/bboxes_ex_msgs': CMAKE_PREFIX_PATH=${CMAKE_PREFIX_PATH}:/home/vf/Documents/ws_yolov5/install/yolov5_ros:/opt/ros/foxy /usr/bin/cmake --install /home/vf/Documents/ws_yolov5/build/bboxes_ex_msgs
[4.568s] -- Install configuration: ""
[4.568s] -- Execute custom install script
[4.568s] -- Symlinking: /home/vf/Documents/ws_yolov5/install/bboxes_ex_msgs/share/ament_index/resource_index/rosidl_interfaces/bboxes_ex_msgs
[4.580s] -- Symlinking: /home/vf/Documents/ws_yolov5/install/bboxes_ex_msgs/include/bboxes_ex_msgs/msg/bounding_box.h
[4.590s] -- Symlinking: /home/vf/Documents/ws_yolov5/install/bboxes_ex_msgs/include/bboxes_ex_msgs/msg/bounding_boxes.h
[4.600s] -- Symlinking: /home/vf/Documents/ws_yolov5/install/bboxes_ex_msgs/include/bboxes_ex_msgs/msg/detail/bounding_box__functions.h
[4.613s] -- Symlinking: /home/vf/Documents/ws_yolov5/install/bboxes_ex_msgs/include/bboxes_ex_msgs/msg/detail/bounding_box__struct.h
[4.627s] -- Symlinking: /home/vf/Documents/ws_yolov5/install/bboxes_ex_msgs/include/bboxes_ex_msgs/msg/detail/bounding_box__type_support.h
[4.642s] -- Symlinking: /home/vf/Documents/ws_yolov5/install/bboxes_ex_msgs/include/bboxes_ex_msgs/msg/detail/bounding_boxes__functions.h
[4.654s] -- Symlinking: /home/vf/Documents/ws_yolov5/install/bboxes_ex_msgs/include/bboxes_ex_msgs/msg/detail/bounding_boxes__struct.h
[4.668s] -- Symlinking: /home/vf/Documents/ws_yolov5/install/bboxes_ex_msgs/include/bboxes_ex_msgs/msg/detail/bounding_boxes__type_support.h
[4.679s] -- Symlinking: /home/vf/Documents/ws_yolov5/install/bboxes_ex_msgs/include/bboxes_ex_msgs/msg/rosidl_generator_c__visibility_control.h
[4.691s] -- Symlinking: /home/vf/Documents/ws_yolov5/install/bboxes_ex_msgs/share/bboxes_ex_msgs/environment/library_path.sh
[4.703s] -- Symlinking: /home/vf/Documents/ws_yolov5/install/bboxes_ex_msgs/share/bboxes_ex_msgs/environment/library_path.dsv
[4.714s] -- Symlinking: /home/vf/Documents/ws_yolov5/install/bboxes_ex_msgs/include/bboxes_ex_msgs/msg/detail/bounding_box__rosidl_typesupport_fastrtps_c.h
[4.724s] -- Symlinking: /home/vf/Documents/ws_yolov5/install/bboxes_ex_msgs/include/bboxes_ex_msgs/msg/detail/bounding_boxes__rosidl_typesupport_fastrtps_c.h
[4.740s] -- Symlinking: /home/vf/Documents/ws_yolov5/install/bboxes_ex_msgs/include/bboxes_ex_msgs/msg/rosidl_typesupport_fastrtps_c__visibility_control.h
[4.754s] -- Symlinking: /home/vf/Documents/ws_yolov5/install/bboxes_ex_msgs/lib/libbboxes_ex_msgs__rosidl_typesupport_fastrtps_c.so
[4.767s] -- Symlinking: /home/vf/Documents/ws_yolov5/install/bboxes_ex_msgs/include/bboxes_ex_msgs/msg/detail/bounding_box__rosidl_typesupport_fastrtps_cpp.hpp
[4.780s] -- Symlinking: /home/vf/Documents/ws_yolov5/install/bboxes_ex_msgs/include/bboxes_ex_msgs/msg/detail/bounding_boxes__rosidl_typesupport_fastrtps_cpp.hpp
[4.793s] -- Symlinking: /home/vf/Documents/ws_yolov5/install/bboxes_ex_msgs/include/bboxes_ex_msgs/msg/rosidl_typesupport_fastrtps_cpp__visibility_control.h
[4.803s] -- Symlinking: /home/vf/Documents/ws_yolov5/install/bboxes_ex_msgs/lib/libbboxes_ex_msgs__rosidl_typesupport_fastrtps_cpp.so
[4.812s] -- Symlinking: /home/vf/Documents/ws_yolov5/install/bboxes_ex_msgs/include/bboxes_ex_msgs/msg/detail/bounding_box__rosidl_typesupport_introspection_c.h
[4.820s] -- Symlinking: /home/vf/Documents/ws_yolov5/install/bboxes_ex_msgs/include/bboxes_ex_msgs/msg/detail/bounding_boxes__rosidl_typesupport_introspection_c.h
[4.828s] -- Symlinking: /home/vf/Documents/ws_yolov5/install/bboxes_ex_msgs/include/bboxes_ex_msgs/msg/rosidl_typesupport_introspection_c__visibility_control.h
[4.836s] -- Symlinking: /home/vf/Documents/ws_yolov5/install/bboxes_ex_msgs/include/bboxes_ex_msgs/msg/bounding_box.hpp
[4.844s] -- Symlinking: /home/vf/Documents/ws_yolov5/install/bboxes_ex_msgs/include/bboxes_ex_msgs/msg/bounding_boxes.hpp
[4.851s] -- Symlinking: /home/vf/Documents/ws_yolov5/install/bboxes_ex_msgs/include/bboxes_ex_msgs/msg/detail/bounding_box__builder.hpp
[4.858s] -- Symlinking: /home/vf/Documents/ws_yolov5/install/bboxes_ex_msgs/include/bboxes_ex_msgs/msg/detail/bounding_box__struct.hpp
[4.866s] -- Symlinking: /home/vf/Documents/ws_yolov5/install/bboxes_ex_msgs/include/bboxes_ex_msgs/msg/detail/bounding_box__traits.hpp
[4.873s] -- Symlinking: /home/vf/Documents/ws_yolov5/install/bboxes_ex_msgs/include/bboxes_ex_msgs/msg/detail/bounding_box__type_support.hpp
[4.882s] -- Symlinking: /home/vf/Documents/ws_yolov5/install/bboxes_ex_msgs/include/bboxes_ex_msgs/msg/detail/bounding_boxes__builder.hpp
[4.889s] -- Symlinking: /home/vf/Documents/ws_yolov5/install/bboxes_ex_msgs/include/bboxes_ex_msgs/msg/detail/bounding_boxes__struct.hpp
[4.897s] -- Symlinking: /home/vf/Documents/ws_yolov5/install/bboxes_ex_msgs/include/bboxes_ex_msgs/msg/detail/bounding_boxes__traits.hpp
[4.905s] -- Symlinking: /home/vf/Documents/ws_yolov5/install/bboxes_ex_msgs/include/bboxes_ex_msgs/msg/detail/bounding_boxes__type_support.hpp
[4.913s] -- Symlinking: /home/vf/Documents/ws_yolov5/install/bboxes_ex_msgs/include/bboxes_ex_msgs/msg/rosidl_generator_cpp__visibility_control.hpp
[4.921s] -- Symlinking: /home/vf/Documents/ws_yolov5/install/bboxes_ex_msgs/include/bboxes_ex_msgs/msg/detail/bounding_box__rosidl_typesupport_introspection_cpp.hpp
[4.929s] -- Symlinking: /home/vf/Documents/ws_yolov5/install/bboxes_ex_msgs/include/bboxes_ex_msgs/msg/detail/bounding_boxes__rosidl_typesupport_introspection_cpp.hpp
[4.937s] -- Symlinking: /home/vf/Documents/ws_yolov5/install/bboxes_ex_msgs/share/bboxes_ex_msgs/environment/pythonpath.sh
[4.944s] -- Symlinking: /home/vf/Documents/ws_yolov5/install/bboxes_ex_msgs/share/bboxes_ex_msgs/environment/pythonpath.dsv
[4.952s] -- Symlinking: /home/vf/Documents/ws_yolov5/install/bboxes_ex_msgs/lib/python3.8/site-packages/bboxes_ex_msgs/__init__.py
[4.960s] -- Symlinking: /home/vf/Documents/ws_yolov5/install/bboxes_ex_msgs/lib/python3.8/site-packages/bboxes_ex_msgs/msg/__init__.py
[4.968s] -- Symlinking: /home/vf/Documents/ws_yolov5/install/bboxes_ex_msgs/lib/python3.8/site-packages/bboxes_ex_msgs/msg/_bounding_box.py
[4.975s] -- Symlinking: /home/vf/Documents/ws_yolov5/install/bboxes_ex_msgs/lib/python3.8/site-packages/bboxes_ex_msgs/msg/_bounding_boxes.py
[4.984s] -- Symlinking: /home/vf/Documents/ws_yolov5/install/bboxes_ex_msgs/lib/python3.8/site-packages/bboxes_ex_msgs/bboxes_ex_msgs_s__rosidl_typesupport_fastrtps_c.cpython-38-x86_64-linux-gnu.so
[4.992s] -- Symlinking: /home/vf/Documents/ws_yolov5/install/bboxes_ex_msgs/lib/python3.8/site-packages/bboxes_ex_msgs/bboxes_ex_msgs_s__rosidl_typesupport_introspection_c.cpython-38-x86_64-linux-gnu.so
[4.999s] -- Symlinking: /home/vf/Documents/ws_yolov5/install/bboxes_ex_msgs/lib/python3.8/site-packages/bboxes_ex_msgs/bboxes_ex_msgs_s__rosidl_typesupport_c.cpython-38-x86_64-linux-gnu.so
[5.007s] -- Symlinking: /home/vf/Documents/ws_yolov5/install/bboxes_ex_msgs/lib/libbboxes_ex_msgs__python.so
[5.015s] -- Symlinking: /home/vf/Documents/ws_yolov5/install/bboxes_ex_msgs/share/bboxes_ex_msgs/msg/BoundingBox.idl
[5.023s] -- Symlinking: /home/vf/Documents/ws_yolov5/install/bboxes_ex_msgs/share/bboxes_ex_msgs/msg/BoundingBoxes.idl
[5.031s] -- Symlinking: /home/vf/Documents/ws_yolov5/install/bboxes_ex_msgs/share/bboxes_ex_msgs/msg/BoundingBox.msg
[5.040s] -- Symlinking: /home/vf/Documents/ws_yolov5/install/bboxes_ex_msgs/share/bboxes_ex_msgs/msg/BoundingBoxes.msg
[5.048s] -- Symlinking: /home/vf/Documents/ws_yolov5/install/bboxes_ex_msgs/share/ament_index/resource_index/package_run_dependencies/bboxes_ex_msgs
[5.057s] -- Symlinking: /home/vf/Documents/ws_yolov5/install/bboxes_ex_msgs/share/ament_index/resource_index/parent_prefix_path/bboxes_ex_msgs
[5.064s] -- Symlinking: /home/vf/Documents/ws_yolov5/install/bboxes_ex_msgs/share/bboxes_ex_msgs/environment/ament_prefix_path.sh
[5.073s] -- Symlinking: /home/vf/Documents/ws_yolov5/install/bboxes_ex_msgs/share/bboxes_ex_msgs/environment/ament_prefix_path.dsv
[5.080s] -- Symlinking: /home/vf/Documents/ws_yolov5/install/bboxes_ex_msgs/share/bboxes_ex_msgs/environment/path.sh
[5.088s] -- Symlinking: /home/vf/Documents/ws_yolov5/install/bboxes_ex_msgs/share/bboxes_ex_msgs/environment/path.dsv
[5.096s] -- Symlinking: /home/vf/Documents/ws_yolov5/install/bboxes_ex_msgs/share/bboxes_ex_msgs/local_setup.bash
[5.106s] -- Symlinking: /home/vf/Documents/ws_yolov5/install/bboxes_ex_msgs/share/bboxes_ex_msgs/local_setup.sh
[5.117s] -- Symlinking: /home/vf/Documents/ws_yolov5/install/bboxes_ex_msgs/share/bboxes_ex_msgs/local_setup.zsh
[5.126s] -- Symlinking: /home/vf/Documents/ws_yolov5/install/bboxes_ex_msgs/share/bboxes_ex_msgs/local_setup.dsv
[5.136s] -- Symlinking: /home/vf/Documents/ws_yolov5/install/bboxes_ex_msgs/share/bboxes_ex_msgs/package.dsv
[5.144s] -- Symlinking: /home/vf/Documents/ws_yolov5/install/bboxes_ex_msgs/share/ament_index/resource_index/packages/bboxes_ex_msgs
[5.152s] -- Symlinking: /home/vf/Documents/ws_yolov5/install/bboxes_ex_msgs/share/bboxes_ex_msgs/cmake/rosidl_cmake-extras.cmake
[5.160s] -- Symlinking: /home/vf/Documents/ws_yolov5/install/bboxes_ex_msgs/share/bboxes_ex_msgs/cmake/ament_cmake_export_dependencies-extras.cmake
[5.169s] -- Symlinking: /home/vf/Documents/ws_yolov5/install/bboxes_ex_msgs/share/bboxes_ex_msgs/cmake/ament_cmake_export_libraries-extras.cmake
[5.179s] -- Symlinking: /home/vf/Documents/ws_yolov5/install/bboxes_ex_msgs/share/bboxes_ex_msgs/cmake/ament_cmake_export_targets-extras.cmake
[5.188s] -- Symlinking: /home/vf/Documents/ws_yolov5/install/bboxes_ex_msgs/share/bboxes_ex_msgs/cmake/ament_cmake_export_include_directories-extras.cmake
[5.197s] -- Symlinking: /home/vf/Documents/ws_yolov5/install/bboxes_ex_msgs/share/bboxes_ex_msgs/cmake/rosidl_cmake_export_typesupport_libraries-extras.cmake
[5.207s] -- Symlinking: /home/vf/Documents/ws_yolov5/install/bboxes_ex_msgs/share/bboxes_ex_msgs/cmake/rosidl_cmake_export_typesupport_targets-extras.cmake
[5.217s] -- Symlinking: /home/vf/Documents/ws_yolov5/install/bboxes_ex_msgs/share/bboxes_ex_msgs/cmake/bboxes_ex_msgsConfig.cmake
[5.225s] -- Symlinking: /home/vf/Documents/ws_yolov5/install/bboxes_ex_msgs/share/bboxes_ex_msgs/cmake/bboxes_ex_msgsConfig-version.cmake
[5.234s] -- Symlinking: /home/vf/Documents/ws_yolov5/install/bboxes_ex_msgs/share/bboxes_ex_msgs/package.xml
[5.242s] -- Installing: /home/vf/Documents/ws_yolov5/install/bboxes_ex_msgs/lib/libbboxes_ex_msgs__rosidl_generator_c.so
[5.242s] -- Set runtime path of "/home/vf/Documents/ws_yolov5/install/bboxes_ex_msgs/lib/libbboxes_ex_msgs__rosidl_generator_c.so" to ""
[5.242s] -- Installing: /home/vf/Documents/ws_yolov5/install/bboxes_ex_msgs/lib/libbboxes_ex_msgs__rosidl_typesupport_introspection_c.so
[5.243s] -- Set runtime path of "/home/vf/Documents/ws_yolov5/install/bboxes_ex_msgs/lib/libbboxes_ex_msgs__rosidl_typesupport_introspection_c.so" to ""
[5.243s] -- Installing: /home/vf/Documents/ws_yolov5/install/bboxes_ex_msgs/lib/libbboxes_ex_msgs__rosidl_typesupport_c.so
[5.243s] -- Set runtime path of "/home/vf/Documents/ws_yolov5/install/bboxes_ex_msgs/lib/libbboxes_ex_msgs__rosidl_typesupport_c.so" to ""
[5.243s] -- Installing: /home/vf/Documents/ws_yolov5/install/bboxes_ex_msgs/lib/libbboxes_ex_msgs__rosidl_typesupport_introspection_cpp.so
[5.244s] -- Set runtime path of "/home/vf/Documents/ws_yolov5/install/bboxes_ex_msgs/lib/libbboxes_ex_msgs__rosidl_typesupport_introspection_cpp.so" to ""
[5.244s] -- Installing: /home/vf/Documents/ws_yolov5/install/bboxes_ex_msgs/lib/libbboxes_ex_msgs__rosidl_typesupport_cpp.so
[5.244s] -- Set runtime path of "/home/vf/Documents/ws_yolov5/install/bboxes_ex_msgs/lib/libbboxes_ex_msgs__rosidl_typesupport_cpp.so" to ""
[5.279s] Compiling '/home/vf/Documents/ws_yolov5/install/bboxes_ex_msgs/lib/python3.8/site-packages/bboxes_ex_msgs/__init__.py'...
[5.285s] -- Installing: /home/vf/Documents/ws_yolov5/install/bboxes_ex_msgs/share/bboxes_ex_msgs/cmake/bboxes_ex_msgs__rosidl_generator_cExport.cmake
[5.286s] -- Installing: /home/vf/Documents/ws_yolov5/install/bboxes_ex_msgs/share/bboxes_ex_msgs/cmake/bboxes_ex_msgs__rosidl_generator_cExport-noconfig.cmake
[5.286s] -- Installing: /home/vf/Documents/ws_yolov5/install/bboxes_ex_msgs/share/bboxes_ex_msgs/cmake/bboxes_ex_msgs__rosidl_typesupport_introspection_cExport.cmake
[5.286s] -- Installing: /home/vf/Documents/ws_yolov5/install/bboxes_ex_msgs/share/bboxes_ex_msgs/cmake/bboxes_ex_msgs__rosidl_typesupport_introspection_cExport-noconfig.cmake
[5.286s] -- Installing: /home/vf/Documents/ws_yolov5/install/bboxes_ex_msgs/share/bboxes_ex_msgs/cmake/bboxes_ex_msgs__rosidl_typesupport_cExport.cmake
[5.286s] -- Installing: /home/vf/Documents/ws_yolov5/install/bboxes_ex_msgs/share/bboxes_ex_msgs/cmake/bboxes_ex_msgs__rosidl_typesupport_cExport-noconfig.cmake
[5.286s] -- Installing: /home/vf/Documents/ws_yolov5/install/bboxes_ex_msgs/share/bboxes_ex_msgs/cmake/bboxes_ex_msgs__rosidl_generator_cppExport.cmake
[5.287s] -- Installing: /home/vf/Documents/ws_yolov5/install/bboxes_ex_msgs/share/bboxes_ex_msgs/cmake/bboxes_ex_msgs__rosidl_typesupport_introspection_cppExport.cmake
[5.287s] -- Installing: /home/vf/Documents/ws_yolov5/install/bboxes_ex_msgs/share/bboxes_ex_msgs/cmake/bboxes_ex_msgs__rosidl_typesupport_introspection_cppExport-noconfig.cmake
[5.287s] -- Installing: /home/vf/Documents/ws_yolov5/install/bboxes_ex_msgs/share/bboxes_ex_msgs/cmake/bboxes_ex_msgs__rosidl_typesupport_cppExport.cmake
[5.287s] -- Installing: /home/vf/Documents/ws_yolov5/install/bboxes_ex_msgs/share/bboxes_ex_msgs/cmake/bboxes_ex_msgs__rosidl_typesupport_cppExport-noconfig.cmake
[5.293s] Invoked command in '/home/vf/Documents/ws_yolov5/build/bboxes_ex_msgs' returned '0': CMAKE_PREFIX_PATH=${CMAKE_PREFIX_PATH}:/home/vf/Documents/ws_yolov5/install/yolov5_ros:/opt/ros/foxy /usr/bin/cmake --install /home/vf/Documents/ws_yolov5/build/bboxes_ex_msgs
