[0.018s] Invoking command in '/home/vf/Documents/ws_yolov5/build/v4l2_camera': CMAKE_PREFIX_PATH=/opt/ros/foxy /usr/bin/cmake /home/vf/Documents/ws_yolov5/src/ros2_v4l2_camera -DCMAKE_INSTALL_PREFIX=/home/vf/Documents/ws_yolov5/install/v4l2_camera
[0.028s] -- Found ament_cmake: 0.9.12 (/opt/ros/foxy/share/ament_cmake/cmake)
[0.044s] -- Using PYTHON_EXECUTABLE: /usr/bin/python3
[0.210s] -- Override CMake install command with custom implementation using symlinks instead of copying resources
[0.219s] -- Found ament_cmake_ros: 0.9.2 (/opt/ros/foxy/share/ament_cmake_ros/cmake)
[0.224s] -- Found rclcpp: 2.4.3 (/opt/ros/foxy/share/rclcpp/cmake)
[0.251s] -- Using all available rosidl_typesupport_c: rosidl_typesupport_fastrtps_c;rosidl_typesupport_introspection_c
[0.253s] -- Found rosidl_adapter: 1.3.1 (/opt/ros/foxy/share/rosidl_adapter/cmake)
[0.346s] -- Using all available rosidl_typesupport_cpp: rosidl_typesupport_fastrtps_cpp;rosidl_typesupport_introspection_cpp
[0.391s] -- Found rmw_implementation_cmake: 1.0.4 (/opt/ros/foxy/share/rmw_implementation_cmake/cmake)
[0.392s] -- Using RMW implementation 'rmw_fastrtps_cpp' as default
[0.505s] -- Found rclcpp_components: 2.4.3 (/opt/ros/foxy/share/rclcpp_components/cmake)
[0.549s] -- Found image_transport: 2.4.0 (/opt/ros/foxy/share/image_transport/cmake)
[0.661s] -- Found camera_info_manager: 2.4.0 (/opt/ros/foxy/share/camera_info_manager/cmake)
[0.675s] -- Setting yaml-cpp_DIR to: '/opt/ros/foxy/share/yaml_cpp_vendor/cmake/../../../opt/yaml_cpp_vendor/lib/cmake/yaml-cpp'
[0.733s] -- Found ament_lint_auto: 0.9.8 (/opt/ros/foxy/share/ament_lint_auto/cmake)
[0.793s] -- Added test 'cppcheck' to perform static code analysis on C / C++ code
[0.793s] -- Configured cppcheck include dirs: $<BUILD_INTERFACE:/home/vf/Documents/ws_yolov5/src/ros2_v4l2_camera/include>
[0.794s] -- Configured cppcheck exclude dirs and/or files: 
[0.795s] -- Added test 'cpplint' to check C / C++ code against the Google style
[0.795s] -- Configured cpplint exclude dirs and/or files: 
[0.796s] -- Added test 'lint_cmake' to check CMake code style
[0.798s] -- Added test 'uncrustify' to check C / C++ code style
[0.798s] -- Configured uncrustify additional arguments: 
[0.799s] -- Added test 'xmllint' to check XML markup files
[0.804s] -- Configuring done
[0.840s] -- Generating done
[0.848s] -- Build files have been written to: /home/vf/Documents/ws_yolov5/build/v4l2_camera
[0.856s] Invoked command in '/home/vf/Documents/ws_yolov5/build/v4l2_camera' returned '0': CMAKE_PREFIX_PATH=/opt/ros/foxy /usr/bin/cmake /home/vf/Documents/ws_yolov5/src/ros2_v4l2_camera -DCMAKE_INSTALL_PREFIX=/home/vf/Documents/ws_yolov5/install/v4l2_camera
[0.859s] Invoking command in '/home/vf/Documents/ws_yolov5/build/v4l2_camera': CMAKE_PREFIX_PATH=/opt/ros/foxy /usr/bin/cmake --build /home/vf/Documents/ws_yolov5/build/v4l2_camera -- -j12 -l12
[0.929s] [ 42%] Built target v4l2_camera
[0.960s] [100%] Built target v4l2_camera_node
[0.960s] [100%] Built target v4l2_camera_compose_test
[0.971s] Invoked command in '/home/vf/Documents/ws_yolov5/build/v4l2_camera' returned '0': CMAKE_PREFIX_PATH=/opt/ros/foxy /usr/bin/cmake --build /home/vf/Documents/ws_yolov5/build/v4l2_camera -- -j12 -l12
[0.984s] Invoking command in '/home/vf/Documents/ws_yolov5/build/v4l2_camera': CMAKE_PREFIX_PATH=/opt/ros/foxy /usr/bin/cmake --install /home/vf/Documents/ws_yolov5/build/v4l2_camera
[0.992s] -- Install configuration: ""
[0.992s] -- Execute custom install script
[0.993s] -- Up-to-date symlink: /home/vf/Documents/ws_yolov5/install/v4l2_camera/include/v4l2_camera/control.hpp
[0.993s] -- Up-to-date symlink: /home/vf/Documents/ws_yolov5/install/v4l2_camera/include/v4l2_camera/fourcc.hpp
[0.993s] -- Up-to-date symlink: /home/vf/Documents/ws_yolov5/install/v4l2_camera/include/v4l2_camera/image_format.hpp
[0.993s] -- Up-to-date symlink: /home/vf/Documents/ws_yolov5/install/v4l2_camera/include/v4l2_camera/pixel_format.hpp
[0.993s] -- Up-to-date symlink: /home/vf/Documents/ws_yolov5/install/v4l2_camera/include/v4l2_camera/v4l2_camera.hpp
[0.993s] -- Up-to-date symlink: /home/vf/Documents/ws_yolov5/install/v4l2_camera/include/v4l2_camera/v4l2_camera_device.hpp
[0.994s] -- Up-to-date symlink: /home/vf/Documents/ws_yolov5/install/v4l2_camera/include/v4l2_camera/visibility_control.h
[0.994s] -- Up-to-date symlink: /home/vf/Documents/ws_yolov5/install/v4l2_camera/share/v4l2_camera/environment/library_path.sh
[0.994s] -- Up-to-date symlink: /home/vf/Documents/ws_yolov5/install/v4l2_camera/share/v4l2_camera/environment/library_path.dsv
[0.994s] -- Up-to-date symlink: /home/vf/Documents/ws_yolov5/install/v4l2_camera/share/ament_index/resource_index/package_run_dependencies/v4l2_camera
[0.994s] -- Up-to-date symlink: /home/vf/Documents/ws_yolov5/install/v4l2_camera/share/ament_index/resource_index/parent_prefix_path/v4l2_camera
[0.994s] -- Up-to-date symlink: /home/vf/Documents/ws_yolov5/install/v4l2_camera/share/v4l2_camera/environment/ament_prefix_path.sh
[0.995s] -- Up-to-date symlink: /home/vf/Documents/ws_yolov5/install/v4l2_camera/share/v4l2_camera/environment/ament_prefix_path.dsv
[0.995s] -- Up-to-date symlink: /home/vf/Documents/ws_yolov5/install/v4l2_camera/share/v4l2_camera/environment/path.sh
[0.995s] -- Up-to-date symlink: /home/vf/Documents/ws_yolov5/install/v4l2_camera/share/v4l2_camera/environment/path.dsv
[0.995s] -- Up-to-date symlink: /home/vf/Documents/ws_yolov5/install/v4l2_camera/share/v4l2_camera/local_setup.bash
[0.995s] -- Up-to-date symlink: /home/vf/Documents/ws_yolov5/install/v4l2_camera/share/v4l2_camera/local_setup.sh
[0.995s] -- Up-to-date symlink: /home/vf/Documents/ws_yolov5/install/v4l2_camera/share/v4l2_camera/local_setup.zsh
[0.996s] -- Up-to-date symlink: /home/vf/Documents/ws_yolov5/install/v4l2_camera/share/v4l2_camera/local_setup.dsv
[0.996s] -- Symlinking: /home/vf/Documents/ws_yolov5/install/v4l2_camera/share/v4l2_camera/package.dsv
[1.003s] -- Up-to-date symlink: /home/vf/Documents/ws_yolov5/install/v4l2_camera/share/ament_index/resource_index/packages/v4l2_camera
[1.003s] -- Up-to-date symlink: /home/vf/Documents/ws_yolov5/install/v4l2_camera/share/ament_index/resource_index/rclcpp_components/v4l2_camera
[1.003s] -- Up-to-date symlink: /home/vf/Documents/ws_yolov5/install/v4l2_camera/share/v4l2_camera/cmake/ament_cmake_export_include_directories-extras.cmake
[1.003s] -- Up-to-date symlink: /home/vf/Documents/ws_yolov5/install/v4l2_camera/share/v4l2_camera/cmake/ament_cmake_export_targets-extras.cmake
[1.004s] -- Up-to-date symlink: /home/vf/Documents/ws_yolov5/install/v4l2_camera/share/v4l2_camera/cmake/ament_cmake_export_libraries-extras.cmake
[1.004s] -- Up-to-date symlink: /home/vf/Documents/ws_yolov5/install/v4l2_camera/share/v4l2_camera/cmake/ament_cmake_export_dependencies-extras.cmake
[1.004s] -- Up-to-date symlink: /home/vf/Documents/ws_yolov5/install/v4l2_camera/share/v4l2_camera/cmake/v4l2_cameraConfig.cmake
[1.004s] -- Up-to-date symlink: /home/vf/Documents/ws_yolov5/install/v4l2_camera/share/v4l2_camera/cmake/v4l2_cameraConfig-version.cmake
[1.004s] -- Up-to-date symlink: /home/vf/Documents/ws_yolov5/install/v4l2_camera/share/v4l2_camera/package.xml
[1.004s] -- Up-to-date: /home/vf/Documents/ws_yolov5/install/v4l2_camera/lib/libv4l2_camera.so
[1.005s] -- Up-to-date: /home/vf/Documents/ws_yolov5/install/v4l2_camera/lib/v4l2_camera/v4l2_camera_node
[1.005s] -- Up-to-date: /home/vf/Documents/ws_yolov5/install/v4l2_camera/lib/v4l2_camera/v4l2_camera_compose_test
[1.005s] -- Up-to-date: /home/vf/Documents/ws_yolov5/install/v4l2_camera/share/v4l2_camera/cmake/export_v4l2_cameraExport.cmake
[1.006s] -- Installing: /home/vf/Documents/ws_yolov5/install/v4l2_camera/share/v4l2_camera/cmake/export_v4l2_cameraExport-noconfig.cmake
[1.007s] Invoked command in '/home/vf/Documents/ws_yolov5/build/v4l2_camera' returned '0': CMAKE_PREFIX_PATH=/opt/ros/foxy /usr/bin/cmake --install /home/vf/Documents/ws_yolov5/build/v4l2_camera
