[1.273s] Invoking command in '/home/vf/Documents/ws_yolov5/build/yolov5_ros': AMENT_PREFIX_PATH=/home/vf/Documents/ws_yolov5/install/bboxes_ex_msgs:${AMENT_PREFIX_PATH} CMAKE_PREFIX_PATH=/home/vf/Documents/ws_yolov5/install/bboxes_ex_msgs LD_LIBRARY_PATH=/home/vf/Documents/ws_yolov5/install/bboxes_ex_msgs/lib:/usr/lib/x86_64-linux-gnu/gazebo-11/plugins:/opt/ros/foxy/opt/yaml_cpp_vendor/lib:/opt/ros/foxy/opt/rviz_ogre_vendor/lib:/opt/ros/foxy/lib/x86_64-linux-gnu:/opt/ros/foxy/lib:/usr/share/gazebo/../../lib/x86_64-linux-gnu/gazebo-11/plugins PYTHONPATH=/home/vf/Documents/ws_yolov5/build/yolov5_ros/prefix_override:/usr/lib/python3/dist-packages/colcon_core/task/python/colcon_distutils_commands:/home/vf/Documents/ws_yolov5/install/yolov5_ros/lib/python3.8/site-packages:/home/vf/Documents/ws_yolov5/install/bboxes_ex_msgs/lib/python3.8/site-packages:${PYTHONPATH} /usr/bin/python3 -W ignore:setup.py install is deprecated -W ignore:easy_install command is deprecated setup.py develop --uninstall --editable --build-directory /home/vf/Documents/ws_yolov5/build/yolov5_ros/build
[1.434s] /home/vf/.local/lib/python3.8/site-packages/setuptools/_distutils/dist.py:261: UserWarning: Unknown distribution option: 'tests_require'
[1.434s]   warnings.warn(msg)
[1.608s] running develop
[1.875s] Removing /home/vf/Documents/ws_yolov5/install/yolov5_ros/lib/python3.8/site-packages/yolov5-ros.egg-link (link to .)
[1.934s] Invoked command in '/home/vf/Documents/ws_yolov5/build/yolov5_ros' returned '0': AMENT_PREFIX_PATH=/home/vf/Documents/ws_yolov5/install/bboxes_ex_msgs:${AMENT_PREFIX_PATH} CMAKE_PREFIX_PATH=/home/vf/Documents/ws_yolov5/install/bboxes_ex_msgs LD_LIBRARY_PATH=/home/vf/Documents/ws_yolov5/install/bboxes_ex_msgs/lib:/usr/lib/x86_64-linux-gnu/gazebo-11/plugins:/opt/ros/foxy/opt/yaml_cpp_vendor/lib:/opt/ros/foxy/opt/rviz_ogre_vendor/lib:/opt/ros/foxy/lib/x86_64-linux-gnu:/opt/ros/foxy/lib:/usr/share/gazebo/../../lib/x86_64-linux-gnu/gazebo-11/plugins PYTHONPATH=/home/vf/Documents/ws_yolov5/build/yolov5_ros/prefix_override:/usr/lib/python3/dist-packages/colcon_core/task/python/colcon_distutils_commands:/home/vf/Documents/ws_yolov5/install/yolov5_ros/lib/python3.8/site-packages:/home/vf/Documents/ws_yolov5/install/bboxes_ex_msgs/lib/python3.8/site-packages:${PYTHONPATH} /usr/bin/python3 -W ignore:setup.py install is deprecated -W ignore:easy_install command is deprecated setup.py develop --uninstall --editable --build-directory /home/vf/Documents/ws_yolov5/build/yolov5_ros/build
[1.938s] Invoking command in '/home/vf/Documents/ws_yolov5/src/YOLOv5-ROS/yolov5_ros': AMENT_PREFIX_PATH=/home/vf/Documents/ws_yolov5/install/bboxes_ex_msgs:${AMENT_PREFIX_PATH} CMAKE_PREFIX_PATH=/home/vf/Documents/ws_yolov5/install/bboxes_ex_msgs LD_LIBRARY_PATH=/home/vf/Documents/ws_yolov5/install/bboxes_ex_msgs/lib:/usr/lib/x86_64-linux-gnu/gazebo-11/plugins:/opt/ros/foxy/opt/yaml_cpp_vendor/lib:/opt/ros/foxy/opt/rviz_ogre_vendor/lib:/opt/ros/foxy/lib/x86_64-linux-gnu:/opt/ros/foxy/lib:/usr/share/gazebo/../../lib/x86_64-linux-gnu/gazebo-11/plugins PYTHONPATH=/home/vf/Documents/ws_yolov5/build/yolov5_ros/prefix_override:/usr/lib/python3/dist-packages/colcon_core/task/python/colcon_distutils_commands:/home/vf/Documents/ws_yolov5/install/yolov5_ros/lib/python3.8/site-packages:/home/vf/Documents/ws_yolov5/install/bboxes_ex_msgs/lib/python3.8/site-packages:${PYTHONPATH} /usr/bin/python3 -W ignore:setup.py install is deprecated -W ignore:easy_install command is deprecated setup.py egg_info --egg-base ../../../build/yolov5_ros build --build-base /home/vf/Documents/ws_yolov5/build/yolov5_ros/build install --record /home/vf/Documents/ws_yolov5/build/yolov5_ros/install.log --single-version-externally-managed install_data --force
[2.117s] /home/vf/.local/lib/python3.8/site-packages/setuptools/_distutils/dist.py:261: UserWarning: Unknown distribution option: 'tests_require'
[2.117s]   warnings.warn(msg)
[2.250s] running egg_info
[2.278s] writing ../../../build/yolov5_ros/yolov5_ros.egg-info/PKG-INFO
[2.279s] writing dependency_links to ../../../build/yolov5_ros/yolov5_ros.egg-info/dependency_links.txt
[2.279s] writing entry points to ../../../build/yolov5_ros/yolov5_ros.egg-info/entry_points.txt
[2.279s] writing requirements to ../../../build/yolov5_ros/yolov5_ros.egg-info/requires.txt
[2.279s] writing top-level names to ../../../build/yolov5_ros/yolov5_ros.egg-info/top_level.txt
[2.421s] reading manifest file '../../../build/yolov5_ros/yolov5_ros.egg-info/SOURCES.txt'
[2.423s] writing manifest file '../../../build/yolov5_ros/yolov5_ros.egg-info/SOURCES.txt'
[2.423s] running build
[2.423s] running build_py
[2.423s] creating /home/vf/Documents/ws_yolov5/build/yolov5_ros/build/lib/yolov5_ros
[2.423s] copying yolov5_ros/main.py -> /home/vf/Documents/ws_yolov5/build/yolov5_ros/build/lib/yolov5_ros
[2.423s] copying yolov5_ros/export.py -> /home/vf/Documents/ws_yolov5/build/yolov5_ros/build/lib/yolov5_ros
[2.424s] copying yolov5_ros/yolov5_node.py -> /home/vf/Documents/ws_yolov5/build/yolov5_ros/build/lib/yolov5_ros
[2.424s] copying yolov5_ros/__init__.py -> /home/vf/Documents/ws_yolov5/build/yolov5_ros/build/lib/yolov5_ros
[2.424s] creating /home/vf/Documents/ws_yolov5/build/yolov5_ros/build/lib/yolov5_ros/models
[2.424s] copying yolov5_ros/models/experimental.py -> /home/vf/Documents/ws_yolov5/build/yolov5_ros/build/lib/yolov5_ros/models
[2.425s] copying yolov5_ros/models/tf.py -> /home/vf/Documents/ws_yolov5/build/yolov5_ros/build/lib/yolov5_ros/models
[2.425s] copying yolov5_ros/models/yolo.py -> /home/vf/Documents/ws_yolov5/build/yolov5_ros/build/lib/yolov5_ros/models
[2.425s] copying yolov5_ros/models/__init__.py -> /home/vf/Documents/ws_yolov5/build/yolov5_ros/build/lib/yolov5_ros/models
[2.425s] copying yolov5_ros/models/common.py -> /home/vf/Documents/ws_yolov5/build/yolov5_ros/build/lib/yolov5_ros/models
[2.426s] creating /home/vf/Documents/ws_yolov5/build/yolov5_ros/build/lib/yolov5_ros/utils
[2.426s] copying yolov5_ros/utils/autobatch.py -> /home/vf/Documents/ws_yolov5/build/yolov5_ros/build/lib/yolov5_ros/utils
[2.426s] copying yolov5_ros/utils/metrics.py -> /home/vf/Documents/ws_yolov5/build/yolov5_ros/build/lib/yolov5_ros/utils
[2.426s] copying yolov5_ros/utils/autoanchor.py -> /home/vf/Documents/ws_yolov5/build/yolov5_ros/build/lib/yolov5_ros/utils
[2.427s] copying yolov5_ros/utils/benchmarks.py -> /home/vf/Documents/ws_yolov5/build/yolov5_ros/build/lib/yolov5_ros/utils
[2.427s] copying yolov5_ros/utils/plots.py -> /home/vf/Documents/ws_yolov5/build/yolov5_ros/build/lib/yolov5_ros/utils
[2.427s] copying yolov5_ros/utils/augmentations.py -> /home/vf/Documents/ws_yolov5/build/yolov5_ros/build/lib/yolov5_ros/utils
[2.427s] copying yolov5_ros/utils/datasets.py -> /home/vf/Documents/ws_yolov5/build/yolov5_ros/build/lib/yolov5_ros/utils
[2.428s] copying yolov5_ros/utils/callbacks.py -> /home/vf/Documents/ws_yolov5/build/yolov5_ros/build/lib/yolov5_ros/utils
[2.428s] copying yolov5_ros/utils/loss.py -> /home/vf/Documents/ws_yolov5/build/yolov5_ros/build/lib/yolov5_ros/utils
[2.428s] copying yolov5_ros/utils/torch_utils.py -> /home/vf/Documents/ws_yolov5/build/yolov5_ros/build/lib/yolov5_ros/utils
[2.429s] copying yolov5_ros/utils/general.py -> /home/vf/Documents/ws_yolov5/build/yolov5_ros/build/lib/yolov5_ros/utils
[2.429s] copying yolov5_ros/utils/downloads.py -> /home/vf/Documents/ws_yolov5/build/yolov5_ros/build/lib/yolov5_ros/utils
[2.430s] copying yolov5_ros/utils/activations.py -> /home/vf/Documents/ws_yolov5/build/yolov5_ros/build/lib/yolov5_ros/utils
[2.430s] copying yolov5_ros/utils/__init__.py -> /home/vf/Documents/ws_yolov5/build/yolov5_ros/build/lib/yolov5_ros/utils
[2.430s] creating /home/vf/Documents/ws_yolov5/build/yolov5_ros/build/lib/yolov5_ros/utils/aws
[2.430s] copying yolov5_ros/utils/aws/resume.py -> /home/vf/Documents/ws_yolov5/build/yolov5_ros/build/lib/yolov5_ros/utils/aws
[2.430s] copying yolov5_ros/utils/aws/__init__.py -> /home/vf/Documents/ws_yolov5/build/yolov5_ros/build/lib/yolov5_ros/utils/aws
[2.431s] creating /home/vf/Documents/ws_yolov5/build/yolov5_ros/build/lib/yolov5_ros/utils/loggers
[2.431s] copying yolov5_ros/utils/loggers/__init__.py -> /home/vf/Documents/ws_yolov5/build/yolov5_ros/build/lib/yolov5_ros/utils/loggers
[2.431s] creating /home/vf/Documents/ws_yolov5/build/yolov5_ros/build/lib/yolov5_ros/utils/loggers/wandb
[2.431s] copying yolov5_ros/utils/loggers/wandb/wandb_utils.py -> /home/vf/Documents/ws_yolov5/build/yolov5_ros/build/lib/yolov5_ros/utils/loggers/wandb
[2.432s] copying yolov5_ros/utils/loggers/wandb/sweep.py -> /home/vf/Documents/ws_yolov5/build/yolov5_ros/build/lib/yolov5_ros/utils/loggers/wandb
[2.432s] copying yolov5_ros/utils/loggers/wandb/log_dataset.py -> /home/vf/Documents/ws_yolov5/build/yolov5_ros/build/lib/yolov5_ros/utils/loggers/wandb
[2.432s] copying yolov5_ros/utils/loggers/wandb/__init__.py -> /home/vf/Documents/ws_yolov5/build/yolov5_ros/build/lib/yolov5_ros/utils/loggers/wandb
[2.433s] running install
[2.436s] running install_lib
[2.461s] creating /home/vf/Documents/ws_yolov5/install/yolov5_ros/lib/python3.8/site-packages/yolov5_ros
[2.461s] copying /home/vf/Documents/ws_yolov5/build/yolov5_ros/build/lib/yolov5_ros/main.py -> /home/vf/Documents/ws_yolov5/install/yolov5_ros/lib/python3.8/site-packages/yolov5_ros
[2.461s] copying /home/vf/Documents/ws_yolov5/build/yolov5_ros/build/lib/yolov5_ros/export.py -> /home/vf/Documents/ws_yolov5/install/yolov5_ros/lib/python3.8/site-packages/yolov5_ros
[2.461s] creating /home/vf/Documents/ws_yolov5/install/yolov5_ros/lib/python3.8/site-packages/yolov5_ros/models
[2.461s] copying /home/vf/Documents/ws_yolov5/build/yolov5_ros/build/lib/yolov5_ros/models/experimental.py -> /home/vf/Documents/ws_yolov5/install/yolov5_ros/lib/python3.8/site-packages/yolov5_ros/models
[2.461s] copying /home/vf/Documents/ws_yolov5/build/yolov5_ros/build/lib/yolov5_ros/models/tf.py -> /home/vf/Documents/ws_yolov5/install/yolov5_ros/lib/python3.8/site-packages/yolov5_ros/models
[2.461s] copying /home/vf/Documents/ws_yolov5/build/yolov5_ros/build/lib/yolov5_ros/models/yolo.py -> /home/vf/Documents/ws_yolov5/install/yolov5_ros/lib/python3.8/site-packages/yolov5_ros/models
[2.462s] copying /home/vf/Documents/ws_yolov5/build/yolov5_ros/build/lib/yolov5_ros/models/__init__.py -> /home/vf/Documents/ws_yolov5/install/yolov5_ros/lib/python3.8/site-packages/yolov5_ros/models
[2.462s] copying /home/vf/Documents/ws_yolov5/build/yolov5_ros/build/lib/yolov5_ros/models/common.py -> /home/vf/Documents/ws_yolov5/install/yolov5_ros/lib/python3.8/site-packages/yolov5_ros/models
[2.462s] copying /home/vf/Documents/ws_yolov5/build/yolov5_ros/build/lib/yolov5_ros/yolov5_node.py -> /home/vf/Documents/ws_yolov5/install/yolov5_ros/lib/python3.8/site-packages/yolov5_ros
[2.462s] copying /home/vf/Documents/ws_yolov5/build/yolov5_ros/build/lib/yolov5_ros/__init__.py -> /home/vf/Documents/ws_yolov5/install/yolov5_ros/lib/python3.8/site-packages/yolov5_ros
[2.462s] creating /home/vf/Documents/ws_yolov5/install/yolov5_ros/lib/python3.8/site-packages/yolov5_ros/utils
[2.462s] creating /home/vf/Documents/ws_yolov5/install/yolov5_ros/lib/python3.8/site-packages/yolov5_ros/utils/aws
[2.462s] copying /home/vf/Documents/ws_yolov5/build/yolov5_ros/build/lib/yolov5_ros/utils/aws/resume.py -> /home/vf/Documents/ws_yolov5/install/yolov5_ros/lib/python3.8/site-packages/yolov5_ros/utils/aws
[2.462s] copying /home/vf/Documents/ws_yolov5/build/yolov5_ros/build/lib/yolov5_ros/utils/aws/__init__.py -> /home/vf/Documents/ws_yolov5/install/yolov5_ros/lib/python3.8/site-packages/yolov5_ros/utils/aws
[2.462s] copying /home/vf/Documents/ws_yolov5/build/yolov5_ros/build/lib/yolov5_ros/utils/autobatch.py -> /home/vf/Documents/ws_yolov5/install/yolov5_ros/lib/python3.8/site-packages/yolov5_ros/utils
[2.462s] copying /home/vf/Documents/ws_yolov5/build/yolov5_ros/build/lib/yolov5_ros/utils/metrics.py -> /home/vf/Documents/ws_yolov5/install/yolov5_ros/lib/python3.8/site-packages/yolov5_ros/utils
[2.462s] copying /home/vf/Documents/ws_yolov5/build/yolov5_ros/build/lib/yolov5_ros/utils/autoanchor.py -> /home/vf/Documents/ws_yolov5/install/yolov5_ros/lib/python3.8/site-packages/yolov5_ros/utils
[2.462s] copying /home/vf/Documents/ws_yolov5/build/yolov5_ros/build/lib/yolov5_ros/utils/benchmarks.py -> /home/vf/Documents/ws_yolov5/install/yolov5_ros/lib/python3.8/site-packages/yolov5_ros/utils
[2.462s] copying /home/vf/Documents/ws_yolov5/build/yolov5_ros/build/lib/yolov5_ros/utils/plots.py -> /home/vf/Documents/ws_yolov5/install/yolov5_ros/lib/python3.8/site-packages/yolov5_ros/utils
[2.462s] copying /home/vf/Documents/ws_yolov5/build/yolov5_ros/build/lib/yolov5_ros/utils/augmentations.py -> /home/vf/Documents/ws_yolov5/install/yolov5_ros/lib/python3.8/site-packages/yolov5_ros/utils
[2.463s] copying /home/vf/Documents/ws_yolov5/build/yolov5_ros/build/lib/yolov5_ros/utils/datasets.py -> /home/vf/Documents/ws_yolov5/install/yolov5_ros/lib/python3.8/site-packages/yolov5_ros/utils
[2.463s] copying /home/vf/Documents/ws_yolov5/build/yolov5_ros/build/lib/yolov5_ros/utils/callbacks.py -> /home/vf/Documents/ws_yolov5/install/yolov5_ros/lib/python3.8/site-packages/yolov5_ros/utils
[2.463s] copying /home/vf/Documents/ws_yolov5/build/yolov5_ros/build/lib/yolov5_ros/utils/loss.py -> /home/vf/Documents/ws_yolov5/install/yolov5_ros/lib/python3.8/site-packages/yolov5_ros/utils
[2.463s] copying /home/vf/Documents/ws_yolov5/build/yolov5_ros/build/lib/yolov5_ros/utils/torch_utils.py -> /home/vf/Documents/ws_yolov5/install/yolov5_ros/lib/python3.8/site-packages/yolov5_ros/utils
[2.463s] copying /home/vf/Documents/ws_yolov5/build/yolov5_ros/build/lib/yolov5_ros/utils/general.py -> /home/vf/Documents/ws_yolov5/install/yolov5_ros/lib/python3.8/site-packages/yolov5_ros/utils
[2.463s] creating /home/vf/Documents/ws_yolov5/install/yolov5_ros/lib/python3.8/site-packages/yolov5_ros/utils/loggers
[2.463s] creating /home/vf/Documents/ws_yolov5/install/yolov5_ros/lib/python3.8/site-packages/yolov5_ros/utils/loggers/wandb
[2.463s] copying /home/vf/Documents/ws_yolov5/build/yolov5_ros/build/lib/yolov5_ros/utils/loggers/wandb/wandb_utils.py -> /home/vf/Documents/ws_yolov5/install/yolov5_ros/lib/python3.8/site-packages/yolov5_ros/utils/loggers/wandb
[2.463s] copying /home/vf/Documents/ws_yolov5/build/yolov5_ros/build/lib/yolov5_ros/utils/loggers/wandb/sweep.py -> /home/vf/Documents/ws_yolov5/install/yolov5_ros/lib/python3.8/site-packages/yolov5_ros/utils/loggers/wandb
[2.463s] copying /home/vf/Documents/ws_yolov5/build/yolov5_ros/build/lib/yolov5_ros/utils/loggers/wandb/log_dataset.py -> /home/vf/Documents/ws_yolov5/install/yolov5_ros/lib/python3.8/site-packages/yolov5_ros/utils/loggers/wandb
[2.463s] copying /home/vf/Documents/ws_yolov5/build/yolov5_ros/build/lib/yolov5_ros/utils/loggers/wandb/__init__.py -> /home/vf/Documents/ws_yolov5/install/yolov5_ros/lib/python3.8/site-packages/yolov5_ros/utils/loggers/wandb
[2.463s] copying /home/vf/Documents/ws_yolov5/build/yolov5_ros/build/lib/yolov5_ros/utils/loggers/__init__.py -> /home/vf/Documents/ws_yolov5/install/yolov5_ros/lib/python3.8/site-packages/yolov5_ros/utils/loggers
[2.464s] copying /home/vf/Documents/ws_yolov5/build/yolov5_ros/build/lib/yolov5_ros/utils/downloads.py -> /home/vf/Documents/ws_yolov5/install/yolov5_ros/lib/python3.8/site-packages/yolov5_ros/utils
[2.464s] copying /home/vf/Documents/ws_yolov5/build/yolov5_ros/build/lib/yolov5_ros/utils/activations.py -> /home/vf/Documents/ws_yolov5/install/yolov5_ros/lib/python3.8/site-packages/yolov5_ros/utils
[2.464s] copying /home/vf/Documents/ws_yolov5/build/yolov5_ros/build/lib/yolov5_ros/utils/__init__.py -> /home/vf/Documents/ws_yolov5/install/yolov5_ros/lib/python3.8/site-packages/yolov5_ros/utils
[2.464s] byte-compiling /home/vf/Documents/ws_yolov5/install/yolov5_ros/lib/python3.8/site-packages/yolov5_ros/main.py to main.cpython-38.pyc
[2.466s] byte-compiling /home/vf/Documents/ws_yolov5/install/yolov5_ros/lib/python3.8/site-packages/yolov5_ros/export.py to export.cpython-38.pyc
[2.470s] byte-compiling /home/vf/Documents/ws_yolov5/install/yolov5_ros/lib/python3.8/site-packages/yolov5_ros/models/experimental.py to experimental.cpython-38.pyc
[2.471s] byte-compiling /home/vf/Documents/ws_yolov5/install/yolov5_ros/lib/python3.8/site-packages/yolov5_ros/models/tf.py to tf.cpython-38.pyc
[2.474s] byte-compiling /home/vf/Documents/ws_yolov5/install/yolov5_ros/lib/python3.8/site-packages/yolov5_ros/models/yolo.py to yolo.cpython-38.pyc
[2.477s] byte-compiling /home/vf/Documents/ws_yolov5/install/yolov5_ros/lib/python3.8/site-packages/yolov5_ros/models/__init__.py to __init__.cpython-38.pyc
[2.477s] byte-compiling /home/vf/Documents/ws_yolov5/install/yolov5_ros/lib/python3.8/site-packages/yolov5_ros/models/common.py to common.cpython-38.pyc
[2.482s] byte-compiling /home/vf/Documents/ws_yolov5/install/yolov5_ros/lib/python3.8/site-packages/yolov5_ros/yolov5_node.py to yolov5_node.cpython-38.pyc
[2.483s] Sorry: TabError: inconsistent use of tabs and spaces in indentation (yolov5_node.py, line 75)
[2.483s] byte-compiling /home/vf/Documents/ws_yolov5/install/yolov5_ros/lib/python3.8/site-packages/yolov5_ros/__init__.py to __init__.cpython-38.pyc
[2.483s] byte-compiling /home/vf/Documents/ws_yolov5/install/yolov5_ros/lib/python3.8/site-packages/yolov5_ros/utils/aws/resume.py to resume.cpython-38.pyc
[2.483s] byte-compiling /home/vf/Documents/ws_yolov5/install/yolov5_ros/lib/python3.8/site-packages/yolov5_ros/utils/aws/__init__.py to __init__.cpython-38.pyc
[2.483s] byte-compiling /home/vf/Documents/ws_yolov5/install/yolov5_ros/lib/python3.8/site-packages/yolov5_ros/utils/autobatch.py to autobatch.cpython-38.pyc
[2.483s] byte-compiling /home/vf/Documents/ws_yolov5/install/yolov5_ros/lib/python3.8/site-packages/yolov5_ros/utils/metrics.py to metrics.cpython-38.pyc
[2.485s] byte-compiling /home/vf/Documents/ws_yolov5/install/yolov5_ros/lib/python3.8/site-packages/yolov5_ros/utils/autoanchor.py to autoanchor.cpython-38.pyc
[2.487s] byte-compiling /home/vf/Documents/ws_yolov5/install/yolov5_ros/lib/python3.8/site-packages/yolov5_ros/utils/benchmarks.py to benchmarks.cpython-38.pyc
[2.487s] byte-compiling /home/vf/Documents/ws_yolov5/install/yolov5_ros/lib/python3.8/site-packages/yolov5_ros/utils/plots.py to plots.cpython-38.pyc
[2.491s] byte-compiling /home/vf/Documents/ws_yolov5/install/yolov5_ros/lib/python3.8/site-packages/yolov5_ros/utils/augmentations.py to augmentations.cpython-38.pyc
[2.493s] byte-compiling /home/vf/Documents/ws_yolov5/install/yolov5_ros/lib/python3.8/site-packages/yolov5_ros/utils/datasets.py to datasets.cpython-38.pyc
[2.499s] byte-compiling /home/vf/Documents/ws_yolov5/install/yolov5_ros/lib/python3.8/site-packages/yolov5_ros/utils/callbacks.py to callbacks.cpython-38.pyc
[2.500s] byte-compiling /home/vf/Documents/ws_yolov5/install/yolov5_ros/lib/python3.8/site-packages/yolov5_ros/utils/loss.py to loss.cpython-38.pyc
[2.502s] byte-compiling /home/vf/Documents/ws_yolov5/install/yolov5_ros/lib/python3.8/site-packages/yolov5_ros/utils/torch_utils.py to torch_utils.cpython-38.pyc
[2.504s] byte-compiling /home/vf/Documents/ws_yolov5/install/yolov5_ros/lib/python3.8/site-packages/yolov5_ros/utils/general.py to general.cpython-38.pyc
[2.511s] byte-compiling /home/vf/Documents/ws_yolov5/install/yolov5_ros/lib/python3.8/site-packages/yolov5_ros/utils/loggers/wandb/wandb_utils.py to wandb_utils.cpython-38.pyc
[2.514s] byte-compiling /home/vf/Documents/ws_yolov5/install/yolov5_ros/lib/python3.8/site-packages/yolov5_ros/utils/loggers/wandb/sweep.py to sweep.cpython-38.pyc
[2.514s] byte-compiling /home/vf/Documents/ws_yolov5/install/yolov5_ros/lib/python3.8/site-packages/yolov5_ros/utils/loggers/wandb/log_dataset.py to log_dataset.cpython-38.pyc
[2.515s] byte-compiling /home/vf/Documents/ws_yolov5/install/yolov5_ros/lib/python3.8/site-packages/yolov5_ros/utils/loggers/wandb/__init__.py to __init__.cpython-38.pyc
[2.515s] byte-compiling /home/vf/Documents/ws_yolov5/install/yolov5_ros/lib/python3.8/site-packages/yolov5_ros/utils/loggers/__init__.py to __init__.cpython-38.pyc
[2.516s] byte-compiling /home/vf/Documents/ws_yolov5/install/yolov5_ros/lib/python3.8/site-packages/yolov5_ros/utils/downloads.py to downloads.cpython-38.pyc
[2.517s] byte-compiling /home/vf/Documents/ws_yolov5/install/yolov5_ros/lib/python3.8/site-packages/yolov5_ros/utils/activations.py to activations.cpython-38.pyc
[2.517s] byte-compiling /home/vf/Documents/ws_yolov5/install/yolov5_ros/lib/python3.8/site-packages/yolov5_ros/utils/__init__.py to __init__.cpython-38.pyc
[2.517s] running install_data
[2.518s] copying resource/yolov5_ros -> /home/vf/Documents/ws_yolov5/install/yolov5_ros/share/ament_index/resource_index/packages
[2.518s] copying package.xml -> /home/vf/Documents/ws_yolov5/install/yolov5_ros/share/yolov5_ros
[2.519s] copying launch/yolov5s_simple.launch.py -> /home/vf/Documents/ws_yolov5/install/yolov5_ros/share/yolov5_ros
[2.519s] running install_egg_info
[2.539s] Copying ../../../build/yolov5_ros/yolov5_ros.egg-info to /home/vf/Documents/ws_yolov5/install/yolov5_ros/lib/python3.8/site-packages/yolov5_ros-0.2.0-py3.8.egg-info
[2.539s] running install_scripts
[2.587s] Installing yolov5_node script to /home/vf/Documents/ws_yolov5/install/yolov5_ros/lib/yolov5_ros
[2.587s] Installing yolov5_ros script to /home/vf/Documents/ws_yolov5/install/yolov5_ros/lib/yolov5_ros
[2.588s] writing list of installed files to '/home/vf/Documents/ws_yolov5/build/yolov5_ros/install.log'
[2.608s] Invoked command in '/home/vf/Documents/ws_yolov5/src/YOLOv5-ROS/yolov5_ros' returned '0': AMENT_PREFIX_PATH=/home/vf/Documents/ws_yolov5/install/bboxes_ex_msgs:${AMENT_PREFIX_PATH} CMAKE_PREFIX_PATH=/home/vf/Documents/ws_yolov5/install/bboxes_ex_msgs LD_LIBRARY_PATH=/home/vf/Documents/ws_yolov5/install/bboxes_ex_msgs/lib:/usr/lib/x86_64-linux-gnu/gazebo-11/plugins:/opt/ros/foxy/opt/yaml_cpp_vendor/lib:/opt/ros/foxy/opt/rviz_ogre_vendor/lib:/opt/ros/foxy/lib/x86_64-linux-gnu:/opt/ros/foxy/lib:/usr/share/gazebo/../../lib/x86_64-linux-gnu/gazebo-11/plugins PYTHONPATH=/home/vf/Documents/ws_yolov5/build/yolov5_ros/prefix_override:/usr/lib/python3/dist-packages/colcon_core/task/python/colcon_distutils_commands:/home/vf/Documents/ws_yolov5/install/yolov5_ros/lib/python3.8/site-packages:/home/vf/Documents/ws_yolov5/install/bboxes_ex_msgs/lib/python3.8/site-packages:${PYTHONPATH} /usr/bin/python3 -W ignore:setup.py install is deprecated -W ignore:easy_install command is deprecated setup.py egg_info --egg-base ../../../build/yolov5_ros build --build-base /home/vf/Documents/ws_yolov5/build/yolov5_ros/build install --record /home/vf/Documents/ws_yolov5/build/yolov5_ros/install.log --single-version-externally-managed install_data --force
