[0.029s] Invoking command in '/home/vf/Documents/ws_yolov5/build/bboxes_ex_msgs': CMAKE_PREFIX_PATH=/opt/ros/foxy /usr/bin/cmake --build /home/vf/Documents/ws_yolov5/build/bboxes_ex_msgs -- -j12 -l12
[0.307s] [  2%] Built target bboxes_ex_msgs__cpp
[0.336s] [ 12%] Built target bboxes_ex_msgs__rosidl_generator_c
[0.364s] [ 23%] Built target bboxes_ex_msgs__rosidl_typesupport_cpp
[0.367s] [ 33%] Built target bboxes_ex_msgs__rosidl_typesupport_fastrtps_cpp
[0.372s] [ 43%] Built target bboxes_ex_msgs__rosidl_typesupport_introspection_cpp
[0.388s] [ 53%] Built target bboxes_ex_msgs__rosidl_typesupport_introspection_c
[0.390s] [ 64%] Built target bboxes_ex_msgs__rosidl_typesupport_c
[0.435s] [ 74%] Built target bboxes_ex_msgs__rosidl_typesupport_fastrtps_c
[0.471s] [ 74%] Built target bboxes_ex_msgs
[0.503s] [ 76%] Built target bboxes_ex_msgs__py
[0.568s] [ 84%] Built target bboxes_ex_msgs__python
[0.619s] [100%] Built target bboxes_ex_msgs__rosidl_typesupport_fastrtps_c__pyext
[0.619s] [100%] Built target bboxes_ex_msgs__rosidl_typesupport_introspection_c__pyext
[0.619s] [100%] Built target bboxes_ex_msgs__rosidl_typesupport_c__pyext
[0.627s] Invoked command in '/home/vf/Documents/ws_yolov5/build/bboxes_ex_msgs' returned '0': CMAKE_PREFIX_PATH=/opt/ros/foxy /usr/bin/cmake --build /home/vf/Documents/ws_yolov5/build/bboxes_ex_msgs -- -j12 -l12
[0.647s] Invoking command in '/home/vf/Documents/ws_yolov5/build/bboxes_ex_msgs': CMAKE_PREFIX_PATH=/opt/ros/foxy /usr/bin/cmake --install /home/vf/Documents/ws_yolov5/build/bboxes_ex_msgs
[0.664s] -- Install configuration: ""
[0.684s] -- Execute custom install script
[0.690s] -- Up-to-date symlink: /home/vf/Documents/ws_yolov5/install/bboxes_ex_msgs/share/ament_index/resource_index/rosidl_interfaces/bboxes_ex_msgs
[0.693s] -- Up-to-date symlink: /home/vf/Documents/ws_yolov5/install/bboxes_ex_msgs/include/bboxes_ex_msgs/msg/bounding_box.h
[0.697s] -- Up-to-date symlink: /home/vf/Documents/ws_yolov5/install/bboxes_ex_msgs/include/bboxes_ex_msgs/msg/bounding_boxes.h
[0.701s] -- Up-to-date symlink: /home/vf/Documents/ws_yolov5/install/bboxes_ex_msgs/include/bboxes_ex_msgs/msg/detail/bounding_box__functions.h
[0.705s] -- Up-to-date symlink: /home/vf/Documents/ws_yolov5/install/bboxes_ex_msgs/include/bboxes_ex_msgs/msg/detail/bounding_box__struct.h
[0.709s] -- Up-to-date symlink: /home/vf/Documents/ws_yolov5/install/bboxes_ex_msgs/include/bboxes_ex_msgs/msg/detail/bounding_box__type_support.h
[0.709s] -- Up-to-date symlink: /home/vf/Documents/ws_yolov5/install/bboxes_ex_msgs/include/bboxes_ex_msgs/msg/detail/bounding_boxes__functions.h
[0.712s] -- Up-to-date symlink: /home/vf/Documents/ws_yolov5/install/bboxes_ex_msgs/include/bboxes_ex_msgs/msg/detail/bounding_boxes__struct.h
[0.716s] -- Up-to-date symlink: /home/vf/Documents/ws_yolov5/install/bboxes_ex_msgs/include/bboxes_ex_msgs/msg/detail/bounding_boxes__type_support.h
[0.719s] -- Up-to-date symlink: /home/vf/Documents/ws_yolov5/install/bboxes_ex_msgs/include/bboxes_ex_msgs/msg/rosidl_generator_c__visibility_control.h
[0.743s] -- Up-to-date symlink: /home/vf/Documents/ws_yolov5/install/bboxes_ex_msgs/share/bboxes_ex_msgs/environment/library_path.sh
[0.747s] -- Up-to-date symlink: /home/vf/Documents/ws_yolov5/install/bboxes_ex_msgs/share/bboxes_ex_msgs/environment/library_path.dsv
[0.750s] -- Up-to-date symlink: /home/vf/Documents/ws_yolov5/install/bboxes_ex_msgs/include/bboxes_ex_msgs/msg/detail/bounding_box__rosidl_typesupport_fastrtps_c.h
[0.750s] -- Up-to-date symlink: /home/vf/Documents/ws_yolov5/install/bboxes_ex_msgs/include/bboxes_ex_msgs/msg/detail/bounding_boxes__rosidl_typesupport_fastrtps_c.h
[0.754s] -- Up-to-date symlink: /home/vf/Documents/ws_yolov5/install/bboxes_ex_msgs/include/bboxes_ex_msgs/msg/rosidl_typesupport_fastrtps_c__visibility_control.h
[0.758s] -- Up-to-date symlink: /home/vf/Documents/ws_yolov5/install/bboxes_ex_msgs/lib/libbboxes_ex_msgs__rosidl_typesupport_fastrtps_c.so
[0.758s] -- Up-to-date symlink: /home/vf/Documents/ws_yolov5/install/bboxes_ex_msgs/include/bboxes_ex_msgs/msg/detail/bounding_box__rosidl_typesupport_fastrtps_cpp.hpp
[0.761s] -- Up-to-date symlink: /home/vf/Documents/ws_yolov5/install/bboxes_ex_msgs/include/bboxes_ex_msgs/msg/detail/bounding_boxes__rosidl_typesupport_fastrtps_cpp.hpp
[0.765s] -- Up-to-date symlink: /home/vf/Documents/ws_yolov5/install/bboxes_ex_msgs/include/bboxes_ex_msgs/msg/rosidl_typesupport_fastrtps_cpp__visibility_control.h
[0.773s] -- Up-to-date symlink: /home/vf/Documents/ws_yolov5/install/bboxes_ex_msgs/lib/libbboxes_ex_msgs__rosidl_typesupport_fastrtps_cpp.so
[0.777s] -- Up-to-date symlink: /home/vf/Documents/ws_yolov5/install/bboxes_ex_msgs/include/bboxes_ex_msgs/msg/detail/bounding_box__rosidl_typesupport_introspection_c.h
[0.781s] -- Up-to-date symlink: /home/vf/Documents/ws_yolov5/install/bboxes_ex_msgs/include/bboxes_ex_msgs/msg/detail/bounding_boxes__rosidl_typesupport_introspection_c.h
[0.785s] -- Up-to-date symlink: /home/vf/Documents/ws_yolov5/install/bboxes_ex_msgs/include/bboxes_ex_msgs/msg/rosidl_typesupport_introspection_c__visibility_control.h
[0.790s] -- Up-to-date symlink: /home/vf/Documents/ws_yolov5/install/bboxes_ex_msgs/include/bboxes_ex_msgs/msg/bounding_box.hpp
[0.790s] -- Up-to-date symlink: /home/vf/Documents/ws_yolov5/install/bboxes_ex_msgs/include/bboxes_ex_msgs/msg/bounding_boxes.hpp
[0.790s] -- Up-to-date symlink: /home/vf/Documents/ws_yolov5/install/bboxes_ex_msgs/include/bboxes_ex_msgs/msg/detail/bounding_box__builder.hpp
[0.797s] -- Up-to-date symlink: /home/vf/Documents/ws_yolov5/install/bboxes_ex_msgs/include/bboxes_ex_msgs/msg/detail/bounding_box__struct.hpp
[0.800s] -- Up-to-date symlink: /home/vf/Documents/ws_yolov5/install/bboxes_ex_msgs/include/bboxes_ex_msgs/msg/detail/bounding_box__traits.hpp
[0.804s] -- Up-to-date symlink: /home/vf/Documents/ws_yolov5/install/bboxes_ex_msgs/include/bboxes_ex_msgs/msg/detail/bounding_box__type_support.hpp
[0.808s] -- Up-to-date symlink: /home/vf/Documents/ws_yolov5/install/bboxes_ex_msgs/include/bboxes_ex_msgs/msg/detail/bounding_boxes__builder.hpp
[0.812s] -- Up-to-date symlink: /home/vf/Documents/ws_yolov5/install/bboxes_ex_msgs/include/bboxes_ex_msgs/msg/detail/bounding_boxes__struct.hpp
[0.812s] -- Up-to-date symlink: /home/vf/Documents/ws_yolov5/install/bboxes_ex_msgs/include/bboxes_ex_msgs/msg/detail/bounding_boxes__traits.hpp
[0.815s] -- Up-to-date symlink: /home/vf/Documents/ws_yolov5/install/bboxes_ex_msgs/include/bboxes_ex_msgs/msg/detail/bounding_boxes__type_support.hpp
[0.821s] -- Up-to-date symlink: /home/vf/Documents/ws_yolov5/install/bboxes_ex_msgs/include/bboxes_ex_msgs/msg/rosidl_generator_cpp__visibility_control.hpp
[0.826s] -- Up-to-date symlink: /home/vf/Documents/ws_yolov5/install/bboxes_ex_msgs/include/bboxes_ex_msgs/msg/detail/bounding_box__rosidl_typesupport_introspection_cpp.hpp
[0.829s] -- Up-to-date symlink: /home/vf/Documents/ws_yolov5/install/bboxes_ex_msgs/include/bboxes_ex_msgs/msg/detail/bounding_boxes__rosidl_typesupport_introspection_cpp.hpp
[0.829s] -- Up-to-date symlink: /home/vf/Documents/ws_yolov5/install/bboxes_ex_msgs/share/bboxes_ex_msgs/environment/pythonpath.sh
[0.833s] -- Up-to-date symlink: /home/vf/Documents/ws_yolov5/install/bboxes_ex_msgs/share/bboxes_ex_msgs/environment/pythonpath.dsv
[0.833s] -- Up-to-date symlink: /home/vf/Documents/ws_yolov5/install/bboxes_ex_msgs/lib/python3.8/site-packages/bboxes_ex_msgs/__init__.py
[0.834s] -- Up-to-date symlink: /home/vf/Documents/ws_yolov5/install/bboxes_ex_msgs/lib/python3.8/site-packages/bboxes_ex_msgs/msg/__init__.py
[0.834s] -- Up-to-date symlink: /home/vf/Documents/ws_yolov5/install/bboxes_ex_msgs/lib/python3.8/site-packages/bboxes_ex_msgs/msg/_bounding_box.py
[0.834s] -- Up-to-date symlink: /home/vf/Documents/ws_yolov5/install/bboxes_ex_msgs/lib/python3.8/site-packages/bboxes_ex_msgs/msg/_bounding_boxes.py
[0.841s] -- Up-to-date symlink: /home/vf/Documents/ws_yolov5/install/bboxes_ex_msgs/lib/python3.8/site-packages/bboxes_ex_msgs/bboxes_ex_msgs_s__rosidl_typesupport_fastrtps_c.cpython-38-x86_64-linux-gnu.so
[0.850s] -- Up-to-date symlink: /home/vf/Documents/ws_yolov5/install/bboxes_ex_msgs/lib/python3.8/site-packages/bboxes_ex_msgs/bboxes_ex_msgs_s__rosidl_typesupport_introspection_c.cpython-38-x86_64-linux-gnu.so
[0.854s] -- Up-to-date symlink: /home/vf/Documents/ws_yolov5/install/bboxes_ex_msgs/lib/python3.8/site-packages/bboxes_ex_msgs/bboxes_ex_msgs_s__rosidl_typesupport_c.cpython-38-x86_64-linux-gnu.so
[0.859s] -- Up-to-date symlink: /home/vf/Documents/ws_yolov5/install/bboxes_ex_msgs/lib/libbboxes_ex_msgs__python.so
[0.865s] -- Up-to-date symlink: /home/vf/Documents/ws_yolov5/install/bboxes_ex_msgs/share/bboxes_ex_msgs/msg/BoundingBox.idl
[0.865s] -- Up-to-date symlink: /home/vf/Documents/ws_yolov5/install/bboxes_ex_msgs/share/bboxes_ex_msgs/msg/BoundingBoxes.idl
[0.865s] -- Up-to-date symlink: /home/vf/Documents/ws_yolov5/install/bboxes_ex_msgs/share/bboxes_ex_msgs/msg/BoundingBox.msg
[0.869s] -- Up-to-date symlink: /home/vf/Documents/ws_yolov5/install/bboxes_ex_msgs/share/bboxes_ex_msgs/msg/BoundingBoxes.msg
[0.876s] -- Up-to-date symlink: /home/vf/Documents/ws_yolov5/install/bboxes_ex_msgs/share/ament_index/resource_index/package_run_dependencies/bboxes_ex_msgs
[0.876s] -- Up-to-date symlink: /home/vf/Documents/ws_yolov5/install/bboxes_ex_msgs/share/ament_index/resource_index/parent_prefix_path/bboxes_ex_msgs
[0.880s] -- Up-to-date symlink: /home/vf/Documents/ws_yolov5/install/bboxes_ex_msgs/share/bboxes_ex_msgs/environment/ament_prefix_path.sh
[0.883s] -- Up-to-date symlink: /home/vf/Documents/ws_yolov5/install/bboxes_ex_msgs/share/bboxes_ex_msgs/environment/ament_prefix_path.dsv
[0.887s] -- Up-to-date symlink: /home/vf/Documents/ws_yolov5/install/bboxes_ex_msgs/share/bboxes_ex_msgs/environment/path.sh
[0.891s] -- Up-to-date symlink: /home/vf/Documents/ws_yolov5/install/bboxes_ex_msgs/share/bboxes_ex_msgs/environment/path.dsv
[0.896s] -- Up-to-date symlink: /home/vf/Documents/ws_yolov5/install/bboxes_ex_msgs/share/bboxes_ex_msgs/local_setup.bash
[0.903s] -- Up-to-date symlink: /home/vf/Documents/ws_yolov5/install/bboxes_ex_msgs/share/bboxes_ex_msgs/local_setup.sh
[0.913s] -- Up-to-date symlink: /home/vf/Documents/ws_yolov5/install/bboxes_ex_msgs/share/bboxes_ex_msgs/local_setup.zsh
[0.919s] -- Up-to-date symlink: /home/vf/Documents/ws_yolov5/install/bboxes_ex_msgs/share/bboxes_ex_msgs/local_setup.dsv
[0.920s] -- Symlinking: /home/vf/Documents/ws_yolov5/install/bboxes_ex_msgs/share/bboxes_ex_msgs/package.dsv
[0.933s] -- Up-to-date symlink: /home/vf/Documents/ws_yolov5/install/bboxes_ex_msgs/share/ament_index/resource_index/packages/bboxes_ex_msgs
[0.940s] -- Up-to-date symlink: /home/vf/Documents/ws_yolov5/install/bboxes_ex_msgs/share/bboxes_ex_msgs/cmake/rosidl_cmake-extras.cmake
[0.950s] -- Up-to-date symlink: /home/vf/Documents/ws_yolov5/install/bboxes_ex_msgs/share/bboxes_ex_msgs/cmake/ament_cmake_export_dependencies-extras.cmake
[0.962s] -- Up-to-date symlink: /home/vf/Documents/ws_yolov5/install/bboxes_ex_msgs/share/bboxes_ex_msgs/cmake/ament_cmake_export_libraries-extras.cmake
[0.966s] -- Up-to-date symlink: /home/vf/Documents/ws_yolov5/install/bboxes_ex_msgs/share/bboxes_ex_msgs/cmake/ament_cmake_export_targets-extras.cmake
[0.969s] -- Up-to-date symlink: /home/vf/Documents/ws_yolov5/install/bboxes_ex_msgs/share/bboxes_ex_msgs/cmake/ament_cmake_export_include_directories-extras.cmake
[0.973s] -- Up-to-date symlink: /home/vf/Documents/ws_yolov5/install/bboxes_ex_msgs/share/bboxes_ex_msgs/cmake/rosidl_cmake_export_typesupport_libraries-extras.cmake
[0.976s] -- Up-to-date symlink: /home/vf/Documents/ws_yolov5/install/bboxes_ex_msgs/share/bboxes_ex_msgs/cmake/rosidl_cmake_export_typesupport_targets-extras.cmake
[0.980s] -- Up-to-date symlink: /home/vf/Documents/ws_yolov5/install/bboxes_ex_msgs/share/bboxes_ex_msgs/cmake/bboxes_ex_msgsConfig.cmake
[0.983s] -- Up-to-date symlink: /home/vf/Documents/ws_yolov5/install/bboxes_ex_msgs/share/bboxes_ex_msgs/cmake/bboxes_ex_msgsConfig-version.cmake
[0.984s] -- Up-to-date symlink: /home/vf/Documents/ws_yolov5/install/bboxes_ex_msgs/share/bboxes_ex_msgs/package.xml
[0.984s] -- Up-to-date: /home/vf/Documents/ws_yolov5/install/bboxes_ex_msgs/lib/libbboxes_ex_msgs__rosidl_generator_c.so
[0.994s] -- Up-to-date: /home/vf/Documents/ws_yolov5/install/bboxes_ex_msgs/lib/libbboxes_ex_msgs__rosidl_typesupport_introspection_c.so
[0.998s] -- Up-to-date: /home/vf/Documents/ws_yolov5/install/bboxes_ex_msgs/lib/libbboxes_ex_msgs__rosidl_typesupport_c.so
[1.013s] -- Up-to-date: /home/vf/Documents/ws_yolov5/install/bboxes_ex_msgs/lib/libbboxes_ex_msgs__rosidl_typesupport_introspection_cpp.so
[1.023s] -- Up-to-date: /home/vf/Documents/ws_yolov5/install/bboxes_ex_msgs/lib/libbboxes_ex_msgs__rosidl_typesupport_cpp.so
[1.076s] -- Up-to-date: /home/vf/Documents/ws_yolov5/install/bboxes_ex_msgs/share/bboxes_ex_msgs/cmake/bboxes_ex_msgs__rosidl_generator_cExport.cmake
[1.076s] -- Up-to-date: /home/vf/Documents/ws_yolov5/install/bboxes_ex_msgs/share/bboxes_ex_msgs/cmake/bboxes_ex_msgs__rosidl_generator_cExport-noconfig.cmake
[1.081s] -- Up-to-date: /home/vf/Documents/ws_yolov5/install/bboxes_ex_msgs/share/bboxes_ex_msgs/cmake/bboxes_ex_msgs__rosidl_typesupport_introspection_cExport.cmake
[1.081s] -- Up-to-date: /home/vf/Documents/ws_yolov5/install/bboxes_ex_msgs/share/bboxes_ex_msgs/cmake/bboxes_ex_msgs__rosidl_typesupport_introspection_cExport-noconfig.cmake
[1.085s] -- Up-to-date: /home/vf/Documents/ws_yolov5/install/bboxes_ex_msgs/share/bboxes_ex_msgs/cmake/bboxes_ex_msgs__rosidl_typesupport_cExport.cmake
[1.085s] -- Up-to-date: /home/vf/Documents/ws_yolov5/install/bboxes_ex_msgs/share/bboxes_ex_msgs/cmake/bboxes_ex_msgs__rosidl_typesupport_cExport-noconfig.cmake
[1.090s] -- Up-to-date: /home/vf/Documents/ws_yolov5/install/bboxes_ex_msgs/share/bboxes_ex_msgs/cmake/bboxes_ex_msgs__rosidl_generator_cppExport.cmake
[1.094s] -- Up-to-date: /home/vf/Documents/ws_yolov5/install/bboxes_ex_msgs/share/bboxes_ex_msgs/cmake/bboxes_ex_msgs__rosidl_typesupport_introspection_cppExport.cmake
[1.095s] -- Up-to-date: /home/vf/Documents/ws_yolov5/install/bboxes_ex_msgs/share/bboxes_ex_msgs/cmake/bboxes_ex_msgs__rosidl_typesupport_introspection_cppExport-noconfig.cmake
[1.098s] -- Up-to-date: /home/vf/Documents/ws_yolov5/install/bboxes_ex_msgs/share/bboxes_ex_msgs/cmake/bboxes_ex_msgs__rosidl_typesupport_cppExport.cmake
[1.098s] -- Up-to-date: /home/vf/Documents/ws_yolov5/install/bboxes_ex_msgs/share/bboxes_ex_msgs/cmake/bboxes_ex_msgs__rosidl_typesupport_cppExport-noconfig.cmake
[1.109s] Invoked command in '/home/vf/Documents/ws_yolov5/build/bboxes_ex_msgs' returned '0': CMAKE_PREFIX_PATH=/opt/ros/foxy /usr/bin/cmake --install /home/vf/Documents/ws_yolov5/build/bboxes_ex_msgs
