[0.019s] Invoking command in '/home/vf/Documents/ws_yolov5/build/v4l2_camera': CMAKE_PREFIX_PATH=${CMAKE_PREFIX_PATH}:/home/vf/Documents/ws_yolov5/install/yolov5_ros:/opt/ros/foxy /usr/bin/cmake /home/vf/Documents/ws_yolov5/src/ros2_v4l2_camera -DAMENT_CMAKE_SYMLINK_INSTALL=1 -DCMAKE_INSTALL_PREFIX=/home/vf/Documents/ws_yolov5/install/v4l2_camera
[0.068s] -- The C compiler identification is GNU 9.4.0
[0.111s] -- The CXX compiler identification is GNU 9.4.0
[0.114s] -- Check for working C compiler: /usr/bin/cc
[0.168s] -- Check for working C compiler: /usr/bin/cc -- works
[0.168s] -- Detecting C compiler ABI info
[0.220s] -- Detecting C compiler ABI info - done
[0.228s] -- Detecting C compile features
[0.228s] -- Detecting C compile features - done
[0.230s] -- Check for working CXX compiler: /usr/bin/c++
[0.290s] -- Check for working CXX compiler: /usr/bin/c++ -- works
[0.291s] -- Detecting CXX compiler ABI info
[0.360s] -- Detecting CXX compiler ABI info - done
[0.374s] -- Detecting CXX compile features
[0.375s] -- Detecting CXX compile features - done
[0.377s] -- Found ament_cmake: 0.9.12 (/opt/ros/foxy/share/ament_cmake/cmake)
[0.395s] -- Found PythonInterp: /usr/bin/python3 (found suitable version "3.8.10", minimum required is "3") 
[0.395s] -- Using PYTHON_EXECUTABLE: /usr/bin/python3
[0.553s] -- Override CMake install command with custom implementation using symlinks instead of copying resources
[0.574s] -- Found ament_cmake_ros: 0.9.2 (/opt/ros/foxy/share/ament_cmake_ros/cmake)
[0.581s] -- Found rclcpp: 2.4.3 (/opt/ros/foxy/share/rclcpp/cmake)
[0.624s] -- Using all available rosidl_typesupport_c: rosidl_typesupport_fastrtps_c;rosidl_typesupport_introspection_c
[0.628s] -- Found rosidl_adapter: 1.3.1 (/opt/ros/foxy/share/rosidl_adapter/cmake)
[0.684s] -- Found OpenSSL: /usr/lib/x86_64-linux-gnu/libcrypto.so (found version "1.1.1f")  
[0.708s] -- Found FastRTPS: /opt/ros/foxy/include  
[0.766s] -- Using all available rosidl_typesupport_cpp: rosidl_typesupport_fastrtps_cpp;rosidl_typesupport_introspection_cpp
[0.806s] -- Found rmw_implementation_cmake: 1.0.4 (/opt/ros/foxy/share/rmw_implementation_cmake/cmake)
[0.808s] -- Using RMW implementation 'rmw_fastrtps_cpp' as default
[0.808s] -- Looking for pthread.h
[0.864s] -- Looking for pthread.h - found
[0.864s] -- Performing Test CMAKE_HAVE_LIBC_PTHREAD
[0.917s] -- Performing Test CMAKE_HAVE_LIBC_PTHREAD - Failed
[0.917s] -- Looking for pthread_create in pthreads
[0.962s] -- Looking for pthread_create in pthreads - not found
[0.962s] -- Looking for pthread_create in pthread
[1.016s] -- Looking for pthread_create in pthread - found
[1.016s] -- Found Threads: TRUE  
[1.122s] -- Found rclcpp_components: 2.4.3 (/opt/ros/foxy/share/rclcpp_components/cmake)
[1.163s] -- Found image_transport: 2.4.0 (/opt/ros/foxy/share/image_transport/cmake)
[1.273s] -- Found camera_info_manager: 2.4.0 (/opt/ros/foxy/share/camera_info_manager/cmake)
[1.287s] -- Setting yaml-cpp_DIR to: '/opt/ros/foxy/share/yaml_cpp_vendor/cmake/../../../opt/yaml_cpp_vendor/lib/cmake/yaml-cpp'
[1.353s] -- Found ament_lint_auto: 0.9.8 (/opt/ros/foxy/share/ament_lint_auto/cmake)
[1.410s] -- Added test 'cppcheck' to perform static code analysis on C / C++ code
[1.410s] -- Configured cppcheck include dirs: $<BUILD_INTERFACE:/home/vf/Documents/ws_yolov5/src/ros2_v4l2_camera/include>
[1.410s] -- Configured cppcheck exclude dirs and/or files: 
[1.412s] -- Added test 'cpplint' to check C / C++ code against the Google style
[1.412s] -- Configured cpplint exclude dirs and/or files: 
[1.413s] -- Added test 'lint_cmake' to check CMake code style
[1.414s] -- Added test 'uncrustify' to check C / C++ code style
[1.415s] -- Configured uncrustify additional arguments: 
[1.415s] -- Added test 'xmllint' to check XML markup files
[1.419s] -- Configuring done
[1.442s] -- Generating done
[1.451s] -- Build files have been written to: /home/vf/Documents/ws_yolov5/build/v4l2_camera
[1.460s] Invoked command in '/home/vf/Documents/ws_yolov5/build/v4l2_camera' returned '0': CMAKE_PREFIX_PATH=${CMAKE_PREFIX_PATH}:/home/vf/Documents/ws_yolov5/install/yolov5_ros:/opt/ros/foxy /usr/bin/cmake /home/vf/Documents/ws_yolov5/src/ros2_v4l2_camera -DAMENT_CMAKE_SYMLINK_INSTALL=1 -DCMAKE_INSTALL_PREFIX=/home/vf/Documents/ws_yolov5/install/v4l2_camera
[1.463s] Invoking command in '/home/vf/Documents/ws_yolov5/build/v4l2_camera': CMAKE_PREFIX_PATH=${CMAKE_PREFIX_PATH}:/home/vf/Documents/ws_yolov5/install/yolov5_ros:/opt/ros/foxy /usr/bin/cmake --build /home/vf/Documents/ws_yolov5/build/v4l2_camera -- -j12 -l12
[1.498s] [35m[1mScanning dependencies of target v4l2_camera[0m
[1.536s] [ 28%] [32mBuilding CXX object CMakeFiles/v4l2_camera.dir/src/v4l2_camera.cpp.o[0m
[1.536s] [ 28%] [32mBuilding CXX object CMakeFiles/v4l2_camera.dir/src/v4l2_camera_device.cpp.o[0m
[6.014s] [ 42%] [32m[1mLinking CXX shared library libv4l2_camera.so[0m
[6.240s] [ 42%] Built target v4l2_camera
[6.249s] [35m[1mScanning dependencies of target v4l2_camera_node[0m
[6.251s] [35m[1mScanning dependencies of target v4l2_camera_compose_test[0m
[6.278s] [ 57%] [32mBuilding CXX object CMakeFiles/v4l2_camera_node.dir/src/v4l2_camera_node.cpp.o[0m
[6.294s] [ 71%] [32mBuilding CXX object CMakeFiles/v4l2_camera_compose_test.dir/src/v4l2_camera_compose_test.cpp.o[0m
[7.953s] [ 85%] [32m[1mLinking CXX executable v4l2_camera_node[0m
[8.124s] [ 85%] Built target v4l2_camera_node
[10.431s] [100%] [32m[1mLinking CXX executable v4l2_camera_compose_test[0m
[10.635s] [100%] Built target v4l2_camera_compose_test
[10.644s] Invoked command in '/home/vf/Documents/ws_yolov5/build/v4l2_camera' returned '0': CMAKE_PREFIX_PATH=${CMAKE_PREFIX_PATH}:/home/vf/Documents/ws_yolov5/install/yolov5_ros:/opt/ros/foxy /usr/bin/cmake --build /home/vf/Documents/ws_yolov5/build/v4l2_camera -- -j12 -l12
[10.645s] Invoking command in '/home/vf/Documents/ws_yolov5/build/v4l2_camera': CMAKE_PREFIX_PATH=${CMAKE_PREFIX_PATH}:/home/vf/Documents/ws_yolov5/install/yolov5_ros:/opt/ros/foxy /usr/bin/cmake --install /home/vf/Documents/ws_yolov5/build/v4l2_camera
[10.652s] -- Install configuration: ""
[10.653s] -- Execute custom install script
[10.653s] -- Symlinking: /home/vf/Documents/ws_yolov5/install/v4l2_camera/include/v4l2_camera/control.hpp
[10.660s] -- Symlinking: /home/vf/Documents/ws_yolov5/install/v4l2_camera/include/v4l2_camera/fourcc.hpp
[10.666s] -- Symlinking: /home/vf/Documents/ws_yolov5/install/v4l2_camera/include/v4l2_camera/image_format.hpp
[10.672s] -- Symlinking: /home/vf/Documents/ws_yolov5/install/v4l2_camera/include/v4l2_camera/pixel_format.hpp
[10.678s] -- Symlinking: /home/vf/Documents/ws_yolov5/install/v4l2_camera/include/v4l2_camera/v4l2_camera.hpp
[10.685s] -- Symlinking: /home/vf/Documents/ws_yolov5/install/v4l2_camera/include/v4l2_camera/v4l2_camera_device.hpp
[10.692s] -- Symlinking: /home/vf/Documents/ws_yolov5/install/v4l2_camera/include/v4l2_camera/visibility_control.h
[10.699s] -- Symlinking: /home/vf/Documents/ws_yolov5/install/v4l2_camera/share/v4l2_camera/environment/library_path.sh
[10.705s] -- Symlinking: /home/vf/Documents/ws_yolov5/install/v4l2_camera/share/v4l2_camera/environment/library_path.dsv
[10.711s] -- Symlinking: /home/vf/Documents/ws_yolov5/install/v4l2_camera/share/ament_index/resource_index/package_run_dependencies/v4l2_camera
[10.718s] -- Symlinking: /home/vf/Documents/ws_yolov5/install/v4l2_camera/share/ament_index/resource_index/parent_prefix_path/v4l2_camera
[10.724s] -- Symlinking: /home/vf/Documents/ws_yolov5/install/v4l2_camera/share/v4l2_camera/environment/ament_prefix_path.sh
[10.730s] -- Symlinking: /home/vf/Documents/ws_yolov5/install/v4l2_camera/share/v4l2_camera/environment/ament_prefix_path.dsv
[10.737s] -- Symlinking: /home/vf/Documents/ws_yolov5/install/v4l2_camera/share/v4l2_camera/environment/path.sh
[10.744s] -- Symlinking: /home/vf/Documents/ws_yolov5/install/v4l2_camera/share/v4l2_camera/environment/path.dsv
[10.751s] -- Symlinking: /home/vf/Documents/ws_yolov5/install/v4l2_camera/share/v4l2_camera/local_setup.bash
[10.757s] -- Symlinking: /home/vf/Documents/ws_yolov5/install/v4l2_camera/share/v4l2_camera/local_setup.sh
[10.764s] -- Symlinking: /home/vf/Documents/ws_yolov5/install/v4l2_camera/share/v4l2_camera/local_setup.zsh
[10.771s] -- Symlinking: /home/vf/Documents/ws_yolov5/install/v4l2_camera/share/v4l2_camera/local_setup.dsv
[10.777s] -- Symlinking: /home/vf/Documents/ws_yolov5/install/v4l2_camera/share/v4l2_camera/package.dsv
[10.783s] -- Symlinking: /home/vf/Documents/ws_yolov5/install/v4l2_camera/share/ament_index/resource_index/packages/v4l2_camera
[10.789s] -- Symlinking: /home/vf/Documents/ws_yolov5/install/v4l2_camera/share/ament_index/resource_index/rclcpp_components/v4l2_camera
[10.795s] -- Symlinking: /home/vf/Documents/ws_yolov5/install/v4l2_camera/share/v4l2_camera/cmake/ament_cmake_export_include_directories-extras.cmake
[10.801s] -- Symlinking: /home/vf/Documents/ws_yolov5/install/v4l2_camera/share/v4l2_camera/cmake/ament_cmake_export_targets-extras.cmake
[10.807s] -- Symlinking: /home/vf/Documents/ws_yolov5/install/v4l2_camera/share/v4l2_camera/cmake/ament_cmake_export_libraries-extras.cmake
[10.813s] -- Symlinking: /home/vf/Documents/ws_yolov5/install/v4l2_camera/share/v4l2_camera/cmake/ament_cmake_export_dependencies-extras.cmake
[10.819s] -- Symlinking: /home/vf/Documents/ws_yolov5/install/v4l2_camera/share/v4l2_camera/cmake/v4l2_cameraConfig.cmake
[10.824s] -- Symlinking: /home/vf/Documents/ws_yolov5/install/v4l2_camera/share/v4l2_camera/cmake/v4l2_cameraConfig-version.cmake
[10.830s] -- Symlinking: /home/vf/Documents/ws_yolov5/install/v4l2_camera/share/v4l2_camera/package.xml
[10.837s] -- Installing: /home/vf/Documents/ws_yolov5/install/v4l2_camera/lib/libv4l2_camera.so
[10.839s] -- Set runtime path of "/home/vf/Documents/ws_yolov5/install/v4l2_camera/lib/libv4l2_camera.so" to ""
[10.839s] -- Installing: /home/vf/Documents/ws_yolov5/install/v4l2_camera/lib/v4l2_camera/v4l2_camera_node
[10.839s] -- Set runtime path of "/home/vf/Documents/ws_yolov5/install/v4l2_camera/lib/v4l2_camera/v4l2_camera_node" to ""
[10.839s] -- Installing: /home/vf/Documents/ws_yolov5/install/v4l2_camera/lib/v4l2_camera/v4l2_camera_compose_test
[10.840s] -- Set runtime path of "/home/vf/Documents/ws_yolov5/install/v4l2_camera/lib/v4l2_camera/v4l2_camera_compose_test" to ""
[10.840s] -- Installing: /home/vf/Documents/ws_yolov5/install/v4l2_camera/share/v4l2_camera/cmake/export_v4l2_cameraExport.cmake
[10.842s] -- Installing: /home/vf/Documents/ws_yolov5/install/v4l2_camera/share/v4l2_camera/cmake/export_v4l2_cameraExport-noconfig.cmake
[10.844s] Invoked command in '/home/vf/Documents/ws_yolov5/build/v4l2_camera' returned '0': CMAKE_PREFIX_PATH=${CMAKE_PREFIX_PATH}:/home/vf/Documents/ws_yolov5/install/yolov5_ros:/opt/ros/foxy /usr/bin/cmake --install /home/vf/Documents/ws_yolov5/build/v4l2_camera
