[0.284s] DEBUG:colcon:Command line arguments: ['/usr/bin/colcon', 'build']
[0.284s] DEBUG:colcon:Parsed command line arguments: Namespace(allow_overriding=[], ament_cmake_args=None, base_paths=['.'], build_base='build', catkin_cmake_args=None, catkin_skip_building_tests=False, cmake_args=None, cmake_clean_cache=False, cmake_clean_first=False, cmake_force_configure=False, cmake_target=None, cmake_target_skip_unavailable=False, continue_on_error=False, event_handlers=None, executor='parallel', ignore_user_meta=False, install_base='install', log_base=None, log_level=None, main=<bound method BuildVerb.main of <colcon_core.verb.build.BuildVerb object at 0x7febdce8f220>>, merge_install=False, metas=['./colcon.meta'], mixin=None, mixin_files=None, mixin_verb=('build',), packages_above=None, packages_above_and_dependencies=None, packages_above_depth=None, packages_end=None, packages_ignore=None, packages_ignore_regex=None, packages_select=None, packages_select_build_failed=False, packages_select_by_dep=None, packages_select_regex=None, packages_select_test_failures=False, packages_skip=None, packages_skip_build_finished=False, packages_skip_by_dep=None, packages_skip_regex=None, packages_skip_test_passed=False, packages_skip_up_to=None, packages_start=None, packages_up_to=None, packages_up_to_regex=None, parallel_workers=12, paths=None, symlink_install=False, test_result_base=None, verb_extension=<colcon_core.verb.build.BuildVerb object at 0x7febdce8f220>, verb_name='build', verb_parser=<colcon_mixin.mixin.mixin_argument.MixinArgumentDecorator object at 0x7febdccc6190>)
[0.318s] Level 1:colcon.colcon_core.package_discovery:discover_packages(colcon_meta) check parameters
[0.318s] Level 1:colcon.colcon_core.package_discovery:discover_packages(recursive) check parameters
[0.318s] Level 1:colcon.colcon_core.package_discovery:discover_packages(ignore) check parameters
[0.318s] Level 1:colcon.colcon_core.package_discovery:discover_packages(path) check parameters
[0.318s] Level 1:colcon.colcon_core.package_discovery:discover_packages(colcon_meta) discover
[0.318s] Level 1:colcon.colcon_core.package_discovery:discover_packages(recursive) discover
[0.318s] INFO:colcon.colcon_core.package_discovery:Crawling recursively for packages in '/home/vf/Documents/ws_yolov5'
[0.318s] Level 1:colcon.colcon_core.package_identification:_identify(.) by extensions ['ignore', 'ignore_ament_install']
[0.318s] Level 1:colcon.colcon_core.package_identification:_identify(.) by extension 'ignore'
[0.318s] Level 1:colcon.colcon_core.package_identification:_identify(.) by extension 'ignore_ament_install'
[0.318s] Level 1:colcon.colcon_core.package_identification:_identify(.) by extensions ['colcon_pkg']
[0.318s] Level 1:colcon.colcon_core.package_identification:_identify(.) by extension 'colcon_pkg'
[0.318s] Level 1:colcon.colcon_core.package_identification:_identify(.) by extensions ['colcon_meta']
[0.318s] Level 1:colcon.colcon_core.package_identification:_identify(.) by extension 'colcon_meta'
[0.318s] Level 1:colcon.colcon_core.package_identification:_identify(.) by extensions ['ros']
[0.318s] Level 1:colcon.colcon_core.package_identification:_identify(.) by extension 'ros'
[0.329s] Level 1:colcon.colcon_core.package_identification:_identify(.) by extensions ['cmake', 'python']
[0.330s] Level 1:colcon.colcon_core.package_identification:_identify(.) by extension 'cmake'
[0.330s] Level 1:colcon.colcon_core.package_identification:_identify(.) by extension 'python'
[0.330s] Level 1:colcon.colcon_core.package_identification:_identify(.) by extensions ['python_setup_py']
[0.330s] Level 1:colcon.colcon_core.package_identification:_identify(.) by extension 'python_setup_py'
[0.330s] Level 1:colcon.colcon_core.package_identification:_identify(build) by extensions ['ignore', 'ignore_ament_install']
[0.330s] Level 1:colcon.colcon_core.package_identification:_identify(build) by extension 'ignore'
[0.330s] Level 1:colcon.colcon_core.package_identification:_identify(build) ignored
[0.330s] Level 1:colcon.colcon_core.package_identification:_identify(install) by extensions ['ignore', 'ignore_ament_install']
[0.330s] Level 1:colcon.colcon_core.package_identification:_identify(install) by extension 'ignore'
[0.330s] Level 1:colcon.colcon_core.package_identification:_identify(install) ignored
[0.330s] Level 1:colcon.colcon_core.package_identification:_identify(log) by extensions ['ignore', 'ignore_ament_install']
[0.330s] Level 1:colcon.colcon_core.package_identification:_identify(log) by extension 'ignore'
[0.330s] Level 1:colcon.colcon_core.package_identification:_identify(log) ignored
[0.330s] Level 1:colcon.colcon_core.package_identification:_identify(src) by extensions ['ignore', 'ignore_ament_install']
[0.330s] Level 1:colcon.colcon_core.package_identification:_identify(src) by extension 'ignore'
[0.330s] Level 1:colcon.colcon_core.package_identification:_identify(src) by extension 'ignore_ament_install'
[0.330s] Level 1:colcon.colcon_core.package_identification:_identify(src) by extensions ['colcon_pkg']
[0.330s] Level 1:colcon.colcon_core.package_identification:_identify(src) by extension 'colcon_pkg'
[0.330s] Level 1:colcon.colcon_core.package_identification:_identify(src) by extensions ['colcon_meta']
[0.330s] Level 1:colcon.colcon_core.package_identification:_identify(src) by extension 'colcon_meta'
[0.330s] Level 1:colcon.colcon_core.package_identification:_identify(src) by extensions ['ros']
[0.330s] Level 1:colcon.colcon_core.package_identification:_identify(src) by extension 'ros'
[0.330s] Level 1:colcon.colcon_core.package_identification:_identify(src) by extensions ['cmake', 'python']
[0.330s] Level 1:colcon.colcon_core.package_identification:_identify(src) by extension 'cmake'
[0.331s] Level 1:colcon.colcon_core.package_identification:_identify(src) by extension 'python'
[0.331s] Level 1:colcon.colcon_core.package_identification:_identify(src) by extensions ['python_setup_py']
[0.331s] Level 1:colcon.colcon_core.package_identification:_identify(src) by extension 'python_setup_py'
[0.331s] Level 1:colcon.colcon_core.package_identification:_identify(src/YOLOv5-ROS) by extensions ['ignore', 'ignore_ament_install']
[0.331s] Level 1:colcon.colcon_core.package_identification:_identify(src/YOLOv5-ROS) by extension 'ignore'
[0.331s] Level 1:colcon.colcon_core.package_identification:_identify(src/YOLOv5-ROS) by extension 'ignore_ament_install'
[0.331s] Level 1:colcon.colcon_core.package_identification:_identify(src/YOLOv5-ROS) by extensions ['colcon_pkg']
[0.331s] Level 1:colcon.colcon_core.package_identification:_identify(src/YOLOv5-ROS) by extension 'colcon_pkg'
[0.331s] Level 1:colcon.colcon_core.package_identification:_identify(src/YOLOv5-ROS) by extensions ['colcon_meta']
[0.331s] Level 1:colcon.colcon_core.package_identification:_identify(src/YOLOv5-ROS) by extension 'colcon_meta'
[0.331s] Level 1:colcon.colcon_core.package_identification:_identify(src/YOLOv5-ROS) by extensions ['ros']
[0.331s] Level 1:colcon.colcon_core.package_identification:_identify(src/YOLOv5-ROS) by extension 'ros'
[0.331s] Level 1:colcon.colcon_core.package_identification:_identify(src/YOLOv5-ROS) by extensions ['cmake', 'python']
[0.331s] Level 1:colcon.colcon_core.package_identification:_identify(src/YOLOv5-ROS) by extension 'cmake'
[0.331s] Level 1:colcon.colcon_core.package_identification:_identify(src/YOLOv5-ROS) by extension 'python'
[0.331s] Level 1:colcon.colcon_core.package_identification:_identify(src/YOLOv5-ROS) by extensions ['python_setup_py']
[0.331s] Level 1:colcon.colcon_core.package_identification:_identify(src/YOLOv5-ROS) by extension 'python_setup_py'
[0.331s] Level 1:colcon.colcon_core.package_identification:_identify(src/YOLOv5-ROS/yolov5_ros) by extensions ['ignore', 'ignore_ament_install']
[0.331s] Level 1:colcon.colcon_core.package_identification:_identify(src/YOLOv5-ROS/yolov5_ros) by extension 'ignore'
[0.331s] Level 1:colcon.colcon_core.package_identification:_identify(src/YOLOv5-ROS/yolov5_ros) by extension 'ignore_ament_install'
[0.331s] Level 1:colcon.colcon_core.package_identification:_identify(src/YOLOv5-ROS/yolov5_ros) by extensions ['colcon_pkg']
[0.331s] Level 1:colcon.colcon_core.package_identification:_identify(src/YOLOv5-ROS/yolov5_ros) by extension 'colcon_pkg'
[0.331s] Level 1:colcon.colcon_core.package_identification:_identify(src/YOLOv5-ROS/yolov5_ros) by extensions ['colcon_meta']
[0.331s] Level 1:colcon.colcon_core.package_identification:_identify(src/YOLOv5-ROS/yolov5_ros) by extension 'colcon_meta'
[0.331s] Level 1:colcon.colcon_core.package_identification:_identify(src/YOLOv5-ROS/yolov5_ros) by extensions ['ros']
[0.331s] Level 1:colcon.colcon_core.package_identification:_identify(src/YOLOv5-ROS/yolov5_ros) by extension 'ros'
[0.333s] DEBUG:colcon.colcon_core.package_identification:Package 'src/YOLOv5-ROS/yolov5_ros' with type 'ros.ament_python' and name 'yolov5_ros'
[0.333s] Level 1:colcon.colcon_core.package_identification:_identify(src/bbox_ex_msgs) by extensions ['ignore', 'ignore_ament_install']
[0.334s] Level 1:colcon.colcon_core.package_identification:_identify(src/bbox_ex_msgs) by extension 'ignore'
[0.334s] Level 1:colcon.colcon_core.package_identification:_identify(src/bbox_ex_msgs) by extension 'ignore_ament_install'
[0.334s] Level 1:colcon.colcon_core.package_identification:_identify(src/bbox_ex_msgs) by extensions ['colcon_pkg']
[0.334s] Level 1:colcon.colcon_core.package_identification:_identify(src/bbox_ex_msgs) by extension 'colcon_pkg'
[0.334s] Level 1:colcon.colcon_core.package_identification:_identify(src/bbox_ex_msgs) by extensions ['colcon_meta']
[0.334s] Level 1:colcon.colcon_core.package_identification:_identify(src/bbox_ex_msgs) by extension 'colcon_meta'
[0.334s] Level 1:colcon.colcon_core.package_identification:_identify(src/bbox_ex_msgs) by extensions ['ros']
[0.334s] Level 1:colcon.colcon_core.package_identification:_identify(src/bbox_ex_msgs) by extension 'ros'
[0.334s] DEBUG:colcon.colcon_core.package_identification:Package 'src/bbox_ex_msgs' with type 'ros.ament_cmake' and name 'bboxes_ex_msgs'
[0.334s] Level 1:colcon.colcon_core.package_identification:_identify(src/build) by extensions ['ignore', 'ignore_ament_install']
[0.334s] Level 1:colcon.colcon_core.package_identification:_identify(src/build) by extension 'ignore'
[0.334s] Level 1:colcon.colcon_core.package_identification:_identify(src/build) ignored
[0.334s] Level 1:colcon.colcon_core.package_identification:_identify(src/install) by extensions ['ignore', 'ignore_ament_install']
[0.334s] Level 1:colcon.colcon_core.package_identification:_identify(src/install) by extension 'ignore'
[0.334s] Level 1:colcon.colcon_core.package_identification:_identify(src/install) ignored
[0.334s] Level 1:colcon.colcon_core.package_identification:_identify(src/log) by extensions ['ignore', 'ignore_ament_install']
[0.334s] Level 1:colcon.colcon_core.package_identification:_identify(src/log) by extension 'ignore'
[0.334s] Level 1:colcon.colcon_core.package_identification:_identify(src/log) ignored
[0.335s] Level 1:colcon.colcon_core.package_identification:_identify(src/ros2_v4l2_camera) by extensions ['ignore', 'ignore_ament_install']
[0.335s] Level 1:colcon.colcon_core.package_identification:_identify(src/ros2_v4l2_camera) by extension 'ignore'
[0.335s] Level 1:colcon.colcon_core.package_identification:_identify(src/ros2_v4l2_camera) by extension 'ignore_ament_install'
[0.335s] Level 1:colcon.colcon_core.package_identification:_identify(src/ros2_v4l2_camera) by extensions ['colcon_pkg']
[0.335s] Level 1:colcon.colcon_core.package_identification:_identify(src/ros2_v4l2_camera) by extension 'colcon_pkg'
[0.335s] Level 1:colcon.colcon_core.package_identification:_identify(src/ros2_v4l2_camera) by extensions ['colcon_meta']
[0.335s] Level 1:colcon.colcon_core.package_identification:_identify(src/ros2_v4l2_camera) by extension 'colcon_meta'
[0.335s] Level 1:colcon.colcon_core.package_identification:_identify(src/ros2_v4l2_camera) by extensions ['ros']
[0.335s] Level 1:colcon.colcon_core.package_identification:_identify(src/ros2_v4l2_camera) by extension 'ros'
[0.335s] DEBUG:colcon.colcon_core.package_identification:Package 'src/ros2_v4l2_camera' with type 'ros.ament_cmake' and name 'v4l2_camera'
[0.335s] Level 1:colcon.colcon_core.package_identification:_identify(src/usb_cam) by extensions ['ignore', 'ignore_ament_install']
[0.335s] Level 1:colcon.colcon_core.package_identification:_identify(src/usb_cam) by extension 'ignore'
[0.335s] Level 1:colcon.colcon_core.package_identification:_identify(src/usb_cam) by extension 'ignore_ament_install'
[0.335s] Level 1:colcon.colcon_core.package_identification:_identify(src/usb_cam) by extensions ['colcon_pkg']
[0.335s] Level 1:colcon.colcon_core.package_identification:_identify(src/usb_cam) by extension 'colcon_pkg'
[0.335s] Level 1:colcon.colcon_core.package_identification:_identify(src/usb_cam) by extensions ['colcon_meta']
[0.335s] Level 1:colcon.colcon_core.package_identification:_identify(src/usb_cam) by extension 'colcon_meta'
[0.335s] Level 1:colcon.colcon_core.package_identification:_identify(src/usb_cam) by extensions ['ros']
[0.336s] Level 1:colcon.colcon_core.package_identification:_identify(src/usb_cam) by extension 'ros'
[0.337s] DEBUG:colcon.colcon_core.package_identification:Package 'src/usb_cam' with type 'ros.ament_cmake' and name 'usb_cam'
[0.337s] Level 1:colcon.colcon_core.package_discovery:discover_packages(recursive) using defaults
[0.337s] Level 1:colcon.colcon_core.package_discovery:discover_packages(ignore) discover
[0.337s] Level 1:colcon.colcon_core.package_discovery:discover_packages(ignore) using defaults
[0.337s] Level 1:colcon.colcon_core.package_discovery:discover_packages(path) discover
[0.337s] Level 1:colcon.colcon_core.package_discovery:discover_packages(path) using defaults
[0.357s] Level 1:colcon.colcon_core.package_discovery:discover_packages(prefix_path) check parameters
[0.357s] Level 1:colcon.colcon_core.package_discovery:discover_packages(prefix_path) discover
[0.359s] DEBUG:colcon.colcon_installed_package_information.package_discovery:Found 0 installed packages in /home/vf/colcon_ws/install
[0.360s] DEBUG:colcon.colcon_installed_package_information.package_discovery:Found 308 installed packages in /opt/ros/foxy
[0.361s] Level 1:colcon.colcon_core.package_discovery:discover_packages(prefix_path) using defaults
[0.413s] Level 5:colcon.colcon_core.verb:set package 'bboxes_ex_msgs' build argument 'cmake_args' from command line to 'None'
[0.413s] Level 5:colcon.colcon_core.verb:set package 'bboxes_ex_msgs' build argument 'cmake_target' from command line to 'None'
[0.413s] Level 5:colcon.colcon_core.verb:set package 'bboxes_ex_msgs' build argument 'cmake_target_skip_unavailable' from command line to 'False'
[0.413s] Level 5:colcon.colcon_core.verb:set package 'bboxes_ex_msgs' build argument 'cmake_clean_cache' from command line to 'False'
[0.413s] Level 5:colcon.colcon_core.verb:set package 'bboxes_ex_msgs' build argument 'cmake_clean_first' from command line to 'False'
[0.413s] Level 5:colcon.colcon_core.verb:set package 'bboxes_ex_msgs' build argument 'cmake_force_configure' from command line to 'False'
[0.413s] Level 5:colcon.colcon_core.verb:set package 'bboxes_ex_msgs' build argument 'ament_cmake_args' from command line to 'None'
[0.413s] Level 5:colcon.colcon_core.verb:set package 'bboxes_ex_msgs' build argument 'catkin_cmake_args' from command line to 'None'
[0.413s] Level 5:colcon.colcon_core.verb:set package 'bboxes_ex_msgs' build argument 'catkin_skip_building_tests' from command line to 'False'
[0.413s] DEBUG:colcon.colcon_core.verb:Building package 'bboxes_ex_msgs' with the following arguments: {'ament_cmake_args': None, 'build_base': '/home/vf/Documents/ws_yolov5/build/bboxes_ex_msgs', 'catkin_cmake_args': None, 'catkin_skip_building_tests': False, 'cmake_args': None, 'cmake_clean_cache': False, 'cmake_clean_first': False, 'cmake_force_configure': False, 'cmake_target': None, 'cmake_target_skip_unavailable': False, 'install_base': '/home/vf/Documents/ws_yolov5/install/bboxes_ex_msgs', 'merge_install': False, 'path': '/home/vf/Documents/ws_yolov5/src/bbox_ex_msgs', 'symlink_install': False, 'test_result_base': None}
[0.413s] Level 5:colcon.colcon_core.verb:set package 'usb_cam' build argument 'cmake_args' from command line to 'None'
[0.414s] Level 5:colcon.colcon_core.verb:set package 'usb_cam' build argument 'cmake_target' from command line to 'None'
[0.414s] Level 5:colcon.colcon_core.verb:set package 'usb_cam' build argument 'cmake_target_skip_unavailable' from command line to 'False'
[0.414s] Level 5:colcon.colcon_core.verb:set package 'usb_cam' build argument 'cmake_clean_cache' from command line to 'False'
[0.414s] Level 5:colcon.colcon_core.verb:set package 'usb_cam' build argument 'cmake_clean_first' from command line to 'False'
[0.414s] Level 5:colcon.colcon_core.verb:set package 'usb_cam' build argument 'cmake_force_configure' from command line to 'False'
[0.414s] Level 5:colcon.colcon_core.verb:set package 'usb_cam' build argument 'ament_cmake_args' from command line to 'None'
[0.414s] Level 5:colcon.colcon_core.verb:set package 'usb_cam' build argument 'catkin_cmake_args' from command line to 'None'
[0.414s] Level 5:colcon.colcon_core.verb:set package 'usb_cam' build argument 'catkin_skip_building_tests' from command line to 'False'
[0.414s] DEBUG:colcon.colcon_core.verb:Building package 'usb_cam' with the following arguments: {'ament_cmake_args': None, 'build_base': '/home/vf/Documents/ws_yolov5/build/usb_cam', 'catkin_cmake_args': None, 'catkin_skip_building_tests': False, 'cmake_args': None, 'cmake_clean_cache': False, 'cmake_clean_first': False, 'cmake_force_configure': False, 'cmake_target': None, 'cmake_target_skip_unavailable': False, 'install_base': '/home/vf/Documents/ws_yolov5/install/usb_cam', 'merge_install': False, 'path': '/home/vf/Documents/ws_yolov5/src/usb_cam', 'symlink_install': False, 'test_result_base': None}
[0.414s] Level 5:colcon.colcon_core.verb:set package 'v4l2_camera' build argument 'cmake_args' from command line to 'None'
[0.414s] Level 5:colcon.colcon_core.verb:set package 'v4l2_camera' build argument 'cmake_target' from command line to 'None'
[0.414s] Level 5:colcon.colcon_core.verb:set package 'v4l2_camera' build argument 'cmake_target_skip_unavailable' from command line to 'False'
[0.414s] Level 5:colcon.colcon_core.verb:set package 'v4l2_camera' build argument 'cmake_clean_cache' from command line to 'False'
[0.414s] Level 5:colcon.colcon_core.verb:set package 'v4l2_camera' build argument 'cmake_clean_first' from command line to 'False'
[0.414s] Level 5:colcon.colcon_core.verb:set package 'v4l2_camera' build argument 'cmake_force_configure' from command line to 'False'
[0.414s] Level 5:colcon.colcon_core.verb:set package 'v4l2_camera' build argument 'ament_cmake_args' from command line to 'None'
[0.414s] Level 5:colcon.colcon_core.verb:set package 'v4l2_camera' build argument 'catkin_cmake_args' from command line to 'None'
[0.414s] Level 5:colcon.colcon_core.verb:set package 'v4l2_camera' build argument 'catkin_skip_building_tests' from command line to 'False'
[0.414s] DEBUG:colcon.colcon_core.verb:Building package 'v4l2_camera' with the following arguments: {'ament_cmake_args': None, 'build_base': '/home/vf/Documents/ws_yolov5/build/v4l2_camera', 'catkin_cmake_args': None, 'catkin_skip_building_tests': False, 'cmake_args': None, 'cmake_clean_cache': False, 'cmake_clean_first': False, 'cmake_force_configure': False, 'cmake_target': None, 'cmake_target_skip_unavailable': False, 'install_base': '/home/vf/Documents/ws_yolov5/install/v4l2_camera', 'merge_install': False, 'path': '/home/vf/Documents/ws_yolov5/src/ros2_v4l2_camera', 'symlink_install': False, 'test_result_base': None}
[0.414s] Level 5:colcon.colcon_core.verb:set package 'yolov5_ros' build argument 'cmake_args' from command line to 'None'
[0.414s] Level 5:colcon.colcon_core.verb:set package 'yolov5_ros' build argument 'cmake_target' from command line to 'None'
[0.414s] Level 5:colcon.colcon_core.verb:set package 'yolov5_ros' build argument 'cmake_target_skip_unavailable' from command line to 'False'
[0.414s] Level 5:colcon.colcon_core.verb:set package 'yolov5_ros' build argument 'cmake_clean_cache' from command line to 'False'
[0.414s] Level 5:colcon.colcon_core.verb:set package 'yolov5_ros' build argument 'cmake_clean_first' from command line to 'False'
[0.414s] Level 5:colcon.colcon_core.verb:set package 'yolov5_ros' build argument 'cmake_force_configure' from command line to 'False'
[0.414s] Level 5:colcon.colcon_core.verb:set package 'yolov5_ros' build argument 'ament_cmake_args' from command line to 'None'
[0.414s] Level 5:colcon.colcon_core.verb:set package 'yolov5_ros' build argument 'catkin_cmake_args' from command line to 'None'
[0.414s] Level 5:colcon.colcon_core.verb:set package 'yolov5_ros' build argument 'catkin_skip_building_tests' from command line to 'False'
[0.414s] DEBUG:colcon.colcon_core.verb:Building package 'yolov5_ros' with the following arguments: {'ament_cmake_args': None, 'build_base': '/home/vf/Documents/ws_yolov5/build/yolov5_ros', 'catkin_cmake_args': None, 'catkin_skip_building_tests': False, 'cmake_args': None, 'cmake_clean_cache': False, 'cmake_clean_first': False, 'cmake_force_configure': False, 'cmake_target': None, 'cmake_target_skip_unavailable': False, 'install_base': '/home/vf/Documents/ws_yolov5/install/yolov5_ros', 'merge_install': False, 'path': '/home/vf/Documents/ws_yolov5/src/YOLOv5-ROS/yolov5_ros', 'symlink_install': False, 'test_result_base': None}
[0.414s] INFO:colcon.colcon_core.executor:Executing jobs using 'parallel' executor
[0.415s] DEBUG:colcon.colcon_parallel_executor.executor.parallel:run_until_complete
[0.416s] INFO:colcon.colcon_ros.task.ament_cmake.build:Building ROS package in '/home/vf/Documents/ws_yolov5/src/bbox_ex_msgs' with build type 'ament_cmake'
[0.416s] INFO:colcon.colcon_cmake.task.cmake.build:Building CMake package in '/home/vf/Documents/ws_yolov5/src/bbox_ex_msgs'
[0.419s] INFO:colcon.colcon_core.plugin_system:Skipping extension 'colcon_core.shell.bat': Not used on non-Windows systems
[0.419s] INFO:colcon.colcon_core.shell:Skip shell extension 'powershell' for command environment: Not usable outside of PowerShell
[0.419s] DEBUG:colcon.colcon_core.shell:Skip shell extension 'dsv' for command environment
[0.423s] INFO:colcon.colcon_ros.task.ament_cmake.build:Building ROS package in '/home/vf/Documents/ws_yolov5/src/usb_cam' with build type 'ament_cmake'
[0.423s] INFO:colcon.colcon_cmake.task.cmake.build:Building CMake package in '/home/vf/Documents/ws_yolov5/src/usb_cam'
[0.423s] INFO:colcon.colcon_core.shell:Skip shell extension 'powershell' for command environment: Not usable outside of PowerShell
[0.423s] DEBUG:colcon.colcon_core.shell:Skip shell extension 'dsv' for command environment
[0.427s] INFO:colcon.colcon_ros.task.ament_cmake.build:Building ROS package in '/home/vf/Documents/ws_yolov5/src/ros2_v4l2_camera' with build type 'ament_cmake'
[0.427s] INFO:colcon.colcon_cmake.task.cmake.build:Building CMake package in '/home/vf/Documents/ws_yolov5/src/ros2_v4l2_camera'
[0.428s] INFO:colcon.colcon_core.shell:Skip shell extension 'powershell' for command environment: Not usable outside of PowerShell
[0.428s] DEBUG:colcon.colcon_core.shell:Skip shell extension 'dsv' for command environment
[0.434s] DEBUG:colcon.colcon_core.event_handler.log_command:Invoking command in '/home/vf/Documents/ws_yolov5/build/bboxes_ex_msgs': CMAKE_PREFIX_PATH=/opt/ros/foxy /usr/bin/cmake /home/vf/Documents/ws_yolov5/src/bbox_ex_msgs -DCMAKE_INSTALL_PREFIX=/home/vf/Documents/ws_yolov5/install/bboxes_ex_msgs
[0.441s] DEBUG:colcon.colcon_core.event_handler.log_command:Invoking command in '/home/vf/Documents/ws_yolov5/build/usb_cam': CMAKE_PREFIX_PATH=/opt/ros/foxy /usr/bin/cmake /home/vf/Documents/ws_yolov5/src/usb_cam -DCMAKE_INSTALL_PREFIX=/home/vf/Documents/ws_yolov5/install/usb_cam
[0.446s] DEBUG:colcon.colcon_core.event_handler.log_command:Invoking command in '/home/vf/Documents/ws_yolov5/build/v4l2_camera': CMAKE_PREFIX_PATH=/opt/ros/foxy /usr/bin/cmake /home/vf/Documents/ws_yolov5/src/ros2_v4l2_camera -DCMAKE_INSTALL_PREFIX=/home/vf/Documents/ws_yolov5/install/v4l2_camera
[1.284s] DEBUG:colcon.colcon_core.event_handler.log_command:Invoked command in '/home/vf/Documents/ws_yolov5/build/v4l2_camera' returned '0': CMAKE_PREFIX_PATH=/opt/ros/foxy /usr/bin/cmake /home/vf/Documents/ws_yolov5/src/ros2_v4l2_camera -DCMAKE_INSTALL_PREFIX=/home/vf/Documents/ws_yolov5/install/v4l2_camera
[1.287s] DEBUG:colcon.colcon_core.event_handler.log_command:Invoking command in '/home/vf/Documents/ws_yolov5/build/v4l2_camera': CMAKE_PREFIX_PATH=/opt/ros/foxy /usr/bin/cmake --build /home/vf/Documents/ws_yolov5/build/v4l2_camera -- -j12 -l12
[1.291s] DEBUG:colcon.colcon_core.event_handler.log_command:Invoked command in '/home/vf/Documents/ws_yolov5/build/bboxes_ex_msgs' returned '0': CMAKE_PREFIX_PATH=/opt/ros/foxy /usr/bin/cmake /home/vf/Documents/ws_yolov5/src/bbox_ex_msgs -DCMAKE_INSTALL_PREFIX=/home/vf/Documents/ws_yolov5/install/bboxes_ex_msgs
[1.294s] DEBUG:colcon.colcon_core.event_handler.log_command:Invoking command in '/home/vf/Documents/ws_yolov5/build/bboxes_ex_msgs': CMAKE_PREFIX_PATH=/opt/ros/foxy /usr/bin/cmake --build /home/vf/Documents/ws_yolov5/build/bboxes_ex_msgs -- -j12 -l12
[1.400s] DEBUG:colcon.colcon_core.event_handler.log_command:Invoked command in '/home/vf/Documents/ws_yolov5/build/v4l2_camera' returned '0': CMAKE_PREFIX_PATH=/opt/ros/foxy /usr/bin/cmake --build /home/vf/Documents/ws_yolov5/build/v4l2_camera -- -j12 -l12
[1.412s] DEBUG:colcon.colcon_core.event_handler.log_command:Invoking command in '/home/vf/Documents/ws_yolov5/build/v4l2_camera': CMAKE_PREFIX_PATH=/opt/ros/foxy /usr/bin/cmake --install /home/vf/Documents/ws_yolov5/build/v4l2_camera
[1.415s] DEBUG:colcon.colcon_core.event_handler.log_command:Invoked command in '/home/vf/Documents/ws_yolov5/build/usb_cam' returned '0': CMAKE_PREFIX_PATH=/opt/ros/foxy /usr/bin/cmake /home/vf/Documents/ws_yolov5/src/usb_cam -DCMAKE_INSTALL_PREFIX=/home/vf/Documents/ws_yolov5/install/usb_cam
[1.418s] DEBUG:colcon.colcon_core.event_handler.log_command:Invoking command in '/home/vf/Documents/ws_yolov5/build/usb_cam': CMAKE_PREFIX_PATH=/opt/ros/foxy /usr/bin/cmake --build /home/vf/Documents/ws_yolov5/build/usb_cam -- -j12 -l12
[1.435s] Level 1:colcon.colcon_core.environment:create_environment_scripts_only(v4l2_camera)
[1.435s] DEBUG:colcon.colcon_core.event_handler.log_command:Invoked command in '/home/vf/Documents/ws_yolov5/build/v4l2_camera' returned '0': CMAKE_PREFIX_PATH=/opt/ros/foxy /usr/bin/cmake --install /home/vf/Documents/ws_yolov5/build/v4l2_camera
[1.439s] Level 1:colcon.colcon_core.environment:checking '/home/vf/Documents/ws_yolov5/install/v4l2_camera' for CMake module files
[1.439s] Level 1:colcon.colcon_core.environment:checking '/home/vf/Documents/ws_yolov5/install/v4l2_camera' for CMake config files
[1.440s] Level 1:colcon.colcon_core.shell:create_environment_hook('v4l2_camera', 'cmake_prefix_path')
[1.440s] INFO:colcon.colcon_core.shell:Creating environment hook '/home/vf/Documents/ws_yolov5/install/v4l2_camera/share/v4l2_camera/hook/cmake_prefix_path.ps1'
[1.441s] INFO:colcon.colcon_core.shell:Creating environment descriptor '/home/vf/Documents/ws_yolov5/install/v4l2_camera/share/v4l2_camera/hook/cmake_prefix_path.dsv'
[1.441s] INFO:colcon.colcon_core.shell:Creating environment hook '/home/vf/Documents/ws_yolov5/install/v4l2_camera/share/v4l2_camera/hook/cmake_prefix_path.sh'
[1.442s] Level 1:colcon.colcon_core.environment:checking '/home/vf/Documents/ws_yolov5/install/v4l2_camera/lib'
[1.442s] Level 1:colcon.colcon_core.shell:create_environment_hook('v4l2_camera', 'ld_library_path_lib')
[1.443s] INFO:colcon.colcon_core.shell:Creating environment hook '/home/vf/Documents/ws_yolov5/install/v4l2_camera/share/v4l2_camera/hook/ld_library_path_lib.ps1'
[1.443s] INFO:colcon.colcon_core.shell:Creating environment descriptor '/home/vf/Documents/ws_yolov5/install/v4l2_camera/share/v4l2_camera/hook/ld_library_path_lib.dsv'
[1.443s] INFO:colcon.colcon_core.shell:Creating environment hook '/home/vf/Documents/ws_yolov5/install/v4l2_camera/share/v4l2_camera/hook/ld_library_path_lib.sh'
[1.443s] Level 1:colcon.colcon_core.environment:checking '/home/vf/Documents/ws_yolov5/install/v4l2_camera/bin'
[1.443s] Level 1:colcon.colcon_core.environment:checking '/home/vf/Documents/ws_yolov5/install/v4l2_camera/lib/pkgconfig/v4l2_camera.pc'
[1.444s] Level 1:colcon.colcon_core.environment:checking '/home/vf/Documents/ws_yolov5/install/v4l2_camera/lib/python3.8/site-packages'
[1.444s] Level 1:colcon.colcon_core.environment:checking '/home/vf/Documents/ws_yolov5/install/v4l2_camera/bin'
[1.444s] INFO:colcon.colcon_core.shell:Creating package script '/home/vf/Documents/ws_yolov5/install/v4l2_camera/share/v4l2_camera/package.ps1'
[1.445s] INFO:colcon.colcon_core.shell:Creating package descriptor '/home/vf/Documents/ws_yolov5/install/v4l2_camera/share/v4l2_camera/package.dsv'
[1.446s] INFO:colcon.colcon_core.shell:Creating package script '/home/vf/Documents/ws_yolov5/install/v4l2_camera/share/v4l2_camera/package.sh'
[1.447s] INFO:colcon.colcon_core.shell:Creating package script '/home/vf/Documents/ws_yolov5/install/v4l2_camera/share/v4l2_camera/package.bash'
[1.448s] INFO:colcon.colcon_core.shell:Creating package script '/home/vf/Documents/ws_yolov5/install/v4l2_camera/share/v4l2_camera/package.zsh'
[1.449s] Level 1:colcon.colcon_core.environment:create_file_with_runtime_dependencies(/home/vf/Documents/ws_yolov5/install/v4l2_camera/share/colcon-core/packages/v4l2_camera)
[1.450s] Level 1:colcon.colcon_core.environment:create_environment_scripts_only(v4l2_camera)
[1.450s] Level 1:colcon.colcon_core.environment:checking '/home/vf/Documents/ws_yolov5/install/v4l2_camera' for CMake module files
[1.451s] Level 1:colcon.colcon_core.environment:checking '/home/vf/Documents/ws_yolov5/install/v4l2_camera' for CMake config files
[1.451s] Level 1:colcon.colcon_core.shell:create_environment_hook('v4l2_camera', 'cmake_prefix_path')
[1.452s] INFO:colcon.colcon_core.shell:Creating environment hook '/home/vf/Documents/ws_yolov5/install/v4l2_camera/share/v4l2_camera/hook/cmake_prefix_path.ps1'
[1.452s] INFO:colcon.colcon_core.shell:Creating environment descriptor '/home/vf/Documents/ws_yolov5/install/v4l2_camera/share/v4l2_camera/hook/cmake_prefix_path.dsv'
[1.453s] INFO:colcon.colcon_core.shell:Creating environment hook '/home/vf/Documents/ws_yolov5/install/v4l2_camera/share/v4l2_camera/hook/cmake_prefix_path.sh'
[1.453s] Level 1:colcon.colcon_core.environment:checking '/home/vf/Documents/ws_yolov5/install/v4l2_camera/lib'
[1.453s] Level 1:colcon.colcon_core.shell:create_environment_hook('v4l2_camera', 'ld_library_path_lib')
[1.454s] INFO:colcon.colcon_core.shell:Creating environment hook '/home/vf/Documents/ws_yolov5/install/v4l2_camera/share/v4l2_camera/hook/ld_library_path_lib.ps1'
[1.454s] INFO:colcon.colcon_core.shell:Creating environment descriptor '/home/vf/Documents/ws_yolov5/install/v4l2_camera/share/v4l2_camera/hook/ld_library_path_lib.dsv'
[1.455s] INFO:colcon.colcon_core.shell:Creating environment hook '/home/vf/Documents/ws_yolov5/install/v4l2_camera/share/v4l2_camera/hook/ld_library_path_lib.sh'
[1.455s] Level 1:colcon.colcon_core.environment:checking '/home/vf/Documents/ws_yolov5/install/v4l2_camera/bin'
[1.455s] Level 1:colcon.colcon_core.environment:checking '/home/vf/Documents/ws_yolov5/install/v4l2_camera/lib/pkgconfig/v4l2_camera.pc'
[1.456s] Level 1:colcon.colcon_core.environment:checking '/home/vf/Documents/ws_yolov5/install/v4l2_camera/lib/python3.8/site-packages'
[1.456s] Level 1:colcon.colcon_core.environment:checking '/home/vf/Documents/ws_yolov5/install/v4l2_camera/bin'
[1.456s] INFO:colcon.colcon_core.shell:Creating package script '/home/vf/Documents/ws_yolov5/install/v4l2_camera/share/v4l2_camera/package.ps1'
[1.457s] INFO:colcon.colcon_core.shell:Creating package descriptor '/home/vf/Documents/ws_yolov5/install/v4l2_camera/share/v4l2_camera/package.dsv'
[1.458s] INFO:colcon.colcon_core.shell:Creating package script '/home/vf/Documents/ws_yolov5/install/v4l2_camera/share/v4l2_camera/package.sh'
[1.459s] INFO:colcon.colcon_core.shell:Creating package script '/home/vf/Documents/ws_yolov5/install/v4l2_camera/share/v4l2_camera/package.bash'
[1.459s] INFO:colcon.colcon_core.shell:Creating package script '/home/vf/Documents/ws_yolov5/install/v4l2_camera/share/v4l2_camera/package.zsh'
[1.460s] Level 1:colcon.colcon_core.environment:create_file_with_runtime_dependencies(/home/vf/Documents/ws_yolov5/install/v4l2_camera/share/colcon-core/packages/v4l2_camera)
[1.497s] DEBUG:colcon.colcon_core.event_handler.log_command:Invoked command in '/home/vf/Documents/ws_yolov5/build/bboxes_ex_msgs' returned '0': CMAKE_PREFIX_PATH=/opt/ros/foxy /usr/bin/cmake --build /home/vf/Documents/ws_yolov5/build/bboxes_ex_msgs -- -j12 -l12
[1.501s] DEBUG:colcon.colcon_core.event_handler.log_command:Invoking command in '/home/vf/Documents/ws_yolov5/build/bboxes_ex_msgs': CMAKE_PREFIX_PATH=/opt/ros/foxy /usr/bin/cmake --install /home/vf/Documents/ws_yolov5/build/bboxes_ex_msgs
[1.569s] Level 1:colcon.colcon_core.environment:create_environment_scripts_only(bboxes_ex_msgs)
[1.570s] Level 1:colcon.colcon_core.environment:checking '/home/vf/Documents/ws_yolov5/install/bboxes_ex_msgs' for CMake module files
[1.571s] DEBUG:colcon.colcon_core.event_handler.log_command:Invoked command in '/home/vf/Documents/ws_yolov5/build/bboxes_ex_msgs' returned '0': CMAKE_PREFIX_PATH=/opt/ros/foxy /usr/bin/cmake --install /home/vf/Documents/ws_yolov5/build/bboxes_ex_msgs
[1.571s] Level 1:colcon.colcon_core.environment:checking '/home/vf/Documents/ws_yolov5/install/bboxes_ex_msgs' for CMake config files
[1.572s] Level 1:colcon.colcon_core.shell:create_environment_hook('bboxes_ex_msgs', 'cmake_prefix_path')
[1.572s] INFO:colcon.colcon_core.shell:Creating environment hook '/home/vf/Documents/ws_yolov5/install/bboxes_ex_msgs/share/bboxes_ex_msgs/hook/cmake_prefix_path.ps1'
[1.573s] INFO:colcon.colcon_core.shell:Creating environment descriptor '/home/vf/Documents/ws_yolov5/install/bboxes_ex_msgs/share/bboxes_ex_msgs/hook/cmake_prefix_path.dsv'
[1.573s] INFO:colcon.colcon_core.shell:Creating environment hook '/home/vf/Documents/ws_yolov5/install/bboxes_ex_msgs/share/bboxes_ex_msgs/hook/cmake_prefix_path.sh'
[1.574s] Level 1:colcon.colcon_core.environment:checking '/home/vf/Documents/ws_yolov5/install/bboxes_ex_msgs/lib'
[1.574s] Level 1:colcon.colcon_core.shell:create_environment_hook('bboxes_ex_msgs', 'ld_library_path_lib')
[1.574s] INFO:colcon.colcon_core.shell:Creating environment hook '/home/vf/Documents/ws_yolov5/install/bboxes_ex_msgs/share/bboxes_ex_msgs/hook/ld_library_path_lib.ps1'
[1.575s] INFO:colcon.colcon_core.shell:Creating environment descriptor '/home/vf/Documents/ws_yolov5/install/bboxes_ex_msgs/share/bboxes_ex_msgs/hook/ld_library_path_lib.dsv'
[1.575s] INFO:colcon.colcon_core.shell:Creating environment hook '/home/vf/Documents/ws_yolov5/install/bboxes_ex_msgs/share/bboxes_ex_msgs/hook/ld_library_path_lib.sh'
[1.576s] Level 1:colcon.colcon_core.environment:checking '/home/vf/Documents/ws_yolov5/install/bboxes_ex_msgs/bin'
[1.576s] Level 1:colcon.colcon_core.environment:checking '/home/vf/Documents/ws_yolov5/install/bboxes_ex_msgs/lib/pkgconfig/bboxes_ex_msgs.pc'
[1.576s] Level 1:colcon.colcon_core.environment:checking '/home/vf/Documents/ws_yolov5/install/bboxes_ex_msgs/lib/python3.8/site-packages'
[1.576s] Level 1:colcon.colcon_core.shell:create_environment_hook('bboxes_ex_msgs', 'pythonpath')
[1.576s] INFO:colcon.colcon_core.shell:Creating environment hook '/home/vf/Documents/ws_yolov5/install/bboxes_ex_msgs/share/bboxes_ex_msgs/hook/pythonpath.ps1'
[1.577s] INFO:colcon.colcon_core.shell:Creating environment descriptor '/home/vf/Documents/ws_yolov5/install/bboxes_ex_msgs/share/bboxes_ex_msgs/hook/pythonpath.dsv'
[1.577s] INFO:colcon.colcon_core.shell:Creating environment hook '/home/vf/Documents/ws_yolov5/install/bboxes_ex_msgs/share/bboxes_ex_msgs/hook/pythonpath.sh'
[1.578s] Level 1:colcon.colcon_core.environment:checking '/home/vf/Documents/ws_yolov5/install/bboxes_ex_msgs/bin'
[1.578s] INFO:colcon.colcon_core.shell:Creating package script '/home/vf/Documents/ws_yolov5/install/bboxes_ex_msgs/share/bboxes_ex_msgs/package.ps1'
[1.579s] INFO:colcon.colcon_core.shell:Creating package descriptor '/home/vf/Documents/ws_yolov5/install/bboxes_ex_msgs/share/bboxes_ex_msgs/package.dsv'
[1.580s] INFO:colcon.colcon_core.shell:Creating package script '/home/vf/Documents/ws_yolov5/install/bboxes_ex_msgs/share/bboxes_ex_msgs/package.sh'
[1.580s] INFO:colcon.colcon_core.shell:Creating package script '/home/vf/Documents/ws_yolov5/install/bboxes_ex_msgs/share/bboxes_ex_msgs/package.bash'
[1.581s] INFO:colcon.colcon_core.shell:Creating package script '/home/vf/Documents/ws_yolov5/install/bboxes_ex_msgs/share/bboxes_ex_msgs/package.zsh'
[1.581s] Level 1:colcon.colcon_core.environment:create_file_with_runtime_dependencies(/home/vf/Documents/ws_yolov5/install/bboxes_ex_msgs/share/colcon-core/packages/bboxes_ex_msgs)
[1.582s] Level 1:colcon.colcon_core.environment:create_environment_scripts_only(bboxes_ex_msgs)
[1.582s] Level 1:colcon.colcon_core.environment:checking '/home/vf/Documents/ws_yolov5/install/bboxes_ex_msgs' for CMake module files
[1.583s] Level 1:colcon.colcon_core.environment:checking '/home/vf/Documents/ws_yolov5/install/bboxes_ex_msgs' for CMake config files
[1.584s] Level 1:colcon.colcon_core.shell:create_environment_hook('bboxes_ex_msgs', 'cmake_prefix_path')
[1.584s] INFO:colcon.colcon_core.shell:Creating environment hook '/home/vf/Documents/ws_yolov5/install/bboxes_ex_msgs/share/bboxes_ex_msgs/hook/cmake_prefix_path.ps1'
[1.585s] INFO:colcon.colcon_core.shell:Creating environment descriptor '/home/vf/Documents/ws_yolov5/install/bboxes_ex_msgs/share/bboxes_ex_msgs/hook/cmake_prefix_path.dsv'
[1.585s] INFO:colcon.colcon_core.shell:Creating environment hook '/home/vf/Documents/ws_yolov5/install/bboxes_ex_msgs/share/bboxes_ex_msgs/hook/cmake_prefix_path.sh'
[1.586s] Level 1:colcon.colcon_core.environment:checking '/home/vf/Documents/ws_yolov5/install/bboxes_ex_msgs/lib'
[1.586s] Level 1:colcon.colcon_core.shell:create_environment_hook('bboxes_ex_msgs', 'ld_library_path_lib')
[1.587s] INFO:colcon.colcon_core.shell:Creating environment hook '/home/vf/Documents/ws_yolov5/install/bboxes_ex_msgs/share/bboxes_ex_msgs/hook/ld_library_path_lib.ps1'
[1.587s] INFO:colcon.colcon_core.shell:Creating environment descriptor '/home/vf/Documents/ws_yolov5/install/bboxes_ex_msgs/share/bboxes_ex_msgs/hook/ld_library_path_lib.dsv'
[1.588s] INFO:colcon.colcon_core.shell:Creating environment hook '/home/vf/Documents/ws_yolov5/install/bboxes_ex_msgs/share/bboxes_ex_msgs/hook/ld_library_path_lib.sh'
[1.588s] Level 1:colcon.colcon_core.environment:checking '/home/vf/Documents/ws_yolov5/install/bboxes_ex_msgs/bin'
[1.588s] Level 1:colcon.colcon_core.environment:checking '/home/vf/Documents/ws_yolov5/install/bboxes_ex_msgs/lib/pkgconfig/bboxes_ex_msgs.pc'
[1.588s] Level 1:colcon.colcon_core.environment:checking '/home/vf/Documents/ws_yolov5/install/bboxes_ex_msgs/lib/python3.8/site-packages'
[1.588s] Level 1:colcon.colcon_core.shell:create_environment_hook('bboxes_ex_msgs', 'pythonpath')
[1.589s] INFO:colcon.colcon_core.shell:Creating environment hook '/home/vf/Documents/ws_yolov5/install/bboxes_ex_msgs/share/bboxes_ex_msgs/hook/pythonpath.ps1'
[1.589s] INFO:colcon.colcon_core.shell:Creating environment descriptor '/home/vf/Documents/ws_yolov5/install/bboxes_ex_msgs/share/bboxes_ex_msgs/hook/pythonpath.dsv'
[1.589s] INFO:colcon.colcon_core.shell:Creating environment hook '/home/vf/Documents/ws_yolov5/install/bboxes_ex_msgs/share/bboxes_ex_msgs/hook/pythonpath.sh'
[1.590s] Level 1:colcon.colcon_core.environment:checking '/home/vf/Documents/ws_yolov5/install/bboxes_ex_msgs/bin'
[1.590s] INFO:colcon.colcon_core.shell:Creating package script '/home/vf/Documents/ws_yolov5/install/bboxes_ex_msgs/share/bboxes_ex_msgs/package.ps1'
[1.591s] INFO:colcon.colcon_core.shell:Creating package descriptor '/home/vf/Documents/ws_yolov5/install/bboxes_ex_msgs/share/bboxes_ex_msgs/package.dsv'
[1.592s] INFO:colcon.colcon_core.shell:Creating package script '/home/vf/Documents/ws_yolov5/install/bboxes_ex_msgs/share/bboxes_ex_msgs/package.sh'
[1.592s] INFO:colcon.colcon_core.shell:Creating package script '/home/vf/Documents/ws_yolov5/install/bboxes_ex_msgs/share/bboxes_ex_msgs/package.bash'
[1.593s] INFO:colcon.colcon_core.shell:Creating package script '/home/vf/Documents/ws_yolov5/install/bboxes_ex_msgs/share/bboxes_ex_msgs/package.zsh'
[1.593s] Level 1:colcon.colcon_core.environment:create_file_with_runtime_dependencies(/home/vf/Documents/ws_yolov5/install/bboxes_ex_msgs/share/colcon-core/packages/bboxes_ex_msgs)
[1.594s] INFO:colcon.colcon_ros.task.ament_python.build:Building ROS package in '/home/vf/Documents/ws_yolov5/src/YOLOv5-ROS/yolov5_ros' with build type 'ament_python'
[1.594s] Level 1:colcon.colcon_core.shell:create_environment_hook('yolov5_ros', 'ament_prefix_path')
[1.594s] INFO:colcon.colcon_core.shell:Creating environment hook '/home/vf/Documents/ws_yolov5/install/yolov5_ros/share/yolov5_ros/hook/ament_prefix_path.ps1'
[1.595s] INFO:colcon.colcon_core.shell:Creating environment descriptor '/home/vf/Documents/ws_yolov5/install/yolov5_ros/share/yolov5_ros/hook/ament_prefix_path.dsv'
[1.596s] INFO:colcon.colcon_core.shell:Creating environment hook '/home/vf/Documents/ws_yolov5/install/yolov5_ros/share/yolov5_ros/hook/ament_prefix_path.sh'
[1.596s] INFO:colcon.colcon_core.shell:Skip shell extension 'powershell' for command environment: Not usable outside of PowerShell
[1.596s] DEBUG:colcon.colcon_core.shell:Skip shell extension 'dsv' for command environment
[1.961s] INFO:colcon.colcon_core.task.python.build:Building Python package in '/home/vf/Documents/ws_yolov5/src/YOLOv5-ROS/yolov5_ros'
[1.962s] INFO:colcon.colcon_core.shell:Skip shell extension 'powershell' for command environment: Not usable outside of PowerShell
[1.962s] DEBUG:colcon.colcon_core.shell:Skip shell extension 'dsv' for command environment
[2.868s] DEBUG:colcon.colcon_core.event_handler.log_command:Invoking command in '/home/vf/Documents/ws_yolov5/build/yolov5_ros': AMENT_PREFIX_PATH=/home/vf/Documents/ws_yolov5/install/bboxes_ex_msgs:${AMENT_PREFIX_PATH} CMAKE_PREFIX_PATH=/home/vf/Documents/ws_yolov5/install/bboxes_ex_msgs LD_LIBRARY_PATH=/home/vf/Documents/ws_yolov5/install/bboxes_ex_msgs/lib:/usr/lib/x86_64-linux-gnu/gazebo-11/plugins:/opt/ros/foxy/opt/yaml_cpp_vendor/lib:/opt/ros/foxy/opt/rviz_ogre_vendor/lib:/opt/ros/foxy/lib/x86_64-linux-gnu:/opt/ros/foxy/lib:/usr/share/gazebo/../../lib/x86_64-linux-gnu/gazebo-11/plugins PYTHONPATH=/home/vf/Documents/ws_yolov5/build/yolov5_ros/prefix_override:/usr/lib/python3/dist-packages/colcon_core/task/python/colcon_distutils_commands:/home/vf/Documents/ws_yolov5/install/yolov5_ros/lib/python3.8/site-packages:/home/vf/Documents/ws_yolov5/install/bboxes_ex_msgs/lib/python3.8/site-packages:${PYTHONPATH} /usr/bin/python3 -W ignore:setup.py install is deprecated -W ignore:easy_install command is deprecated setup.py develop --uninstall --editable --build-directory /home/vf/Documents/ws_yolov5/build/yolov5_ros/build
[3.530s] DEBUG:colcon.colcon_core.event_handler.log_command:Invoked command in '/home/vf/Documents/ws_yolov5/build/yolov5_ros' returned '0': AMENT_PREFIX_PATH=/home/vf/Documents/ws_yolov5/install/bboxes_ex_msgs:${AMENT_PREFIX_PATH} CMAKE_PREFIX_PATH=/home/vf/Documents/ws_yolov5/install/bboxes_ex_msgs LD_LIBRARY_PATH=/home/vf/Documents/ws_yolov5/install/bboxes_ex_msgs/lib:/usr/lib/x86_64-linux-gnu/gazebo-11/plugins:/opt/ros/foxy/opt/yaml_cpp_vendor/lib:/opt/ros/foxy/opt/rviz_ogre_vendor/lib:/opt/ros/foxy/lib/x86_64-linux-gnu:/opt/ros/foxy/lib:/usr/share/gazebo/../../lib/x86_64-linux-gnu/gazebo-11/plugins PYTHONPATH=/home/vf/Documents/ws_yolov5/build/yolov5_ros/prefix_override:/usr/lib/python3/dist-packages/colcon_core/task/python/colcon_distutils_commands:/home/vf/Documents/ws_yolov5/install/yolov5_ros/lib/python3.8/site-packages:/home/vf/Documents/ws_yolov5/install/bboxes_ex_msgs/lib/python3.8/site-packages:${PYTHONPATH} /usr/bin/python3 -W ignore:setup.py install is deprecated -W ignore:easy_install command is deprecated setup.py develop --uninstall --editable --build-directory /home/vf/Documents/ws_yolov5/build/yolov5_ros/build
[3.533s] DEBUG:colcon.colcon_core.event_handler.log_command:Invoking command in '/home/vf/Documents/ws_yolov5/src/YOLOv5-ROS/yolov5_ros': AMENT_PREFIX_PATH=/home/vf/Documents/ws_yolov5/install/bboxes_ex_msgs:${AMENT_PREFIX_PATH} CMAKE_PREFIX_PATH=/home/vf/Documents/ws_yolov5/install/bboxes_ex_msgs LD_LIBRARY_PATH=/home/vf/Documents/ws_yolov5/install/bboxes_ex_msgs/lib:/usr/lib/x86_64-linux-gnu/gazebo-11/plugins:/opt/ros/foxy/opt/yaml_cpp_vendor/lib:/opt/ros/foxy/opt/rviz_ogre_vendor/lib:/opt/ros/foxy/lib/x86_64-linux-gnu:/opt/ros/foxy/lib:/usr/share/gazebo/../../lib/x86_64-linux-gnu/gazebo-11/plugins PYTHONPATH=/home/vf/Documents/ws_yolov5/build/yolov5_ros/prefix_override:/usr/lib/python3/dist-packages/colcon_core/task/python/colcon_distutils_commands:/home/vf/Documents/ws_yolov5/install/yolov5_ros/lib/python3.8/site-packages:/home/vf/Documents/ws_yolov5/install/bboxes_ex_msgs/lib/python3.8/site-packages:${PYTHONPATH} /usr/bin/python3 -W ignore:setup.py install is deprecated -W ignore:easy_install command is deprecated setup.py egg_info --egg-base ../../../build/yolov5_ros build --build-base /home/vf/Documents/ws_yolov5/build/yolov5_ros/build install --record /home/vf/Documents/ws_yolov5/build/yolov5_ros/install.log --single-version-externally-managed install_data --force
[4.203s] Level 1:colcon.colcon_core.environment:checking '/home/vf/Documents/ws_yolov5/install/yolov5_ros' for CMake module files
[4.203s] DEBUG:colcon.colcon_core.event_handler.log_command:Invoked command in '/home/vf/Documents/ws_yolov5/src/YOLOv5-ROS/yolov5_ros' returned '0': AMENT_PREFIX_PATH=/home/vf/Documents/ws_yolov5/install/bboxes_ex_msgs:${AMENT_PREFIX_PATH} CMAKE_PREFIX_PATH=/home/vf/Documents/ws_yolov5/install/bboxes_ex_msgs LD_LIBRARY_PATH=/home/vf/Documents/ws_yolov5/install/bboxes_ex_msgs/lib:/usr/lib/x86_64-linux-gnu/gazebo-11/plugins:/opt/ros/foxy/opt/yaml_cpp_vendor/lib:/opt/ros/foxy/opt/rviz_ogre_vendor/lib:/opt/ros/foxy/lib/x86_64-linux-gnu:/opt/ros/foxy/lib:/usr/share/gazebo/../../lib/x86_64-linux-gnu/gazebo-11/plugins PYTHONPATH=/home/vf/Documents/ws_yolov5/build/yolov5_ros/prefix_override:/usr/lib/python3/dist-packages/colcon_core/task/python/colcon_distutils_commands:/home/vf/Documents/ws_yolov5/install/yolov5_ros/lib/python3.8/site-packages:/home/vf/Documents/ws_yolov5/install/bboxes_ex_msgs/lib/python3.8/site-packages:${PYTHONPATH} /usr/bin/python3 -W ignore:setup.py install is deprecated -W ignore:easy_install command is deprecated setup.py egg_info --egg-base ../../../build/yolov5_ros build --build-base /home/vf/Documents/ws_yolov5/build/yolov5_ros/build install --record /home/vf/Documents/ws_yolov5/build/yolov5_ros/install.log --single-version-externally-managed install_data --force
[4.204s] Level 1:colcon.colcon_core.environment:checking '/home/vf/Documents/ws_yolov5/install/yolov5_ros' for CMake config files
[4.205s] Level 1:colcon.colcon_core.environment:checking '/home/vf/Documents/ws_yolov5/install/yolov5_ros/lib'
[4.205s] Level 1:colcon.colcon_core.environment:checking '/home/vf/Documents/ws_yolov5/install/yolov5_ros/bin'
[4.205s] Level 1:colcon.colcon_core.environment:checking '/home/vf/Documents/ws_yolov5/install/yolov5_ros/lib/pkgconfig/yolov5_ros.pc'
[4.205s] Level 1:colcon.colcon_core.environment:checking '/home/vf/Documents/ws_yolov5/install/yolov5_ros/lib/python3.8/site-packages'
[4.205s] Level 1:colcon.colcon_core.shell:create_environment_hook('yolov5_ros', 'pythonpath')
[4.205s] INFO:colcon.colcon_core.shell:Creating environment hook '/home/vf/Documents/ws_yolov5/install/yolov5_ros/share/yolov5_ros/hook/pythonpath.ps1'
[4.206s] INFO:colcon.colcon_core.shell:Creating environment descriptor '/home/vf/Documents/ws_yolov5/install/yolov5_ros/share/yolov5_ros/hook/pythonpath.dsv'
[4.206s] INFO:colcon.colcon_core.shell:Creating environment hook '/home/vf/Documents/ws_yolov5/install/yolov5_ros/share/yolov5_ros/hook/pythonpath.sh'
[4.207s] Level 1:colcon.colcon_core.environment:checking '/home/vf/Documents/ws_yolov5/install/yolov5_ros/bin'
[4.207s] Level 1:colcon.colcon_core.environment:create_environment_scripts_only(yolov5_ros)
[4.207s] INFO:colcon.colcon_core.shell:Creating package script '/home/vf/Documents/ws_yolov5/install/yolov5_ros/share/yolov5_ros/package.ps1'
[4.208s] INFO:colcon.colcon_core.shell:Creating package descriptor '/home/vf/Documents/ws_yolov5/install/yolov5_ros/share/yolov5_ros/package.dsv'
[4.208s] INFO:colcon.colcon_core.shell:Creating package script '/home/vf/Documents/ws_yolov5/install/yolov5_ros/share/yolov5_ros/package.sh'
[4.209s] INFO:colcon.colcon_core.shell:Creating package script '/home/vf/Documents/ws_yolov5/install/yolov5_ros/share/yolov5_ros/package.bash'
[4.209s] INFO:colcon.colcon_core.shell:Creating package script '/home/vf/Documents/ws_yolov5/install/yolov5_ros/share/yolov5_ros/package.zsh'
[4.209s] Level 1:colcon.colcon_core.environment:create_file_with_runtime_dependencies(/home/vf/Documents/ws_yolov5/install/yolov5_ros/share/colcon-core/packages/yolov5_ros)
[6.916s] DEBUG:colcon.colcon_core.event_handler.log_command:Invoked command in '/home/vf/Documents/ws_yolov5/build/usb_cam' returned '0': CMAKE_PREFIX_PATH=/opt/ros/foxy /usr/bin/cmake --build /home/vf/Documents/ws_yolov5/build/usb_cam -- -j12 -l12
[6.917s] DEBUG:colcon.colcon_core.event_handler.log_command:Invoking command in '/home/vf/Documents/ws_yolov5/build/usb_cam': CMAKE_PREFIX_PATH=/opt/ros/foxy /usr/bin/cmake --install /home/vf/Documents/ws_yolov5/build/usb_cam
[6.942s] Level 1:colcon.colcon_core.environment:create_environment_scripts_only(usb_cam)
[6.942s] Level 1:colcon.colcon_core.environment:checking '/home/vf/Documents/ws_yolov5/install/usb_cam' for CMake module files
[6.942s] DEBUG:colcon.colcon_core.event_handler.log_command:Invoked command in '/home/vf/Documents/ws_yolov5/build/usb_cam' returned '0': CMAKE_PREFIX_PATH=/opt/ros/foxy /usr/bin/cmake --install /home/vf/Documents/ws_yolov5/build/usb_cam
[6.943s] Level 1:colcon.colcon_core.environment:checking '/home/vf/Documents/ws_yolov5/install/usb_cam' for CMake config files
[6.943s] Level 1:colcon.colcon_core.shell:create_environment_hook('usb_cam', 'cmake_prefix_path')
[6.943s] INFO:colcon.colcon_core.shell:Creating environment hook '/home/vf/Documents/ws_yolov5/install/usb_cam/share/usb_cam/hook/cmake_prefix_path.ps1'
[6.944s] INFO:colcon.colcon_core.shell:Creating environment descriptor '/home/vf/Documents/ws_yolov5/install/usb_cam/share/usb_cam/hook/cmake_prefix_path.dsv'
[6.944s] INFO:colcon.colcon_core.shell:Creating environment hook '/home/vf/Documents/ws_yolov5/install/usb_cam/share/usb_cam/hook/cmake_prefix_path.sh'
[6.945s] Level 1:colcon.colcon_core.environment:checking '/home/vf/Documents/ws_yolov5/install/usb_cam/lib'
[6.945s] Level 1:colcon.colcon_core.shell:create_environment_hook('usb_cam', 'ld_library_path_lib')
[6.945s] INFO:colcon.colcon_core.shell:Creating environment hook '/home/vf/Documents/ws_yolov5/install/usb_cam/share/usb_cam/hook/ld_library_path_lib.ps1'
[6.945s] INFO:colcon.colcon_core.shell:Creating environment descriptor '/home/vf/Documents/ws_yolov5/install/usb_cam/share/usb_cam/hook/ld_library_path_lib.dsv'
[6.945s] INFO:colcon.colcon_core.shell:Creating environment hook '/home/vf/Documents/ws_yolov5/install/usb_cam/share/usb_cam/hook/ld_library_path_lib.sh'
[6.946s] Level 1:colcon.colcon_core.environment:checking '/home/vf/Documents/ws_yolov5/install/usb_cam/bin'
[6.946s] Level 1:colcon.colcon_core.environment:checking '/home/vf/Documents/ws_yolov5/install/usb_cam/lib/pkgconfig/usb_cam.pc'
[6.946s] Level 1:colcon.colcon_core.environment:checking '/home/vf/Documents/ws_yolov5/install/usb_cam/lib/python3.8/site-packages'
[6.946s] Level 1:colcon.colcon_core.environment:checking '/home/vf/Documents/ws_yolov5/install/usb_cam/bin'
[6.947s] INFO:colcon.colcon_core.shell:Creating package script '/home/vf/Documents/ws_yolov5/install/usb_cam/share/usb_cam/package.ps1'
[6.947s] INFO:colcon.colcon_core.shell:Creating package descriptor '/home/vf/Documents/ws_yolov5/install/usb_cam/share/usb_cam/package.dsv'
[6.947s] INFO:colcon.colcon_core.shell:Creating package script '/home/vf/Documents/ws_yolov5/install/usb_cam/share/usb_cam/package.sh'
[6.948s] INFO:colcon.colcon_core.shell:Creating package script '/home/vf/Documents/ws_yolov5/install/usb_cam/share/usb_cam/package.bash'
[6.948s] INFO:colcon.colcon_core.shell:Creating package script '/home/vf/Documents/ws_yolov5/install/usb_cam/share/usb_cam/package.zsh'
[6.948s] Level 1:colcon.colcon_core.environment:create_file_with_runtime_dependencies(/home/vf/Documents/ws_yolov5/install/usb_cam/share/colcon-core/packages/usb_cam)
[6.949s] Level 1:colcon.colcon_core.environment:create_environment_scripts_only(usb_cam)
[6.949s] Level 1:colcon.colcon_core.environment:checking '/home/vf/Documents/ws_yolov5/install/usb_cam' for CMake module files
[6.949s] Level 1:colcon.colcon_core.environment:checking '/home/vf/Documents/ws_yolov5/install/usb_cam' for CMake config files
[6.950s] Level 1:colcon.colcon_core.shell:create_environment_hook('usb_cam', 'cmake_prefix_path')
[6.950s] INFO:colcon.colcon_core.shell:Creating environment hook '/home/vf/Documents/ws_yolov5/install/usb_cam/share/usb_cam/hook/cmake_prefix_path.ps1'
[6.950s] INFO:colcon.colcon_core.shell:Creating environment descriptor '/home/vf/Documents/ws_yolov5/install/usb_cam/share/usb_cam/hook/cmake_prefix_path.dsv'
[6.951s] INFO:colcon.colcon_core.shell:Creating environment hook '/home/vf/Documents/ws_yolov5/install/usb_cam/share/usb_cam/hook/cmake_prefix_path.sh'
[6.951s] Level 1:colcon.colcon_core.environment:checking '/home/vf/Documents/ws_yolov5/install/usb_cam/lib'
[6.951s] Level 1:colcon.colcon_core.shell:create_environment_hook('usb_cam', 'ld_library_path_lib')
[6.951s] INFO:colcon.colcon_core.shell:Creating environment hook '/home/vf/Documents/ws_yolov5/install/usb_cam/share/usb_cam/hook/ld_library_path_lib.ps1'
[6.952s] INFO:colcon.colcon_core.shell:Creating environment descriptor '/home/vf/Documents/ws_yolov5/install/usb_cam/share/usb_cam/hook/ld_library_path_lib.dsv'
[6.952s] INFO:colcon.colcon_core.shell:Creating environment hook '/home/vf/Documents/ws_yolov5/install/usb_cam/share/usb_cam/hook/ld_library_path_lib.sh'
[6.952s] Level 1:colcon.colcon_core.environment:checking '/home/vf/Documents/ws_yolov5/install/usb_cam/bin'
[6.952s] Level 1:colcon.colcon_core.environment:checking '/home/vf/Documents/ws_yolov5/install/usb_cam/lib/pkgconfig/usb_cam.pc'
[6.952s] Level 1:colcon.colcon_core.environment:checking '/home/vf/Documents/ws_yolov5/install/usb_cam/lib/python3.8/site-packages'
[6.953s] Level 1:colcon.colcon_core.environment:checking '/home/vf/Documents/ws_yolov5/install/usb_cam/bin'
[6.953s] INFO:colcon.colcon_core.shell:Creating package script '/home/vf/Documents/ws_yolov5/install/usb_cam/share/usb_cam/package.ps1'
[6.953s] INFO:colcon.colcon_core.shell:Creating package descriptor '/home/vf/Documents/ws_yolov5/install/usb_cam/share/usb_cam/package.dsv'
[6.954s] INFO:colcon.colcon_core.shell:Creating package script '/home/vf/Documents/ws_yolov5/install/usb_cam/share/usb_cam/package.sh'
[6.954s] INFO:colcon.colcon_core.shell:Creating package script '/home/vf/Documents/ws_yolov5/install/usb_cam/share/usb_cam/package.bash'
[6.954s] INFO:colcon.colcon_core.shell:Creating package script '/home/vf/Documents/ws_yolov5/install/usb_cam/share/usb_cam/package.zsh'
[6.955s] Level 1:colcon.colcon_core.environment:create_file_with_runtime_dependencies(/home/vf/Documents/ws_yolov5/install/usb_cam/share/colcon-core/packages/usb_cam)
[6.955s] DEBUG:colcon.colcon_parallel_executor.executor.parallel:closing loop
[6.955s] DEBUG:colcon.colcon_parallel_executor.executor.parallel:loop closed
[6.956s] DEBUG:colcon.colcon_parallel_executor.executor.parallel:run_until_complete finished with '0'
[6.956s] DEBUG:colcon.colcon_core.event_reactor:joining thread
[6.961s] INFO:colcon.colcon_core.plugin_system:Skipping extension 'colcon_notification.desktop_notification.terminal_notifier': Not used on non-Darwin systems
[6.961s] INFO:colcon.colcon_core.plugin_system:Skipping extension 'colcon_notification.desktop_notification.win32': Not used on non-Windows systems
[6.961s] INFO:colcon.colcon_notification.desktop_notification:Sending desktop notification using 'notify2'
[6.971s] DEBUG:colcon.colcon_core.event_reactor:joined thread
[6.971s] INFO:colcon.colcon_core.shell:Creating prefix script '/home/vf/Documents/ws_yolov5/install/local_setup.ps1'
[6.972s] INFO:colcon.colcon_core.shell:Creating prefix util module '/home/vf/Documents/ws_yolov5/install/_local_setup_util_ps1.py'
[6.974s] INFO:colcon.colcon_core.shell:Creating prefix chain script '/home/vf/Documents/ws_yolov5/install/setup.ps1'
[6.975s] INFO:colcon.colcon_core.shell:Creating prefix script '/home/vf/Documents/ws_yolov5/install/local_setup.sh'
[6.976s] INFO:colcon.colcon_core.shell:Creating prefix util module '/home/vf/Documents/ws_yolov5/install/_local_setup_util_sh.py'
[6.976s] INFO:colcon.colcon_core.shell:Creating prefix chain script '/home/vf/Documents/ws_yolov5/install/setup.sh'
[6.977s] INFO:colcon.colcon_core.shell:Creating prefix script '/home/vf/Documents/ws_yolov5/install/local_setup.bash'
[6.978s] INFO:colcon.colcon_core.shell:Creating prefix chain script '/home/vf/Documents/ws_yolov5/install/setup.bash'
[6.978s] INFO:colcon.colcon_core.shell:Creating prefix script '/home/vf/Documents/ws_yolov5/install/local_setup.zsh'
[6.979s] INFO:colcon.colcon_core.shell:Creating prefix chain script '/home/vf/Documents/ws_yolov5/install/setup.zsh'
