-- Found ament_cmake: 0.9.12 (/opt/ros/foxy/share/ament_cmake/cmake)
-- Found PythonInterp: /usr/bin/python3 (found suitable version "3.8.10", minimum required is "3") 
-- Using PYTHON_EXECUTABLE: /usr/bin/python3
-- Override CMake install command with custom implementation using symlinks instead of copying resources
-- Found builtin_interfaces: 1.0.0 (/opt/ros/foxy/share/builtin_interfaces/cmake)
-- Using all available rosidl_typesupport_c: rosidl_typesupport_fastrtps_c;rosidl_typesupport_introspection_c
-- Found rosidl_adapter: 1.3.1 (/opt/ros/foxy/share/rosidl_adapter/cmake)
-- Using all available rosidl_typesupport_cpp: rosidl_typesupport_fastrtps_cpp;rosidl_typesupport_introspection_cpp
-- Found std_msgs: 2.0.5 (/opt/ros/foxy/share/std_msgs/cmake)
-- Found rosidl_default_generators: 1.0.1 (/opt/ros/foxy/share/rosidl_default_generators/cmake)
-- Found PythonInterp: /usr/bin/python3 (found version "3.8.10") 
-- Found ament_cmake_ros: 0.9.2 (/opt/ros/foxy/share/ament_cmake_ros/cmake)
-- Using all available rosidl_typesupport_c: rosidl_typesupport_fastrtps_c;rosidl_typesupport_introspection_c
-- Using all available rosidl_typesupport_cpp: rosidl_typesupport_fastrtps_cpp;rosidl_typesupport_introspection_cpp
-- Found PythonInterp: /usr/bin/python3 (found suitable version "3.8.10", minimum required is "3.5") 
-- Found python_cmake_module: 0.8.1 (/opt/ros/foxy/share/python_cmake_module/cmake)
-- Using PYTHON_EXECUTABLE: /usr/bin/python3
-- Using PYTHON_INCLUDE_DIRS: /usr/include/python3.8
-- Using PYTHON_LIBRARIES: /usr/lib/x86_64-linux-gnu/libpython3.8.so
-- Configuring done
-- Generating done
-- Build files have been written to: /home/vf/Documents/ws_yolov5/build/bboxes_ex_msgs
[  2%] Built target bboxes_ex_msgs__cpp
[ 12%] Built target bboxes_ex_msgs__rosidl_generator_c
[ 23%] Built target bboxes_ex_msgs__rosidl_typesupport_cpp
[ 33%] Built target bboxes_ex_msgs__rosidl_typesupport_c
[ 43%] Built target bboxes_ex_msgs__rosidl_typesupport_introspection_c
[ 53%] Built target bboxes_ex_msgs__rosidl_typesupport_introspection_cpp
[ 64%] Built target bboxes_ex_msgs__rosidl_typesupport_fastrtps_cpp
[ 74%] Built target bboxes_ex_msgs__rosidl_typesupport_fastrtps_c
[ 74%] Built target bboxes_ex_msgs
[ 76%] Built target bboxes_ex_msgs__py
[ 84%] Built target bboxes_ex_msgs__python
[ 94%] Built target bboxes_ex_msgs__rosidl_typesupport_c__pyext
[ 94%] Built target bboxes_ex_msgs__rosidl_typesupport_introspection_c__pyext
[100%] Built target bboxes_ex_msgs__rosidl_typesupport_fastrtps_c__pyext
-- Install configuration: ""
-- Execute custom install script
-- Up-to-date symlink: /home/vf/Documents/ws_yolov5/install/bboxes_ex_msgs/share/ament_index/resource_index/rosidl_interfaces/bboxes_ex_msgs
-- Up-to-date symlink: /home/vf/Documents/ws_yolov5/install/bboxes_ex_msgs/include/bboxes_ex_msgs/msg/bounding_box.h
-- Up-to-date symlink: /home/vf/Documents/ws_yolov5/install/bboxes_ex_msgs/include/bboxes_ex_msgs/msg/bounding_boxes.h
-- Up-to-date symlink: /home/vf/Documents/ws_yolov5/install/bboxes_ex_msgs/include/bboxes_ex_msgs/msg/detail/bounding_box__functions.h
-- Up-to-date symlink: /home/vf/Documents/ws_yolov5/install/bboxes_ex_msgs/include/bboxes_ex_msgs/msg/detail/bounding_box__struct.h
-- Up-to-date symlink: /home/vf/Documents/ws_yolov5/install/bboxes_ex_msgs/include/bboxes_ex_msgs/msg/detail/bounding_box__type_support.h
-- Up-to-date symlink: /home/vf/Documents/ws_yolov5/install/bboxes_ex_msgs/include/bboxes_ex_msgs/msg/detail/bounding_boxes__functions.h
-- Up-to-date symlink: /home/vf/Documents/ws_yolov5/install/bboxes_ex_msgs/include/bboxes_ex_msgs/msg/detail/bounding_boxes__struct.h
-- Up-to-date symlink: /home/vf/Documents/ws_yolov5/install/bboxes_ex_msgs/include/bboxes_ex_msgs/msg/detail/bounding_boxes__type_support.h
-- Up-to-date symlink: /home/vf/Documents/ws_yolov5/install/bboxes_ex_msgs/include/bboxes_ex_msgs/msg/rosidl_generator_c__visibility_control.h
-- Up-to-date symlink: /home/vf/Documents/ws_yolov5/install/bboxes_ex_msgs/share/bboxes_ex_msgs/environment/library_path.sh
-- Up-to-date symlink: /home/vf/Documents/ws_yolov5/install/bboxes_ex_msgs/share/bboxes_ex_msgs/environment/library_path.dsv
-- Up-to-date symlink: /home/vf/Documents/ws_yolov5/install/bboxes_ex_msgs/include/bboxes_ex_msgs/msg/detail/bounding_box__rosidl_typesupport_fastrtps_c.h
-- Up-to-date symlink: /home/vf/Documents/ws_yolov5/install/bboxes_ex_msgs/include/bboxes_ex_msgs/msg/detail/bounding_boxes__rosidl_typesupport_fastrtps_c.h
-- Up-to-date symlink: /home/vf/Documents/ws_yolov5/install/bboxes_ex_msgs/include/bboxes_ex_msgs/msg/rosidl_typesupport_fastrtps_c__visibility_control.h
-- Up-to-date symlink: /home/vf/Documents/ws_yolov5/install/bboxes_ex_msgs/lib/libbboxes_ex_msgs__rosidl_typesupport_fastrtps_c.so
-- Up-to-date symlink: /home/vf/Documents/ws_yolov5/install/bboxes_ex_msgs/include/bboxes_ex_msgs/msg/detail/bounding_box__rosidl_typesupport_fastrtps_cpp.hpp
-- Up-to-date symlink: /home/vf/Documents/ws_yolov5/install/bboxes_ex_msgs/include/bboxes_ex_msgs/msg/detail/bounding_boxes__rosidl_typesupport_fastrtps_cpp.hpp
-- Up-to-date symlink: /home/vf/Documents/ws_yolov5/install/bboxes_ex_msgs/include/bboxes_ex_msgs/msg/rosidl_typesupport_fastrtps_cpp__visibility_control.h
-- Up-to-date symlink: /home/vf/Documents/ws_yolov5/install/bboxes_ex_msgs/lib/libbboxes_ex_msgs__rosidl_typesupport_fastrtps_cpp.so
-- Up-to-date symlink: /home/vf/Documents/ws_yolov5/install/bboxes_ex_msgs/include/bboxes_ex_msgs/msg/detail/bounding_box__rosidl_typesupport_introspection_c.h
-- Up-to-date symlink: /home/vf/Documents/ws_yolov5/install/bboxes_ex_msgs/include/bboxes_ex_msgs/msg/detail/bounding_boxes__rosidl_typesupport_introspection_c.h
-- Up-to-date symlink: /home/vf/Documents/ws_yolov5/install/bboxes_ex_msgs/include/bboxes_ex_msgs/msg/rosidl_typesupport_introspection_c__visibility_control.h
-- Up-to-date symlink: /home/vf/Documents/ws_yolov5/install/bboxes_ex_msgs/include/bboxes_ex_msgs/msg/bounding_box.hpp
-- Up-to-date symlink: /home/vf/Documents/ws_yolov5/install/bboxes_ex_msgs/include/bboxes_ex_msgs/msg/bounding_boxes.hpp
-- Up-to-date symlink: /home/vf/Documents/ws_yolov5/install/bboxes_ex_msgs/include/bboxes_ex_msgs/msg/detail/bounding_box__builder.hpp
-- Up-to-date symlink: /home/vf/Documents/ws_yolov5/install/bboxes_ex_msgs/include/bboxes_ex_msgs/msg/detail/bounding_box__struct.hpp
-- Up-to-date symlink: /home/vf/Documents/ws_yolov5/install/bboxes_ex_msgs/include/bboxes_ex_msgs/msg/detail/bounding_box__traits.hpp
-- Up-to-date symlink: /home/vf/Documents/ws_yolov5/install/bboxes_ex_msgs/include/bboxes_ex_msgs/msg/detail/bounding_box__type_support.hpp
-- Up-to-date symlink: /home/vf/Documents/ws_yolov5/install/bboxes_ex_msgs/include/bboxes_ex_msgs/msg/detail/bounding_boxes__builder.hpp
-- Up-to-date symlink: /home/vf/Documents/ws_yolov5/install/bboxes_ex_msgs/include/bboxes_ex_msgs/msg/detail/bounding_boxes__struct.hpp
-- Up-to-date symlink: /home/vf/Documents/ws_yolov5/install/bboxes_ex_msgs/include/bboxes_ex_msgs/msg/detail/bounding_boxes__traits.hpp
-- Up-to-date symlink: /home/vf/Documents/ws_yolov5/install/bboxes_ex_msgs/include/bboxes_ex_msgs/msg/detail/bounding_boxes__type_support.hpp
-- Up-to-date symlink: /home/vf/Documents/ws_yolov5/install/bboxes_ex_msgs/include/bboxes_ex_msgs/msg/rosidl_generator_cpp__visibility_control.hpp
-- Up-to-date symlink: /home/vf/Documents/ws_yolov5/install/bboxes_ex_msgs/include/bboxes_ex_msgs/msg/detail/bounding_box__rosidl_typesupport_introspection_cpp.hpp
-- Up-to-date symlink: /home/vf/Documents/ws_yolov5/install/bboxes_ex_msgs/include/bboxes_ex_msgs/msg/detail/bounding_boxes__rosidl_typesupport_introspection_cpp.hpp
-- Up-to-date symlink: /home/vf/Documents/ws_yolov5/install/bboxes_ex_msgs/share/bboxes_ex_msgs/environment/pythonpath.sh
-- Up-to-date symlink: /home/vf/Documents/ws_yolov5/install/bboxes_ex_msgs/share/bboxes_ex_msgs/environment/pythonpath.dsv
-- Up-to-date symlink: /home/vf/Documents/ws_yolov5/install/bboxes_ex_msgs/lib/python3.8/site-packages/bboxes_ex_msgs/__init__.py
-- Up-to-date symlink: /home/vf/Documents/ws_yolov5/install/bboxes_ex_msgs/lib/python3.8/site-packages/bboxes_ex_msgs/msg/__init__.py
-- Up-to-date symlink: /home/vf/Documents/ws_yolov5/install/bboxes_ex_msgs/lib/python3.8/site-packages/bboxes_ex_msgs/msg/_bounding_box.py
-- Up-to-date symlink: /home/vf/Documents/ws_yolov5/install/bboxes_ex_msgs/lib/python3.8/site-packages/bboxes_ex_msgs/msg/_bounding_boxes.py
-- Up-to-date symlink: /home/vf/Documents/ws_yolov5/install/bboxes_ex_msgs/lib/python3.8/site-packages/bboxes_ex_msgs/bboxes_ex_msgs_s__rosidl_typesupport_fastrtps_c.cpython-38-x86_64-linux-gnu.so
-- Up-to-date symlink: /home/vf/Documents/ws_yolov5/install/bboxes_ex_msgs/lib/python3.8/site-packages/bboxes_ex_msgs/bboxes_ex_msgs_s__rosidl_typesupport_introspection_c.cpython-38-x86_64-linux-gnu.so
-- Up-to-date symlink: /home/vf/Documents/ws_yolov5/install/bboxes_ex_msgs/lib/python3.8/site-packages/bboxes_ex_msgs/bboxes_ex_msgs_s__rosidl_typesupport_c.cpython-38-x86_64-linux-gnu.so
-- Up-to-date symlink: /home/vf/Documents/ws_yolov5/install/bboxes_ex_msgs/lib/libbboxes_ex_msgs__python.so
-- Up-to-date symlink: /home/vf/Documents/ws_yolov5/install/bboxes_ex_msgs/share/bboxes_ex_msgs/msg/BoundingBox.idl
-- Up-to-date symlink: /home/vf/Documents/ws_yolov5/install/bboxes_ex_msgs/share/bboxes_ex_msgs/msg/BoundingBoxes.idl
-- Up-to-date symlink: /home/vf/Documents/ws_yolov5/install/bboxes_ex_msgs/share/bboxes_ex_msgs/msg/BoundingBox.msg
-- Up-to-date symlink: /home/vf/Documents/ws_yolov5/install/bboxes_ex_msgs/share/bboxes_ex_msgs/msg/BoundingBoxes.msg
-- Up-to-date symlink: /home/vf/Documents/ws_yolov5/install/bboxes_ex_msgs/share/ament_index/resource_index/package_run_dependencies/bboxes_ex_msgs
-- Up-to-date symlink: /home/vf/Documents/ws_yolov5/install/bboxes_ex_msgs/share/ament_index/resource_index/parent_prefix_path/bboxes_ex_msgs
-- Up-to-date symlink: /home/vf/Documents/ws_yolov5/install/bboxes_ex_msgs/share/bboxes_ex_msgs/environment/ament_prefix_path.sh
-- Up-to-date symlink: /home/vf/Documents/ws_yolov5/install/bboxes_ex_msgs/share/bboxes_ex_msgs/environment/ament_prefix_path.dsv
-- Up-to-date symlink: /home/vf/Documents/ws_yolov5/install/bboxes_ex_msgs/share/bboxes_ex_msgs/environment/path.sh
-- Up-to-date symlink: /home/vf/Documents/ws_yolov5/install/bboxes_ex_msgs/share/bboxes_ex_msgs/environment/path.dsv
-- Up-to-date symlink: /home/vf/Documents/ws_yolov5/install/bboxes_ex_msgs/share/bboxes_ex_msgs/local_setup.bash
-- Up-to-date symlink: /home/vf/Documents/ws_yolov5/install/bboxes_ex_msgs/share/bboxes_ex_msgs/local_setup.sh
-- Up-to-date symlink: /home/vf/Documents/ws_yolov5/install/bboxes_ex_msgs/share/bboxes_ex_msgs/local_setup.zsh
-- Up-to-date symlink: /home/vf/Documents/ws_yolov5/install/bboxes_ex_msgs/share/bboxes_ex_msgs/local_setup.dsv
-- Symlinking: /home/vf/Documents/ws_yolov5/install/bboxes_ex_msgs/share/bboxes_ex_msgs/package.dsv
-- Up-to-date symlink: /home/vf/Documents/ws_yolov5/install/bboxes_ex_msgs/share/ament_index/resource_index/packages/bboxes_ex_msgs
-- Up-to-date symlink: /home/vf/Documents/ws_yolov5/install/bboxes_ex_msgs/share/bboxes_ex_msgs/cmake/rosidl_cmake-extras.cmake
-- Up-to-date symlink: /home/vf/Documents/ws_yolov5/install/bboxes_ex_msgs/share/bboxes_ex_msgs/cmake/ament_cmake_export_dependencies-extras.cmake
-- Up-to-date symlink: /home/vf/Documents/ws_yolov5/install/bboxes_ex_msgs/share/bboxes_ex_msgs/cmake/ament_cmake_export_libraries-extras.cmake
-- Up-to-date symlink: /home/vf/Documents/ws_yolov5/install/bboxes_ex_msgs/share/bboxes_ex_msgs/cmake/ament_cmake_export_targets-extras.cmake
-- Up-to-date symlink: /home/vf/Documents/ws_yolov5/install/bboxes_ex_msgs/share/bboxes_ex_msgs/cmake/ament_cmake_export_include_directories-extras.cmake
-- Up-to-date symlink: /home/vf/Documents/ws_yolov5/install/bboxes_ex_msgs/share/bboxes_ex_msgs/cmake/rosidl_cmake_export_typesupport_libraries-extras.cmake
-- Up-to-date symlink: /home/vf/Documents/ws_yolov5/install/bboxes_ex_msgs/share/bboxes_ex_msgs/cmake/rosidl_cmake_export_typesupport_targets-extras.cmake
-- Up-to-date symlink: /home/vf/Documents/ws_yolov5/install/bboxes_ex_msgs/share/bboxes_ex_msgs/cmake/bboxes_ex_msgsConfig.cmake
-- Up-to-date symlink: /home/vf/Documents/ws_yolov5/install/bboxes_ex_msgs/share/bboxes_ex_msgs/cmake/bboxes_ex_msgsConfig-version.cmake
-- Up-to-date symlink: /home/vf/Documents/ws_yolov5/install/bboxes_ex_msgs/share/bboxes_ex_msgs/package.xml
-- Up-to-date: /home/vf/Documents/ws_yolov5/install/bboxes_ex_msgs/lib/libbboxes_ex_msgs__rosidl_generator_c.so
-- Up-to-date: /home/vf/Documents/ws_yolov5/install/bboxes_ex_msgs/lib/libbboxes_ex_msgs__rosidl_typesupport_introspection_c.so
-- Up-to-date: /home/vf/Documents/ws_yolov5/install/bboxes_ex_msgs/lib/libbboxes_ex_msgs__rosidl_typesupport_c.so
-- Up-to-date: /home/vf/Documents/ws_yolov5/install/bboxes_ex_msgs/lib/libbboxes_ex_msgs__rosidl_typesupport_introspection_cpp.so
-- Up-to-date: /home/vf/Documents/ws_yolov5/install/bboxes_ex_msgs/lib/libbboxes_ex_msgs__rosidl_typesupport_cpp.so
Compiling '/home/vf/Documents/ws_yolov5/install/bboxes_ex_msgs/lib/python3.8/site-packages/bboxes_ex_msgs/__init__.py'...
-- Up-to-date: /home/vf/Documents/ws_yolov5/install/bboxes_ex_msgs/share/bboxes_ex_msgs/cmake/bboxes_ex_msgs__rosidl_generator_cExport.cmake
-- Installing: /home/vf/Documents/ws_yolov5/install/bboxes_ex_msgs/share/bboxes_ex_msgs/cmake/bboxes_ex_msgs__rosidl_generator_cExport-noconfig.cmake
-- Up-to-date: /home/vf/Documents/ws_yolov5/install/bboxes_ex_msgs/share/bboxes_ex_msgs/cmake/bboxes_ex_msgs__rosidl_typesupport_introspection_cExport.cmake
-- Installing: /home/vf/Documents/ws_yolov5/install/bboxes_ex_msgs/share/bboxes_ex_msgs/cmake/bboxes_ex_msgs__rosidl_typesupport_introspection_cExport-noconfig.cmake
-- Up-to-date: /home/vf/Documents/ws_yolov5/install/bboxes_ex_msgs/share/bboxes_ex_msgs/cmake/bboxes_ex_msgs__rosidl_typesupport_cExport.cmake
-- Installing: /home/vf/Documents/ws_yolov5/install/bboxes_ex_msgs/share/bboxes_ex_msgs/cmake/bboxes_ex_msgs__rosidl_typesupport_cExport-noconfig.cmake
-- Up-to-date: /home/vf/Documents/ws_yolov5/install/bboxes_ex_msgs/share/bboxes_ex_msgs/cmake/bboxes_ex_msgs__rosidl_generator_cppExport.cmake
-- Up-to-date: /home/vf/Documents/ws_yolov5/install/bboxes_ex_msgs/share/bboxes_ex_msgs/cmake/bboxes_ex_msgs__rosidl_typesupport_introspection_cppExport.cmake
-- Installing: /home/vf/Documents/ws_yolov5/install/bboxes_ex_msgs/share/bboxes_ex_msgs/cmake/bboxes_ex_msgs__rosidl_typesupport_introspection_cppExport-noconfig.cmake
-- Up-to-date: /home/vf/Documents/ws_yolov5/install/bboxes_ex_msgs/share/bboxes_ex_msgs/cmake/bboxes_ex_msgs__rosidl_typesupport_cppExport.cmake
-- Installing: /home/vf/Documents/ws_yolov5/install/bboxes_ex_msgs/share/bboxes_ex_msgs/cmake/bboxes_ex_msgs__rosidl_typesupport_cppExport-noconfig.cmake
