[0.018s] Invoking command in '/home/vf/Documents/ws_yolov5/build/bboxes_ex_msgs': CMAKE_PREFIX_PATH=/opt/ros/foxy /usr/bin/cmake /home/vf/Documents/ws_yolov5/src/bbox_ex_msgs -DCMAKE_INSTALL_PREFIX=/home/vf/Documents/ws_yolov5/install/bboxes_ex_msgs
[0.040s] -- Found ament_cmake: 0.9.12 (/opt/ros/foxy/share/ament_cmake/cmake)
[0.057s] -- Found PythonInterp: /usr/bin/python3 (found suitable version "3.8.10", minimum required is "3") 
[0.057s] -- Using PYTHON_EXECUTABLE: /usr/bin/python3
[0.222s] -- Override CMake install command with custom implementation using symlinks instead of copying resources
[0.231s] -- Found builtin_interfaces: 1.0.0 (/opt/ros/foxy/share/builtin_interfaces/cmake)
[0.248s] -- Using all available rosidl_typesupport_c: rosidl_typesupport_fastrtps_c;rosidl_typesupport_introspection_c
[0.251s] -- Found rosidl_adapter: 1.3.1 (/opt/ros/foxy/share/rosidl_adapter/cmake)
[0.357s] -- Using all available rosidl_typesupport_cpp: rosidl_typesupport_fastrtps_cpp;rosidl_typesupport_introspection_cpp
[0.381s] -- Found std_msgs: 2.0.5 (/opt/ros/foxy/share/std_msgs/cmake)
[0.396s] -- Found rosidl_default_generators: 1.0.1 (/opt/ros/foxy/share/rosidl_default_generators/cmake)
[0.422s] -- Found PythonInterp: /usr/bin/python3 (found version "3.8.10") 
[0.547s] -- Found ament_cmake_ros: 0.9.2 (/opt/ros/foxy/share/ament_cmake_ros/cmake)
[0.676s] -- Using all available rosidl_typesupport_c: rosidl_typesupport_fastrtps_c;rosidl_typesupport_introspection_c
[0.722s] -- Using all available rosidl_typesupport_cpp: rosidl_typesupport_fastrtps_cpp;rosidl_typesupport_introspection_cpp
[0.740s] -- Found PythonInterp: /usr/bin/python3 (found suitable version "3.8.10", minimum required is "3.5") 
[0.740s] -- Found python_cmake_module: 0.8.1 (/opt/ros/foxy/share/python_cmake_module/cmake)
[0.758s] -- Using PYTHON_EXECUTABLE: /usr/bin/python3
[0.758s] -- Using PYTHON_INCLUDE_DIRS: /usr/include/python3.8
[0.758s] -- Using PYTHON_LIBRARIES: /usr/lib/x86_64-linux-gnu/libpython3.8.so
[0.809s] -- Configuring done
[0.855s] -- Generating done
[0.867s] -- Build files have been written to: /home/vf/Documents/ws_yolov5/build/bboxes_ex_msgs
[0.874s] Invoked command in '/home/vf/Documents/ws_yolov5/build/bboxes_ex_msgs' returned '0': CMAKE_PREFIX_PATH=/opt/ros/foxy /usr/bin/cmake /home/vf/Documents/ws_yolov5/src/bbox_ex_msgs -DCMAKE_INSTALL_PREFIX=/home/vf/Documents/ws_yolov5/install/bboxes_ex_msgs
[0.878s] Invoking command in '/home/vf/Documents/ws_yolov5/build/bboxes_ex_msgs': CMAKE_PREFIX_PATH=/opt/ros/foxy /usr/bin/cmake --build /home/vf/Documents/ws_yolov5/build/bboxes_ex_msgs -- -j12 -l12
[0.922s] [  2%] Built target bboxes_ex_msgs__cpp
[0.925s] [ 12%] Built target bboxes_ex_msgs__rosidl_generator_c
[0.947s] [ 23%] Built target bboxes_ex_msgs__rosidl_typesupport_cpp
[0.947s] [ 33%] Built target bboxes_ex_msgs__rosidl_typesupport_c
[0.950s] [ 43%] Built target bboxes_ex_msgs__rosidl_typesupport_introspection_c
[0.951s] [ 53%] Built target bboxes_ex_msgs__rosidl_typesupport_introspection_cpp
[0.951s] [ 64%] Built target bboxes_ex_msgs__rosidl_typesupport_fastrtps_cpp
[0.975s] [ 74%] Built target bboxes_ex_msgs__rosidl_typesupport_fastrtps_c
[0.998s] [ 74%] Built target bboxes_ex_msgs
[1.014s] [ 76%] Built target bboxes_ex_msgs__py
[1.039s] [ 84%] Built target bboxes_ex_msgs__python
[1.066s] [ 94%] Built target bboxes_ex_msgs__rosidl_typesupport_c__pyext
[1.067s] [ 94%] Built target bboxes_ex_msgs__rosidl_typesupport_introspection_c__pyext
[1.068s] [100%] Built target bboxes_ex_msgs__rosidl_typesupport_fastrtps_c__pyext
[1.081s] Invoked command in '/home/vf/Documents/ws_yolov5/build/bboxes_ex_msgs' returned '0': CMAKE_PREFIX_PATH=/opt/ros/foxy /usr/bin/cmake --build /home/vf/Documents/ws_yolov5/build/bboxes_ex_msgs -- -j12 -l12
[1.084s] Invoking command in '/home/vf/Documents/ws_yolov5/build/bboxes_ex_msgs': CMAKE_PREFIX_PATH=/opt/ros/foxy /usr/bin/cmake --install /home/vf/Documents/ws_yolov5/build/bboxes_ex_msgs
[1.094s] -- Install configuration: ""
[1.094s] -- Execute custom install script
[1.094s] -- Up-to-date symlink: /home/vf/Documents/ws_yolov5/install/bboxes_ex_msgs/share/ament_index/resource_index/rosidl_interfaces/bboxes_ex_msgs
[1.095s] -- Up-to-date symlink: /home/vf/Documents/ws_yolov5/install/bboxes_ex_msgs/include/bboxes_ex_msgs/msg/bounding_box.h
[1.095s] -- Up-to-date symlink: /home/vf/Documents/ws_yolov5/install/bboxes_ex_msgs/include/bboxes_ex_msgs/msg/bounding_boxes.h
[1.095s] -- Up-to-date symlink: /home/vf/Documents/ws_yolov5/install/bboxes_ex_msgs/include/bboxes_ex_msgs/msg/detail/bounding_box__functions.h
[1.095s] -- Up-to-date symlink: /home/vf/Documents/ws_yolov5/install/bboxes_ex_msgs/include/bboxes_ex_msgs/msg/detail/bounding_box__struct.h
[1.095s] -- Up-to-date symlink: /home/vf/Documents/ws_yolov5/install/bboxes_ex_msgs/include/bboxes_ex_msgs/msg/detail/bounding_box__type_support.h
[1.095s] -- Up-to-date symlink: /home/vf/Documents/ws_yolov5/install/bboxes_ex_msgs/include/bboxes_ex_msgs/msg/detail/bounding_boxes__functions.h
[1.096s] -- Up-to-date symlink: /home/vf/Documents/ws_yolov5/install/bboxes_ex_msgs/include/bboxes_ex_msgs/msg/detail/bounding_boxes__struct.h
[1.096s] -- Up-to-date symlink: /home/vf/Documents/ws_yolov5/install/bboxes_ex_msgs/include/bboxes_ex_msgs/msg/detail/bounding_boxes__type_support.h
[1.096s] -- Up-to-date symlink: /home/vf/Documents/ws_yolov5/install/bboxes_ex_msgs/include/bboxes_ex_msgs/msg/rosidl_generator_c__visibility_control.h
[1.096s] -- Up-to-date symlink: /home/vf/Documents/ws_yolov5/install/bboxes_ex_msgs/share/bboxes_ex_msgs/environment/library_path.sh
[1.096s] -- Up-to-date symlink: /home/vf/Documents/ws_yolov5/install/bboxes_ex_msgs/share/bboxes_ex_msgs/environment/library_path.dsv
[1.097s] -- Up-to-date symlink: /home/vf/Documents/ws_yolov5/install/bboxes_ex_msgs/include/bboxes_ex_msgs/msg/detail/bounding_box__rosidl_typesupport_fastrtps_c.h
[1.097s] -- Up-to-date symlink: /home/vf/Documents/ws_yolov5/install/bboxes_ex_msgs/include/bboxes_ex_msgs/msg/detail/bounding_boxes__rosidl_typesupport_fastrtps_c.h
[1.097s] -- Up-to-date symlink: /home/vf/Documents/ws_yolov5/install/bboxes_ex_msgs/include/bboxes_ex_msgs/msg/rosidl_typesupport_fastrtps_c__visibility_control.h
[1.097s] -- Up-to-date symlink: /home/vf/Documents/ws_yolov5/install/bboxes_ex_msgs/lib/libbboxes_ex_msgs__rosidl_typesupport_fastrtps_c.so
[1.098s] -- Up-to-date symlink: /home/vf/Documents/ws_yolov5/install/bboxes_ex_msgs/include/bboxes_ex_msgs/msg/detail/bounding_box__rosidl_typesupport_fastrtps_cpp.hpp
[1.098s] -- Up-to-date symlink: /home/vf/Documents/ws_yolov5/install/bboxes_ex_msgs/include/bboxes_ex_msgs/msg/detail/bounding_boxes__rosidl_typesupport_fastrtps_cpp.hpp
[1.098s] -- Up-to-date symlink: /home/vf/Documents/ws_yolov5/install/bboxes_ex_msgs/include/bboxes_ex_msgs/msg/rosidl_typesupport_fastrtps_cpp__visibility_control.h
[1.098s] -- Up-to-date symlink: /home/vf/Documents/ws_yolov5/install/bboxes_ex_msgs/lib/libbboxes_ex_msgs__rosidl_typesupport_fastrtps_cpp.so
[1.099s] -- Up-to-date symlink: /home/vf/Documents/ws_yolov5/install/bboxes_ex_msgs/include/bboxes_ex_msgs/msg/detail/bounding_box__rosidl_typesupport_introspection_c.h
[1.099s] -- Up-to-date symlink: /home/vf/Documents/ws_yolov5/install/bboxes_ex_msgs/include/bboxes_ex_msgs/msg/detail/bounding_boxes__rosidl_typesupport_introspection_c.h
[1.099s] -- Up-to-date symlink: /home/vf/Documents/ws_yolov5/install/bboxes_ex_msgs/include/bboxes_ex_msgs/msg/rosidl_typesupport_introspection_c__visibility_control.h
[1.099s] -- Up-to-date symlink: /home/vf/Documents/ws_yolov5/install/bboxes_ex_msgs/include/bboxes_ex_msgs/msg/bounding_box.hpp
[1.100s] -- Up-to-date symlink: /home/vf/Documents/ws_yolov5/install/bboxes_ex_msgs/include/bboxes_ex_msgs/msg/bounding_boxes.hpp
[1.100s] -- Up-to-date symlink: /home/vf/Documents/ws_yolov5/install/bboxes_ex_msgs/include/bboxes_ex_msgs/msg/detail/bounding_box__builder.hpp
[1.100s] -- Up-to-date symlink: /home/vf/Documents/ws_yolov5/install/bboxes_ex_msgs/include/bboxes_ex_msgs/msg/detail/bounding_box__struct.hpp
[1.100s] -- Up-to-date symlink: /home/vf/Documents/ws_yolov5/install/bboxes_ex_msgs/include/bboxes_ex_msgs/msg/detail/bounding_box__traits.hpp
[1.100s] -- Up-to-date symlink: /home/vf/Documents/ws_yolov5/install/bboxes_ex_msgs/include/bboxes_ex_msgs/msg/detail/bounding_box__type_support.hpp
[1.100s] -- Up-to-date symlink: /home/vf/Documents/ws_yolov5/install/bboxes_ex_msgs/include/bboxes_ex_msgs/msg/detail/bounding_boxes__builder.hpp
[1.100s] -- Up-to-date symlink: /home/vf/Documents/ws_yolov5/install/bboxes_ex_msgs/include/bboxes_ex_msgs/msg/detail/bounding_boxes__struct.hpp
[1.101s] -- Up-to-date symlink: /home/vf/Documents/ws_yolov5/install/bboxes_ex_msgs/include/bboxes_ex_msgs/msg/detail/bounding_boxes__traits.hpp
[1.101s] -- Up-to-date symlink: /home/vf/Documents/ws_yolov5/install/bboxes_ex_msgs/include/bboxes_ex_msgs/msg/detail/bounding_boxes__type_support.hpp
[1.101s] -- Up-to-date symlink: /home/vf/Documents/ws_yolov5/install/bboxes_ex_msgs/include/bboxes_ex_msgs/msg/rosidl_generator_cpp__visibility_control.hpp
[1.101s] -- Up-to-date symlink: /home/vf/Documents/ws_yolov5/install/bboxes_ex_msgs/include/bboxes_ex_msgs/msg/detail/bounding_box__rosidl_typesupport_introspection_cpp.hpp
[1.101s] -- Up-to-date symlink: /home/vf/Documents/ws_yolov5/install/bboxes_ex_msgs/include/bboxes_ex_msgs/msg/detail/bounding_boxes__rosidl_typesupport_introspection_cpp.hpp
[1.102s] -- Up-to-date symlink: /home/vf/Documents/ws_yolov5/install/bboxes_ex_msgs/share/bboxes_ex_msgs/environment/pythonpath.sh
[1.102s] -- Up-to-date symlink: /home/vf/Documents/ws_yolov5/install/bboxes_ex_msgs/share/bboxes_ex_msgs/environment/pythonpath.dsv
[1.102s] -- Up-to-date symlink: /home/vf/Documents/ws_yolov5/install/bboxes_ex_msgs/lib/python3.8/site-packages/bboxes_ex_msgs/__init__.py
[1.102s] -- Up-to-date symlink: /home/vf/Documents/ws_yolov5/install/bboxes_ex_msgs/lib/python3.8/site-packages/bboxes_ex_msgs/msg/__init__.py
[1.103s] -- Up-to-date symlink: /home/vf/Documents/ws_yolov5/install/bboxes_ex_msgs/lib/python3.8/site-packages/bboxes_ex_msgs/msg/_bounding_box.py
[1.103s] -- Up-to-date symlink: /home/vf/Documents/ws_yolov5/install/bboxes_ex_msgs/lib/python3.8/site-packages/bboxes_ex_msgs/msg/_bounding_boxes.py
[1.103s] -- Up-to-date symlink: /home/vf/Documents/ws_yolov5/install/bboxes_ex_msgs/lib/python3.8/site-packages/bboxes_ex_msgs/bboxes_ex_msgs_s__rosidl_typesupport_fastrtps_c.cpython-38-x86_64-linux-gnu.so
[1.103s] -- Up-to-date symlink: /home/vf/Documents/ws_yolov5/install/bboxes_ex_msgs/lib/python3.8/site-packages/bboxes_ex_msgs/bboxes_ex_msgs_s__rosidl_typesupport_introspection_c.cpython-38-x86_64-linux-gnu.so
[1.103s] -- Up-to-date symlink: /home/vf/Documents/ws_yolov5/install/bboxes_ex_msgs/lib/python3.8/site-packages/bboxes_ex_msgs/bboxes_ex_msgs_s__rosidl_typesupport_c.cpython-38-x86_64-linux-gnu.so
[1.104s] -- Up-to-date symlink: /home/vf/Documents/ws_yolov5/install/bboxes_ex_msgs/lib/libbboxes_ex_msgs__python.so
[1.104s] -- Up-to-date symlink: /home/vf/Documents/ws_yolov5/install/bboxes_ex_msgs/share/bboxes_ex_msgs/msg/BoundingBox.idl
[1.104s] -- Up-to-date symlink: /home/vf/Documents/ws_yolov5/install/bboxes_ex_msgs/share/bboxes_ex_msgs/msg/BoundingBoxes.idl
[1.104s] -- Up-to-date symlink: /home/vf/Documents/ws_yolov5/install/bboxes_ex_msgs/share/bboxes_ex_msgs/msg/BoundingBox.msg
[1.104s] -- Up-to-date symlink: /home/vf/Documents/ws_yolov5/install/bboxes_ex_msgs/share/bboxes_ex_msgs/msg/BoundingBoxes.msg
[1.105s] -- Up-to-date symlink: /home/vf/Documents/ws_yolov5/install/bboxes_ex_msgs/share/ament_index/resource_index/package_run_dependencies/bboxes_ex_msgs
[1.105s] -- Up-to-date symlink: /home/vf/Documents/ws_yolov5/install/bboxes_ex_msgs/share/ament_index/resource_index/parent_prefix_path/bboxes_ex_msgs
[1.105s] -- Up-to-date symlink: /home/vf/Documents/ws_yolov5/install/bboxes_ex_msgs/share/bboxes_ex_msgs/environment/ament_prefix_path.sh
[1.105s] -- Up-to-date symlink: /home/vf/Documents/ws_yolov5/install/bboxes_ex_msgs/share/bboxes_ex_msgs/environment/ament_prefix_path.dsv
[1.105s] -- Up-to-date symlink: /home/vf/Documents/ws_yolov5/install/bboxes_ex_msgs/share/bboxes_ex_msgs/environment/path.sh
[1.105s] -- Up-to-date symlink: /home/vf/Documents/ws_yolov5/install/bboxes_ex_msgs/share/bboxes_ex_msgs/environment/path.dsv
[1.106s] -- Up-to-date symlink: /home/vf/Documents/ws_yolov5/install/bboxes_ex_msgs/share/bboxes_ex_msgs/local_setup.bash
[1.106s] -- Up-to-date symlink: /home/vf/Documents/ws_yolov5/install/bboxes_ex_msgs/share/bboxes_ex_msgs/local_setup.sh
[1.106s] -- Up-to-date symlink: /home/vf/Documents/ws_yolov5/install/bboxes_ex_msgs/share/bboxes_ex_msgs/local_setup.zsh
[1.106s] -- Up-to-date symlink: /home/vf/Documents/ws_yolov5/install/bboxes_ex_msgs/share/bboxes_ex_msgs/local_setup.dsv
[1.106s] -- Symlinking: /home/vf/Documents/ws_yolov5/install/bboxes_ex_msgs/share/bboxes_ex_msgs/package.dsv
[1.114s] -- Up-to-date symlink: /home/vf/Documents/ws_yolov5/install/bboxes_ex_msgs/share/ament_index/resource_index/packages/bboxes_ex_msgs
[1.114s] -- Up-to-date symlink: /home/vf/Documents/ws_yolov5/install/bboxes_ex_msgs/share/bboxes_ex_msgs/cmake/rosidl_cmake-extras.cmake
[1.115s] -- Up-to-date symlink: /home/vf/Documents/ws_yolov5/install/bboxes_ex_msgs/share/bboxes_ex_msgs/cmake/ament_cmake_export_dependencies-extras.cmake
[1.115s] -- Up-to-date symlink: /home/vf/Documents/ws_yolov5/install/bboxes_ex_msgs/share/bboxes_ex_msgs/cmake/ament_cmake_export_libraries-extras.cmake
[1.115s] -- Up-to-date symlink: /home/vf/Documents/ws_yolov5/install/bboxes_ex_msgs/share/bboxes_ex_msgs/cmake/ament_cmake_export_targets-extras.cmake
[1.116s] -- Up-to-date symlink: /home/vf/Documents/ws_yolov5/install/bboxes_ex_msgs/share/bboxes_ex_msgs/cmake/ament_cmake_export_include_directories-extras.cmake
[1.116s] -- Up-to-date symlink: /home/vf/Documents/ws_yolov5/install/bboxes_ex_msgs/share/bboxes_ex_msgs/cmake/rosidl_cmake_export_typesupport_libraries-extras.cmake
[1.116s] -- Up-to-date symlink: /home/vf/Documents/ws_yolov5/install/bboxes_ex_msgs/share/bboxes_ex_msgs/cmake/rosidl_cmake_export_typesupport_targets-extras.cmake
[1.116s] -- Up-to-date symlink: /home/vf/Documents/ws_yolov5/install/bboxes_ex_msgs/share/bboxes_ex_msgs/cmake/bboxes_ex_msgsConfig.cmake
[1.117s] -- Up-to-date symlink: /home/vf/Documents/ws_yolov5/install/bboxes_ex_msgs/share/bboxes_ex_msgs/cmake/bboxes_ex_msgsConfig-version.cmake
[1.117s] -- Up-to-date symlink: /home/vf/Documents/ws_yolov5/install/bboxes_ex_msgs/share/bboxes_ex_msgs/package.xml
[1.117s] -- Up-to-date: /home/vf/Documents/ws_yolov5/install/bboxes_ex_msgs/lib/libbboxes_ex_msgs__rosidl_generator_c.so
[1.118s] -- Up-to-date: /home/vf/Documents/ws_yolov5/install/bboxes_ex_msgs/lib/libbboxes_ex_msgs__rosidl_typesupport_introspection_c.so
[1.118s] -- Up-to-date: /home/vf/Documents/ws_yolov5/install/bboxes_ex_msgs/lib/libbboxes_ex_msgs__rosidl_typesupport_c.so
[1.118s] -- Up-to-date: /home/vf/Documents/ws_yolov5/install/bboxes_ex_msgs/lib/libbboxes_ex_msgs__rosidl_typesupport_introspection_cpp.so
[1.119s] -- Up-to-date: /home/vf/Documents/ws_yolov5/install/bboxes_ex_msgs/lib/libbboxes_ex_msgs__rosidl_typesupport_cpp.so
[1.145s] Compiling '/home/vf/Documents/ws_yolov5/install/bboxes_ex_msgs/lib/python3.8/site-packages/bboxes_ex_msgs/__init__.py'...
[1.149s] -- Up-to-date: /home/vf/Documents/ws_yolov5/install/bboxes_ex_msgs/share/bboxes_ex_msgs/cmake/bboxes_ex_msgs__rosidl_generator_cExport.cmake
[1.149s] -- Installing: /home/vf/Documents/ws_yolov5/install/bboxes_ex_msgs/share/bboxes_ex_msgs/cmake/bboxes_ex_msgs__rosidl_generator_cExport-noconfig.cmake
[1.149s] -- Up-to-date: /home/vf/Documents/ws_yolov5/install/bboxes_ex_msgs/share/bboxes_ex_msgs/cmake/bboxes_ex_msgs__rosidl_typesupport_introspection_cExport.cmake
[1.149s] -- Installing: /home/vf/Documents/ws_yolov5/install/bboxes_ex_msgs/share/bboxes_ex_msgs/cmake/bboxes_ex_msgs__rosidl_typesupport_introspection_cExport-noconfig.cmake
[1.150s] -- Up-to-date: /home/vf/Documents/ws_yolov5/install/bboxes_ex_msgs/share/bboxes_ex_msgs/cmake/bboxes_ex_msgs__rosidl_typesupport_cExport.cmake
[1.150s] -- Installing: /home/vf/Documents/ws_yolov5/install/bboxes_ex_msgs/share/bboxes_ex_msgs/cmake/bboxes_ex_msgs__rosidl_typesupport_cExport-noconfig.cmake
[1.150s] -- Up-to-date: /home/vf/Documents/ws_yolov5/install/bboxes_ex_msgs/share/bboxes_ex_msgs/cmake/bboxes_ex_msgs__rosidl_generator_cppExport.cmake
[1.151s] -- Up-to-date: /home/vf/Documents/ws_yolov5/install/bboxes_ex_msgs/share/bboxes_ex_msgs/cmake/bboxes_ex_msgs__rosidl_typesupport_introspection_cppExport.cmake
[1.151s] -- Installing: /home/vf/Documents/ws_yolov5/install/bboxes_ex_msgs/share/bboxes_ex_msgs/cmake/bboxes_ex_msgs__rosidl_typesupport_introspection_cppExport-noconfig.cmake
[1.151s] -- Up-to-date: /home/vf/Documents/ws_yolov5/install/bboxes_ex_msgs/share/bboxes_ex_msgs/cmake/bboxes_ex_msgs__rosidl_typesupport_cppExport.cmake
[1.151s] -- Installing: /home/vf/Documents/ws_yolov5/install/bboxes_ex_msgs/share/bboxes_ex_msgs/cmake/bboxes_ex_msgs__rosidl_typesupport_cppExport-noconfig.cmake
[1.155s] Invoked command in '/home/vf/Documents/ws_yolov5/build/bboxes_ex_msgs' returned '0': CMAKE_PREFIX_PATH=/opt/ros/foxy /usr/bin/cmake --install /home/vf/Documents/ws_yolov5/build/bboxes_ex_msgs
